-- Install configuration: ""
-- Execute custom install script
-- Symlinking: /home/jeff/theimc_ws/install/theimc_cartographer/share/theimc_cartographer/params/theimc_cartographer.lua
-- Up-to-date symlink: /home/jeff/theimc_ws/install/theimc_cartographer/share/theimc_cartographer/launch/theimc_cartographer.launch.py
-- Up-to-date symlink: /home/jeff/theimc_ws/install/theimc_cartographer/share/theimc_cartographer/rviz/theimc_cartographer.rviz
-- Up-to-date symlink: /home/jeff/theimc_ws/install/theimc_cartographer/share/ament_index/resource_index/package_run_dependencies/theimc_cartographer
-- Up-to-date symlink: /home/jeff/theimc_ws/install/theimc_cartographer/share/ament_index/resource_index/parent_prefix_path/theimc_cartographer
-- Up-to-date symlink: /home/jeff/theimc_ws/install/theimc_cartographer/share/theimc_cartographer/environment/ament_prefix_path.sh
-- Up-to-date symlink: /home/jeff/theimc_ws/install/theimc_cartographer/share/theimc_cartographer/environment/ament_prefix_path.dsv
-- Up-to-date symlink: /home/jeff/theimc_ws/install/theimc_cartographer/share/theimc_cartographer/environment/path.sh
-- Up-to-date symlink: /home/jeff/theimc_ws/install/theimc_cartographer/share/theimc_cartographer/environment/path.dsv
-- Up-to-date symlink: /home/jeff/theimc_ws/install/theimc_cartographer/share/theimc_cartographer/local_setup.bash
-- Up-to-date symlink: /home/jeff/theimc_ws/install/theimc_cartographer/share/theimc_cartographer/local_setup.sh
-- Up-to-date symlink: /home/jeff/theimc_ws/install/theimc_cartographer/share/theimc_cartographer/local_setup.zsh
-- Up-to-date symlink: /home/jeff/theimc_ws/install/theimc_cartographer/share/theimc_cartographer/local_setup.dsv
-- Symlinking: /home/jeff/theimc_ws/install/theimc_cartographer/share/theimc_cartographer/package.dsv
-- Up-to-date symlink: /home/jeff/theimc_ws/install/theimc_cartographer/share/ament_index/resource_index/packages/theimc_cartographer
-- Up-to-date symlink: /home/jeff/theimc_ws/install/theimc_cartographer/share/theimc_cartographer/cmake/theimc_cartographerConfig.cmake
-- Up-to-date symlink: /home/jeff/theimc_ws/install/theimc_cartographer/share/theimc_cartographer/cmake/theimc_cartographerConfig-version.cmake
-- Up-to-date symlink: /home/jeff/theimc_ws/install/theimc_cartographer/share/theimc_cartographer/package.xml
