-- Install configuration: ""
-- Execute custom install script
-- Symlinking: /home/jeff/theimc_ws/install/theimc_bringup/share/theimc_bringup/launch/rviz2.launch.py
-- Up-to-date symlink: /home/jeff/theimc_ws/install/theimc_bringup/share/theimc_bringup/launch/theimc_bringup.launch.py
-- Up-to-date symlink: /home/jeff/theimc_ws/install/theimc_bringup/share/theimc_bringup/launch/theimc_bringup_rviz.launch.py
-- Up-to-date symlink: /home/jeff/theimc_ws/install/theimc_bringup/share/theimc_bringup/params/theimc_ydlidar.yaml
-- Up-to-date symlink: /home/jeff/theimc_ws/install/theimc_bringup/share/ament_index/resource_index/package_run_dependencies/theimc_bringup
-- Up-to-date symlink: /home/jeff/theimc_ws/install/theimc_bringup/share/ament_index/resource_index/parent_prefix_path/theimc_bringup
-- Up-to-date symlink: /home/jeff/theimc_ws/install/theimc_bringup/share/theimc_bringup/environment/ament_prefix_path.sh
-- Up-to-date symlink: /home/jeff/theimc_ws/install/theimc_bringup/share/theimc_bringup/environment/ament_prefix_path.dsv
-- Up-to-date symlink: /home/jeff/theimc_ws/install/theimc_bringup/share/theimc_bringup/environment/path.sh
-- Up-to-date symlink: /home/jeff/theimc_ws/install/theimc_bringup/share/theimc_bringup/environment/path.dsv
-- Up-to-date symlink: /home/jeff/theimc_ws/install/theimc_bringup/share/theimc_bringup/local_setup.bash
-- Up-to-date symlink: /home/jeff/theimc_ws/install/theimc_bringup/share/theimc_bringup/local_setup.sh
-- Up-to-date symlink: /home/jeff/theimc_ws/install/theimc_bringup/share/theimc_bringup/local_setup.zsh
-- Up-to-date symlink: /home/jeff/theimc_ws/install/theimc_bringup/share/theimc_bringup/local_setup.dsv
-- Symlinking: /home/jeff/theimc_ws/install/theimc_bringup/share/theimc_bringup/package.dsv
-- Up-to-date symlink: /home/jeff/theimc_ws/install/theimc_bringup/share/ament_index/resource_index/packages/theimc_bringup
-- Up-to-date symlink: /home/jeff/theimc_ws/install/theimc_bringup/share/theimc_bringup/cmake/theimc_bringupConfig.cmake
-- Up-to-date symlink: /home/jeff/theimc_ws/install/theimc_bringup/share/theimc_bringup/cmake/theimc_bringupConfig-version.cmake
-- Up-to-date symlink: /home/jeff/theimc_ws/install/theimc_bringup/share/theimc_bringup/package.xml
