[0.058s] Invoking command in '/home/jeff/theimc_ws/build/theimc_navigation2': CMAKE_PREFIX_PATH=${CMAKE_PREFIX_PATH}:/home/jeff/theimc_ws/install/theimc_teleop:/opt/ros/humble /usr/bin/cmake --build /home/jeff/theimc_ws/build/theimc_navigation2 -- -j4 -l4
[0.733s] Invoked command in '/home/jeff/theimc_ws/build/theimc_navigation2' returned '0': CMAKE_PREFIX_PATH=${CMAKE_PREFIX_PATH}:/home/jeff/theimc_ws/install/theimc_teleop:/opt/ros/humble /usr/bin/cmake --build /home/jeff/theimc_ws/build/theimc_navigation2 -- -j4 -l4
[0.739s] Invoking command in '/home/jeff/theimc_ws/build/theimc_navigation2': CMAKE_PREFIX_PATH=${CMAKE_PREFIX_PATH}:/home/jeff/theimc_ws/install/theimc_teleop:/opt/ros/humble /usr/bin/cmake --install /home/jeff/theimc_ws/build/theimc_navigation2
[0.761s] -- Install configuration: ""
[0.761s] -- Execute custom install script
[0.762s] -- Up-to-date symlink: /home/jeff/theimc_ws/install/theimc_navigation2/share/theimc_navigation2/launch/theimc_nav2.launch.py
[0.762s] -- Up-to-date symlink: /home/jeff/theimc_ws/install/theimc_navigation2/share/theimc_navigation2/maps/map1.pgm
[0.769s] -- Up-to-date symlink: /home/jeff/theimc_ws/install/theimc_navigation2/share/theimc_navigation2/maps/map1.yaml
[0.770s] -- Up-to-date symlink: /home/jeff/theimc_ws/install/theimc_navigation2/share/theimc_navigation2/maps/map_office_230405.pgm
[0.770s] -- Up-to-date symlink: /home/jeff/theimc_ws/install/theimc_navigation2/share/theimc_navigation2/maps/map_office_230405.yaml
[0.773s] -- Up-to-date symlink: /home/jeff/theimc_ws/install/theimc_navigation2/share/theimc_navigation2/maps/map_office_230802.pgm
[0.774s] -- Up-to-date symlink: /home/jeff/theimc_ws/install/theimc_navigation2/share/theimc_navigation2/maps/map_office_230802.yaml
[0.774s] -- Up-to-date symlink: /home/jeff/theimc_ws/install/theimc_navigation2/share/theimc_navigation2/maps/map_office_230920.pgm
[0.778s] -- Up-to-date symlink: /home/jeff/theimc_ws/install/theimc_navigation2/share/theimc_navigation2/maps/map_office_230920.yaml
[0.778s] -- Up-to-date symlink: /home/jeff/theimc_ws/install/theimc_navigation2/share/theimc_navigation2/params/theimc_nav2_params.yaml
[0.782s] -- Up-to-date symlink: /home/jeff/theimc_ws/install/theimc_navigation2/share/theimc_navigation2/rviz/nav2_default_view.rviz
[0.785s] -- Up-to-date symlink: /home/jeff/theimc_ws/install/theimc_navigation2/share/ament_index/resource_index/package_run_dependencies/theimc_navigation2
[0.785s] -- Up-to-date symlink: /home/jeff/theimc_ws/install/theimc_navigation2/share/ament_index/resource_index/parent_prefix_path/theimc_navigation2
[0.786s] -- Up-to-date symlink: /home/jeff/theimc_ws/install/theimc_navigation2/share/theimc_navigation2/environment/ament_prefix_path.sh
[0.791s] -- Up-to-date symlink: /home/jeff/theimc_ws/install/theimc_navigation2/share/theimc_navigation2/environment/ament_prefix_path.dsv
[0.791s] -- Up-to-date symlink: /home/jeff/theimc_ws/install/theimc_navigation2/share/theimc_navigation2/environment/path.sh
[0.792s] -- Up-to-date symlink: /home/jeff/theimc_ws/install/theimc_navigation2/share/theimc_navigation2/environment/path.dsv
[0.792s] -- Up-to-date symlink: /home/jeff/theimc_ws/install/theimc_navigation2/share/theimc_navigation2/local_setup.bash
[0.792s] -- Up-to-date symlink: /home/jeff/theimc_ws/install/theimc_navigation2/share/theimc_navigation2/local_setup.sh
[0.793s] -- Up-to-date symlink: /home/jeff/theimc_ws/install/theimc_navigation2/share/theimc_navigation2/local_setup.zsh
[0.793s] -- Up-to-date symlink: /home/jeff/theimc_ws/install/theimc_navigation2/share/theimc_navigation2/local_setup.dsv
[0.794s] -- Symlinking: /home/jeff/theimc_ws/install/theimc_navigation2/share/theimc_navigation2/package.dsv
[0.814s] -- Up-to-date symlink: /home/jeff/theimc_ws/install/theimc_navigation2/share/ament_index/resource_index/packages/theimc_navigation2
[0.818s] -- Up-to-date symlink: /home/jeff/theimc_ws/install/theimc_navigation2/share/theimc_navigation2/cmake/theimc_navigation2Config.cmake
[0.819s] -- Up-to-date symlink: /home/jeff/theimc_ws/install/theimc_navigation2/share/theimc_navigation2/cmake/theimc_navigation2Config-version.cmake
[0.819s] -- Up-to-date symlink: /home/jeff/theimc_ws/install/theimc_navigation2/share/theimc_navigation2/package.xml
[0.828s] Invoked command in '/home/jeff/theimc_ws/build/theimc_navigation2' returned '0': CMAKE_PREFIX_PATH=${CMAKE_PREFIX_PATH}:/home/jeff/theimc_ws/install/theimc_teleop:/opt/ros/humble /usr/bin/cmake --install /home/jeff/theimc_ws/build/theimc_navigation2
