[0.533s] Invoking command in '/home/jeff/theimc_ws/build/theimc_cartographer': CMAKE_PREFIX_PATH=${CMAKE_PREFIX_PATH}:/home/jeff/theimc_ws/install/theimc_teleop:/opt/ros/humble /usr/bin/cmake --build /home/jeff/theimc_ws/build/theimc_cartographer -- -j4 -l4
[0.690s] Invoked command in '/home/jeff/theimc_ws/build/theimc_cartographer' returned '0': CMAKE_PREFIX_PATH=${CMAKE_PREFIX_PATH}:/home/jeff/theimc_ws/install/theimc_teleop:/opt/ros/humble /usr/bin/cmake --build /home/jeff/theimc_ws/build/theimc_cartographer -- -j4 -l4
[0.691s] Invoking command in '/home/jeff/theimc_ws/build/theimc_cartographer': CMAKE_PREFIX_PATH=${CMAKE_PREFIX_PATH}:/home/jeff/theimc_ws/install/theimc_teleop:/opt/ros/humble /usr/bin/cmake --install /home/jeff/theimc_ws/build/theimc_cartographer
[0.730s] -- Install configuration: ""
[0.731s] -- Execute custom install script
[0.735s] -- Up-to-date symlink: /home/jeff/theimc_ws/install/theimc_cartographer/share/theimc_cartographer/params/theimc_cartographer.lua
[0.735s] -- Up-to-date symlink: /home/jeff/theimc_ws/install/theimc_cartographer/share/theimc_cartographer/launch/theimc_cartographer.launch.py
[0.736s] -- Up-to-date symlink: /home/jeff/theimc_ws/install/theimc_cartographer/share/theimc_cartographer/rviz/theimc_cartographer.rviz
[0.737s] -- Up-to-date symlink: /home/jeff/theimc_ws/install/theimc_cartographer/share/ament_index/resource_index/package_run_dependencies/theimc_cartographer
[0.737s] -- Up-to-date symlink: /home/jeff/theimc_ws/install/theimc_cartographer/share/ament_index/resource_index/parent_prefix_path/theimc_cartographer
[0.738s] -- Up-to-date symlink: /home/jeff/theimc_ws/install/theimc_cartographer/share/theimc_cartographer/environment/ament_prefix_path.sh
[0.738s] -- Up-to-date symlink: /home/jeff/theimc_ws/install/theimc_cartographer/share/theimc_cartographer/environment/ament_prefix_path.dsv
[0.739s] -- Up-to-date symlink: /home/jeff/theimc_ws/install/theimc_cartographer/share/theimc_cartographer/environment/path.sh
[0.739s] -- Up-to-date symlink: /home/jeff/theimc_ws/install/theimc_cartographer/share/theimc_cartographer/environment/path.dsv
[0.740s] -- Up-to-date symlink: /home/jeff/theimc_ws/install/theimc_cartographer/share/theimc_cartographer/local_setup.bash
[0.740s] -- Up-to-date symlink: /home/jeff/theimc_ws/install/theimc_cartographer/share/theimc_cartographer/local_setup.sh
[0.740s] -- Up-to-date symlink: /home/jeff/theimc_ws/install/theimc_cartographer/share/theimc_cartographer/local_setup.zsh
[0.741s] -- Up-to-date symlink: /home/jeff/theimc_ws/install/theimc_cartographer/share/theimc_cartographer/local_setup.dsv
[0.742s] -- Symlinking: /home/jeff/theimc_ws/install/theimc_cartographer/share/theimc_cartographer/package.dsv
[0.759s] -- Up-to-date symlink: /home/jeff/theimc_ws/install/theimc_cartographer/share/ament_index/resource_index/packages/theimc_cartographer
[0.759s] -- Up-to-date symlink: /home/jeff/theimc_ws/install/theimc_cartographer/share/theimc_cartographer/cmake/theimc_cartographerConfig.cmake
[0.762s] -- Up-to-date symlink: /home/jeff/theimc_ws/install/theimc_cartographer/share/theimc_cartographer/cmake/theimc_cartographerConfig-version.cmake
[0.763s] -- Up-to-date symlink: /home/jeff/theimc_ws/install/theimc_cartographer/share/theimc_cartographer/package.xml
[0.792s] Invoked command in '/home/jeff/theimc_ws/build/theimc_cartographer' returned '0': CMAKE_PREFIX_PATH=${CMAKE_PREFIX_PATH}:/home/jeff/theimc_ws/install/theimc_teleop:/opt/ros/humble /usr/bin/cmake --install /home/jeff/theimc_ws/build/theimc_cartographer
