[0.014s] Invoking command in '/home/jeff/theimc_ws/build/theimc_bringup': CMAKE_PREFIX_PATH=/home/jeff/theimc_ws/install/theimc_description:/home/jeff/theimc_ws/install/theimc_bringup:/opt/ros/humble /usr/bin/cmake /home/jeff/theimc_ws/src/theimc/theimc_bringup -DAMENT_CMAKE_SYMLINK_INSTALL=1 -DCMAKE_INSTALL_PREFIX=/home/jeff/theimc_ws/install/theimc_bringup
[0.094s] -- The C compiler identification is GNU 11.4.0
[0.193s] -- The CXX compiler identification is GNU 11.4.0
[0.205s] -- Detecting C compiler ABI info
[0.317s] -- Detecting C compiler ABI info - done
[0.328s] -- Check for working C compiler: /usr/bin/cc - skipped
[0.328s] -- Detecting C compile features
[0.328s] -- Detecting C compile features - done
[0.333s] -- Detecting CXX compiler ABI info
[0.439s] -- Detecting CXX compiler ABI info - done
[0.449s] -- Check for working CXX compiler: /usr/bin/c++ - skipped
[0.450s] -- Detecting CXX compile features
[0.451s] -- Detecting CXX compile features - done
[0.455s] -- Found ament_cmake: 1.3.11 (/opt/ros/humble/share/ament_cmake/cmake)
[0.666s] -- Found Python3: /usr/bin/python3 (found version "3.10.12") found components: Interpreter 
[0.755s] -- Override CMake install command with custom implementation using symlinks instead of copying resources
[0.906s] -- Configuring done
[0.909s] -- Generating done
[0.911s] -- Build files have been written to: /home/jeff/theimc_ws/build/theimc_bringup
[0.919s] Invoked command in '/home/jeff/theimc_ws/build/theimc_bringup' returned '0': CMAKE_PREFIX_PATH=/home/jeff/theimc_ws/install/theimc_description:/home/jeff/theimc_ws/install/theimc_bringup:/opt/ros/humble /usr/bin/cmake /home/jeff/theimc_ws/src/theimc/theimc_bringup -DAMENT_CMAKE_SYMLINK_INSTALL=1 -DCMAKE_INSTALL_PREFIX=/home/jeff/theimc_ws/install/theimc_bringup
[0.922s] Invoking command in '/home/jeff/theimc_ws/build/theimc_bringup': CMAKE_PREFIX_PATH=/home/jeff/theimc_ws/install/theimc_description:/home/jeff/theimc_ws/install/theimc_bringup:/opt/ros/humble /usr/bin/cmake --build /home/jeff/theimc_ws/build/theimc_bringup -- -j4 -l4
[0.970s] Invoked command in '/home/jeff/theimc_ws/build/theimc_bringup' returned '0': CMAKE_PREFIX_PATH=/home/jeff/theimc_ws/install/theimc_description:/home/jeff/theimc_ws/install/theimc_bringup:/opt/ros/humble /usr/bin/cmake --build /home/jeff/theimc_ws/build/theimc_bringup -- -j4 -l4
[0.973s] Invoking command in '/home/jeff/theimc_ws/build/theimc_bringup': CMAKE_PREFIX_PATH=/home/jeff/theimc_ws/install/theimc_description:/home/jeff/theimc_ws/install/theimc_bringup:/opt/ros/humble /usr/bin/cmake --install /home/jeff/theimc_ws/build/theimc_bringup
[0.982s] -- Install configuration: ""
[0.983s] -- Execute custom install script
[0.983s] -- Symlinking: /home/jeff/theimc_ws/install/theimc_bringup/share/theimc_bringup/launch/theimc_bringup.launch.py
[0.994s] -- Symlinking: /home/jeff/theimc_ws/install/theimc_bringup/share/theimc_bringup/launch/theimc_bringup_rviz.launch.py
[1.005s] -- Symlinking: /home/jeff/theimc_ws/install/theimc_bringup/share/theimc_bringup/params/theimc_ydlidar.yaml
[1.017s] -- Symlinking: /home/jeff/theimc_ws/install/theimc_bringup/share/ament_index/resource_index/package_run_dependencies/theimc_bringup
[1.028s] -- Symlinking: /home/jeff/theimc_ws/install/theimc_bringup/share/ament_index/resource_index/parent_prefix_path/theimc_bringup
[1.039s] -- Symlinking: /home/jeff/theimc_ws/install/theimc_bringup/share/theimc_bringup/environment/ament_prefix_path.sh
[1.050s] -- Symlinking: /home/jeff/theimc_ws/install/theimc_bringup/share/theimc_bringup/environment/ament_prefix_path.dsv
[1.061s] -- Symlinking: /home/jeff/theimc_ws/install/theimc_bringup/share/theimc_bringup/environment/path.sh
[1.072s] -- Symlinking: /home/jeff/theimc_ws/install/theimc_bringup/share/theimc_bringup/environment/path.dsv
[1.082s] -- Symlinking: /home/jeff/theimc_ws/install/theimc_bringup/share/theimc_bringup/local_setup.bash
[1.094s] -- Symlinking: /home/jeff/theimc_ws/install/theimc_bringup/share/theimc_bringup/local_setup.sh
[1.104s] -- Symlinking: /home/jeff/theimc_ws/install/theimc_bringup/share/theimc_bringup/local_setup.zsh
[1.116s] -- Symlinking: /home/jeff/theimc_ws/install/theimc_bringup/share/theimc_bringup/local_setup.dsv
[1.129s] -- Symlinking: /home/jeff/theimc_ws/install/theimc_bringup/share/theimc_bringup/package.dsv
[1.142s] -- Symlinking: /home/jeff/theimc_ws/install/theimc_bringup/share/ament_index/resource_index/packages/theimc_bringup
[1.153s] -- Symlinking: /home/jeff/theimc_ws/install/theimc_bringup/share/theimc_bringup/cmake/theimc_bringupConfig.cmake
[1.166s] -- Symlinking: /home/jeff/theimc_ws/install/theimc_bringup/share/theimc_bringup/cmake/theimc_bringupConfig-version.cmake
[1.179s] -- Symlinking: /home/jeff/theimc_ws/install/theimc_bringup/share/theimc_bringup/package.xml
[1.194s] Invoked command in '/home/jeff/theimc_ws/build/theimc_bringup' returned '0': CMAKE_PREFIX_PATH=/home/jeff/theimc_ws/install/theimc_description:/home/jeff/theimc_ws/install/theimc_bringup:/opt/ros/humble /usr/bin/cmake --install /home/jeff/theimc_ws/build/theimc_bringup
