[0.072s] Invoking command in '/home/jeff/theimc_ws/build/theimc_navigation2': CMAKE_PREFIX_PATH=${CMAKE_PREFIX_PATH}:/home/jeff/theimc_ws/install/theimc_teleop:/opt/ros/humble /usr/bin/cmake --build /home/jeff/theimc_ws/build/theimc_navigation2 -- -j4 -l4
[0.577s] Invoked command in '/home/jeff/theimc_ws/build/theimc_navigation2' returned '0': CMAKE_PREFIX_PATH=${CMAKE_PREFIX_PATH}:/home/jeff/theimc_ws/install/theimc_teleop:/opt/ros/humble /usr/bin/cmake --build /home/jeff/theimc_ws/build/theimc_navigation2 -- -j4 -l4
[0.578s] Invoking command in '/home/jeff/theimc_ws/build/theimc_navigation2': CMAKE_PREFIX_PATH=${CMAKE_PREFIX_PATH}:/home/jeff/theimc_ws/install/theimc_teleop:/opt/ros/humble /usr/bin/cmake --install /home/jeff/theimc_ws/build/theimc_navigation2
[0.592s] -- Install configuration: ""
[0.593s] -- Execute custom install script
[0.594s] -- Up-to-date symlink: /home/jeff/theimc_ws/install/theimc_navigation2/share/theimc_navigation2/launch/theimc_nav2.launch.py
[0.594s] -- Up-to-date symlink: /home/jeff/theimc_ws/install/theimc_navigation2/share/theimc_navigation2/maps/map1.pgm
[0.595s] -- Up-to-date symlink: /home/jeff/theimc_ws/install/theimc_navigation2/share/theimc_navigation2/maps/map1.yaml
[0.595s] -- Up-to-date symlink: /home/jeff/theimc_ws/install/theimc_navigation2/share/theimc_navigation2/maps/map_office_230405.pgm
[0.595s] -- Up-to-date symlink: /home/jeff/theimc_ws/install/theimc_navigation2/share/theimc_navigation2/maps/map_office_230405.yaml
[0.596s] -- Up-to-date symlink: /home/jeff/theimc_ws/install/theimc_navigation2/share/theimc_navigation2/maps/map_office_230802.pgm
[0.596s] -- Up-to-date symlink: /home/jeff/theimc_ws/install/theimc_navigation2/share/theimc_navigation2/maps/map_office_230802.yaml
[0.596s] -- Up-to-date symlink: /home/jeff/theimc_ws/install/theimc_navigation2/share/theimc_navigation2/maps/map_office_230920.pgm
[0.597s] -- Up-to-date symlink: /home/jeff/theimc_ws/install/theimc_navigation2/share/theimc_navigation2/maps/map_office_230920.yaml
[0.598s] -- Up-to-date symlink: /home/jeff/theimc_ws/install/theimc_navigation2/share/theimc_navigation2/params/theimc_nav2_params.yaml
[0.598s] -- Up-to-date symlink: /home/jeff/theimc_ws/install/theimc_navigation2/share/theimc_navigation2/rviz/nav2_default_view.rviz
[0.598s] -- Up-to-date symlink: /home/jeff/theimc_ws/install/theimc_navigation2/share/ament_index/resource_index/package_run_dependencies/theimc_navigation2
[0.598s] -- Up-to-date symlink: /home/jeff/theimc_ws/install/theimc_navigation2/share/ament_index/resource_index/parent_prefix_path/theimc_navigation2
[0.599s] -- Up-to-date symlink: /home/jeff/theimc_ws/install/theimc_navigation2/share/theimc_navigation2/environment/ament_prefix_path.sh
[0.599s] -- Up-to-date symlink: /home/jeff/theimc_ws/install/theimc_navigation2/share/theimc_navigation2/environment/ament_prefix_path.dsv
[0.600s] -- Up-to-date symlink: /home/jeff/theimc_ws/install/theimc_navigation2/share/theimc_navigation2/environment/path.sh
[0.600s] -- Up-to-date symlink: /home/jeff/theimc_ws/install/theimc_navigation2/share/theimc_navigation2/environment/path.dsv
[0.600s] -- Up-to-date symlink: /home/jeff/theimc_ws/install/theimc_navigation2/share/theimc_navigation2/local_setup.bash
[0.601s] -- Up-to-date symlink: /home/jeff/theimc_ws/install/theimc_navigation2/share/theimc_navigation2/local_setup.sh
[0.601s] -- Up-to-date symlink: /home/jeff/theimc_ws/install/theimc_navigation2/share/theimc_navigation2/local_setup.zsh
[0.601s] -- Up-to-date symlink: /home/jeff/theimc_ws/install/theimc_navigation2/share/theimc_navigation2/local_setup.dsv
[0.602s] -- Symlinking: /home/jeff/theimc_ws/install/theimc_navigation2/share/theimc_navigation2/package.dsv
[0.622s] -- Up-to-date symlink: /home/jeff/theimc_ws/install/theimc_navigation2/share/ament_index/resource_index/packages/theimc_navigation2
[0.623s] -- Up-to-date symlink: /home/jeff/theimc_ws/install/theimc_navigation2/share/theimc_navigation2/cmake/theimc_navigation2Config.cmake
[0.623s] -- Up-to-date symlink: /home/jeff/theimc_ws/install/theimc_navigation2/share/theimc_navigation2/cmake/theimc_navigation2Config-version.cmake
[0.624s] -- Up-to-date symlink: /home/jeff/theimc_ws/install/theimc_navigation2/share/theimc_navigation2/package.xml
[0.625s] Invoked command in '/home/jeff/theimc_ws/build/theimc_navigation2' returned '0': CMAKE_PREFIX_PATH=${CMAKE_PREFIX_PATH}:/home/jeff/theimc_ws/install/theimc_teleop:/opt/ros/humble /usr/bin/cmake --install /home/jeff/theimc_ws/build/theimc_navigation2
