[1.655s] DEBUG:colcon:Command line arguments: ['/usr/bin/colcon', 'build', '--symlink-install']
[1.656s] DEBUG:colcon:Parsed command line arguments: Namespace(log_base=None, log_level=None, verb_name='build', build_base='build', install_base='install', merge_install=False, symlink_install=True, test_result_base=None, continue_on_error=False, executor='parallel', parallel_workers=4, event_handlers=None, ignore_user_meta=False, metas=['./colcon.meta'], base_paths=['.'], packages_ignore=None, packages_ignore_regex=None, paths=None, packages_up_to=None, packages_up_to_regex=None, packages_above=None, packages_above_and_dependencies=None, packages_above_depth=None, packages_select_by_dep=None, packages_skip_by_dep=None, packages_skip_up_to=None, packages_select_build_failed=False, packages_skip_build_finished=False, packages_select_test_failures=False, packages_skip_test_passed=False, packages_select=None, packages_skip=None, packages_select_regex=None, packages_skip_regex=None, packages_start=None, packages_end=None, allow_overriding=[], cmake_args=None, cmake_target=None, cmake_target_skip_unavailable=False, cmake_clean_cache=False, cmake_clean_first=False, cmake_force_configure=False, ament_cmake_args=None, catkin_cmake_args=None, catkin_skip_building_tests=False, verb_parser=<colcon_defaults.argument_parser.defaults.DefaultArgumentsDecorator object at 0x7793ee3d50c0>, verb_extension=<colcon_core.verb.build.BuildVerb object at 0x7793ee3d4be0>, main=<bound method BuildVerb.main of <colcon_core.verb.build.BuildVerb object at 0x7793ee3d4be0>>)
[2.497s] Level 1:colcon.colcon_core.package_discovery:discover_packages(colcon_meta) check parameters
[2.497s] Level 1:colcon.colcon_core.package_discovery:discover_packages(recursive) check parameters
[2.498s] Level 1:colcon.colcon_core.package_discovery:discover_packages(ignore) check parameters
[2.498s] Level 1:colcon.colcon_core.package_discovery:discover_packages(path) check parameters
[2.498s] Level 1:colcon.colcon_core.package_discovery:discover_packages(colcon_meta) discover
[2.498s] Level 1:colcon.colcon_core.package_discovery:discover_packages(recursive) discover
[2.498s] INFO:colcon.colcon_core.package_discovery:Crawling recursively for packages in '/home/jeff/theimc_ws'
[2.499s] Level 1:colcon.colcon_core.package_identification:_identify(.) by extensions ['ignore', 'ignore_ament_install']
[2.499s] Level 1:colcon.colcon_core.package_identification:_identify(.) by extension 'ignore'
[2.499s] Level 1:colcon.colcon_core.package_identification:_identify(.) by extension 'ignore_ament_install'
[2.500s] Level 1:colcon.colcon_core.package_identification:_identify(.) by extensions ['colcon_pkg']
[2.500s] Level 1:colcon.colcon_core.package_identification:_identify(.) by extension 'colcon_pkg'
[2.500s] Level 1:colcon.colcon_core.package_identification:_identify(.) by extensions ['colcon_meta']
[2.500s] Level 1:colcon.colcon_core.package_identification:_identify(.) by extension 'colcon_meta'
[2.500s] Level 1:colcon.colcon_core.package_identification:_identify(.) by extensions ['ros']
[2.500s] Level 1:colcon.colcon_core.package_identification:_identify(.) by extension 'ros'
[2.581s] Level 1:colcon.colcon_core.package_identification:_identify(.) by extensions ['cmake', 'python']
[2.581s] Level 1:colcon.colcon_core.package_identification:_identify(.) by extension 'cmake'
[2.581s] Level 1:colcon.colcon_core.package_identification:_identify(.) by extension 'python'
[2.581s] Level 1:colcon.colcon_core.package_identification:_identify(.) by extensions ['python_setup_py']
[2.582s] Level 1:colcon.colcon_core.package_identification:_identify(.) by extension 'python_setup_py'
[2.584s] Level 1:colcon.colcon_core.package_identification:_identify(build) by extensions ['ignore', 'ignore_ament_install']
[2.584s] Level 1:colcon.colcon_core.package_identification:_identify(build) by extension 'ignore'
[2.585s] Level 1:colcon.colcon_core.package_identification:_identify(build) ignored
[2.588s] Level 1:colcon.colcon_core.package_identification:_identify(install) by extensions ['ignore', 'ignore_ament_install']
[2.588s] Level 1:colcon.colcon_core.package_identification:_identify(install) by extension 'ignore'
[2.588s] Level 1:colcon.colcon_core.package_identification:_identify(install) ignored
[2.589s] Level 1:colcon.colcon_core.package_identification:_identify(log) by extensions ['ignore', 'ignore_ament_install']
[2.589s] Level 1:colcon.colcon_core.package_identification:_identify(log) by extension 'ignore'
[2.589s] Level 1:colcon.colcon_core.package_identification:_identify(log) ignored
[2.589s] Level 1:colcon.colcon_core.package_identification:_identify(src) by extensions ['ignore', 'ignore_ament_install']
[2.590s] Level 1:colcon.colcon_core.package_identification:_identify(src) by extension 'ignore'
[2.590s] Level 1:colcon.colcon_core.package_identification:_identify(src) by extension 'ignore_ament_install'
[2.590s] Level 1:colcon.colcon_core.package_identification:_identify(src) by extensions ['colcon_pkg']
[2.590s] Level 1:colcon.colcon_core.package_identification:_identify(src) by extension 'colcon_pkg'
[2.590s] Level 1:colcon.colcon_core.package_identification:_identify(src) by extensions ['colcon_meta']
[2.590s] Level 1:colcon.colcon_core.package_identification:_identify(src) by extension 'colcon_meta'
[2.591s] Level 1:colcon.colcon_core.package_identification:_identify(src) by extensions ['ros']
[2.591s] Level 1:colcon.colcon_core.package_identification:_identify(src) by extension 'ros'
[2.591s] Level 1:colcon.colcon_core.package_identification:_identify(src) by extensions ['cmake', 'python']
[2.591s] Level 1:colcon.colcon_core.package_identification:_identify(src) by extension 'cmake'
[2.591s] Level 1:colcon.colcon_core.package_identification:_identify(src) by extension 'python'
[2.591s] Level 1:colcon.colcon_core.package_identification:_identify(src) by extensions ['python_setup_py']
[2.592s] Level 1:colcon.colcon_core.package_identification:_identify(src) by extension 'python_setup_py'
[2.594s] Level 1:colcon.colcon_core.package_identification:_identify(src/theimc) by extensions ['ignore', 'ignore_ament_install']
[2.594s] Level 1:colcon.colcon_core.package_identification:_identify(src/theimc) by extension 'ignore'
[2.595s] Level 1:colcon.colcon_core.package_identification:_identify(src/theimc) by extension 'ignore_ament_install'
[2.595s] Level 1:colcon.colcon_core.package_identification:_identify(src/theimc) by extensions ['colcon_pkg']
[2.595s] Level 1:colcon.colcon_core.package_identification:_identify(src/theimc) by extension 'colcon_pkg'
[2.595s] Level 1:colcon.colcon_core.package_identification:_identify(src/theimc) by extensions ['colcon_meta']
[2.595s] Level 1:colcon.colcon_core.package_identification:_identify(src/theimc) by extension 'colcon_meta'
[2.595s] Level 1:colcon.colcon_core.package_identification:_identify(src/theimc) by extensions ['ros']
[2.596s] Level 1:colcon.colcon_core.package_identification:_identify(src/theimc) by extension 'ros'
[2.596s] Level 1:colcon.colcon_core.package_identification:_identify(src/theimc) by extensions ['cmake', 'python']
[2.596s] Level 1:colcon.colcon_core.package_identification:_identify(src/theimc) by extension 'cmake'
[2.596s] Level 1:colcon.colcon_core.package_identification:_identify(src/theimc) by extension 'python'
[2.596s] Level 1:colcon.colcon_core.package_identification:_identify(src/theimc) by extensions ['python_setup_py']
[2.596s] Level 1:colcon.colcon_core.package_identification:_identify(src/theimc) by extension 'python_setup_py'
[2.597s] Level 1:colcon.colcon_core.package_identification:_identify(src/theimc/theimc_bringup) by extensions ['ignore', 'ignore_ament_install']
[2.597s] Level 1:colcon.colcon_core.package_identification:_identify(src/theimc/theimc_bringup) by extension 'ignore'
[2.597s] Level 1:colcon.colcon_core.package_identification:_identify(src/theimc/theimc_bringup) by extension 'ignore_ament_install'
[2.598s] Level 1:colcon.colcon_core.package_identification:_identify(src/theimc/theimc_bringup) by extensions ['colcon_pkg']
[2.598s] Level 1:colcon.colcon_core.package_identification:_identify(src/theimc/theimc_bringup) by extension 'colcon_pkg'
[2.598s] Level 1:colcon.colcon_core.package_identification:_identify(src/theimc/theimc_bringup) by extensions ['colcon_meta']
[2.598s] Level 1:colcon.colcon_core.package_identification:_identify(src/theimc/theimc_bringup) by extension 'colcon_meta'
[2.598s] Level 1:colcon.colcon_core.package_identification:_identify(src/theimc/theimc_bringup) by extensions ['ros']
[2.598s] Level 1:colcon.colcon_core.package_identification:_identify(src/theimc/theimc_bringup) by extension 'ros'
[2.616s] DEBUG:colcon.colcon_core.package_identification:Package 'src/theimc/theimc_bringup' with type 'ros.ament_python' and name 'theimc_bringup'
[2.618s] Level 1:colcon.colcon_core.package_identification:_identify(src/theimc/theimc_description) by extensions ['ignore', 'ignore_ament_install']
[2.619s] Level 1:colcon.colcon_core.package_identification:_identify(src/theimc/theimc_description) by extension 'ignore'
[2.619s] Level 1:colcon.colcon_core.package_identification:_identify(src/theimc/theimc_description) by extension 'ignore_ament_install'
[2.619s] Level 1:colcon.colcon_core.package_identification:_identify(src/theimc/theimc_description) by extensions ['colcon_pkg']
[2.619s] Level 1:colcon.colcon_core.package_identification:_identify(src/theimc/theimc_description) by extension 'colcon_pkg'
[2.620s] Level 1:colcon.colcon_core.package_identification:_identify(src/theimc/theimc_description) by extensions ['colcon_meta']
[2.620s] Level 1:colcon.colcon_core.package_identification:_identify(src/theimc/theimc_description) by extension 'colcon_meta'
[2.620s] Level 1:colcon.colcon_core.package_identification:_identify(src/theimc/theimc_description) by extensions ['ros']
[2.620s] Level 1:colcon.colcon_core.package_identification:_identify(src/theimc/theimc_description) by extension 'ros'
[2.625s] DEBUG:colcon.colcon_core.package_identification:Package 'src/theimc/theimc_description' with type 'ros.ament_cmake' and name 'theimc_description'
[2.626s] Level 1:colcon.colcon_core.package_identification:_identify(src/theimc/theimc_teleop) by extensions ['ignore', 'ignore_ament_install']
[2.626s] Level 1:colcon.colcon_core.package_identification:_identify(src/theimc/theimc_teleop) by extension 'ignore'
[2.627s] Level 1:colcon.colcon_core.package_identification:_identify(src/theimc/theimc_teleop) by extension 'ignore_ament_install'
[2.627s] Level 1:colcon.colcon_core.package_identification:_identify(src/theimc/theimc_teleop) by extensions ['colcon_pkg']
[2.627s] Level 1:colcon.colcon_core.package_identification:_identify(src/theimc/theimc_teleop) by extension 'colcon_pkg'
[2.627s] Level 1:colcon.colcon_core.package_identification:_identify(src/theimc/theimc_teleop) by extensions ['colcon_meta']
[2.628s] Level 1:colcon.colcon_core.package_identification:_identify(src/theimc/theimc_teleop) by extension 'colcon_meta'
[2.628s] Level 1:colcon.colcon_core.package_identification:_identify(src/theimc/theimc_teleop) by extensions ['ros']
[2.628s] Level 1:colcon.colcon_core.package_identification:_identify(src/theimc/theimc_teleop) by extension 'ros'
[2.633s] DEBUG:colcon.colcon_core.package_identification:Package 'src/theimc/theimc_teleop' with type 'ros.ament_python' and name 'theimc_teleop'
[2.633s] Level 1:colcon.colcon_core.package_discovery:discover_packages(recursive) using defaults
[2.633s] Level 1:colcon.colcon_core.package_discovery:discover_packages(ignore) discover
[2.633s] Level 1:colcon.colcon_core.package_discovery:discover_packages(ignore) using defaults
[2.633s] Level 1:colcon.colcon_core.package_discovery:discover_packages(path) discover
[2.633s] Level 1:colcon.colcon_core.package_discovery:discover_packages(path) using defaults
[2.842s] Level 1:colcon.colcon_core.package_discovery:discover_packages(prefix_path) check parameters
[2.843s] Level 1:colcon.colcon_core.package_discovery:discover_packages(prefix_path) discover
[2.884s] DEBUG:colcon.colcon_installed_package_information.package_discovery:Found 3 installed packages in /home/jeff/theimc_ws/install
[2.892s] DEBUG:colcon.colcon_installed_package_information.package_discovery:Found 454 installed packages in /opt/ros/humble
[2.896s] Level 1:colcon.colcon_core.package_discovery:discover_packages(prefix_path) using defaults
[4.039s] Level 5:colcon.colcon_core.verb:set package 'theimc_bringup' build argument 'cmake_args' from command line to 'None'
[4.040s] Level 5:colcon.colcon_core.verb:set package 'theimc_bringup' build argument 'cmake_target' from command line to 'None'
[4.040s] Level 5:colcon.colcon_core.verb:set package 'theimc_bringup' build argument 'cmake_target_skip_unavailable' from command line to 'False'
[4.040s] Level 5:colcon.colcon_core.verb:set package 'theimc_bringup' build argument 'cmake_clean_cache' from command line to 'False'
[4.040s] Level 5:colcon.colcon_core.verb:set package 'theimc_bringup' build argument 'cmake_clean_first' from command line to 'False'
[4.040s] Level 5:colcon.colcon_core.verb:set package 'theimc_bringup' build argument 'cmake_force_configure' from command line to 'False'
[4.040s] Level 5:colcon.colcon_core.verb:set package 'theimc_bringup' build argument 'ament_cmake_args' from command line to 'None'
[4.040s] Level 5:colcon.colcon_core.verb:set package 'theimc_bringup' build argument 'catkin_cmake_args' from command line to 'None'
[4.040s] Level 5:colcon.colcon_core.verb:set package 'theimc_bringup' build argument 'catkin_skip_building_tests' from command line to 'False'
[4.040s] DEBUG:colcon.colcon_core.verb:Building package 'theimc_bringup' with the following arguments: {'ament_cmake_args': None, 'build_base': '/home/jeff/theimc_ws/build/theimc_bringup', 'catkin_cmake_args': None, 'catkin_skip_building_tests': False, 'cmake_args': None, 'cmake_clean_cache': False, 'cmake_clean_first': False, 'cmake_force_configure': False, 'cmake_target': None, 'cmake_target_skip_unavailable': False, 'install_base': '/home/jeff/theimc_ws/install/theimc_bringup', 'merge_install': False, 'path': '/home/jeff/theimc_ws/src/theimc/theimc_bringup', 'symlink_install': True, 'test_result_base': None}
[4.041s] Level 5:colcon.colcon_core.verb:set package 'theimc_description' build argument 'cmake_args' from command line to 'None'
[4.041s] Level 5:colcon.colcon_core.verb:set package 'theimc_description' build argument 'cmake_target' from command line to 'None'
[4.041s] Level 5:colcon.colcon_core.verb:set package 'theimc_description' build argument 'cmake_target_skip_unavailable' from command line to 'False'
[4.041s] Level 5:colcon.colcon_core.verb:set package 'theimc_description' build argument 'cmake_clean_cache' from command line to 'False'
[4.041s] Level 5:colcon.colcon_core.verb:set package 'theimc_description' build argument 'cmake_clean_first' from command line to 'False'
[4.041s] Level 5:colcon.colcon_core.verb:set package 'theimc_description' build argument 'cmake_force_configure' from command line to 'False'
[4.041s] Level 5:colcon.colcon_core.verb:set package 'theimc_description' build argument 'ament_cmake_args' from command line to 'None'
[4.041s] Level 5:colcon.colcon_core.verb:set package 'theimc_description' build argument 'catkin_cmake_args' from command line to 'None'
[4.041s] Level 5:colcon.colcon_core.verb:set package 'theimc_description' build argument 'catkin_skip_building_tests' from command line to 'False'
[4.041s] DEBUG:colcon.colcon_core.verb:Building package 'theimc_description' with the following arguments: {'ament_cmake_args': None, 'build_base': '/home/jeff/theimc_ws/build/theimc_description', 'catkin_cmake_args': None, 'catkin_skip_building_tests': False, 'cmake_args': None, 'cmake_clean_cache': False, 'cmake_clean_first': False, 'cmake_force_configure': False, 'cmake_target': None, 'cmake_target_skip_unavailable': False, 'install_base': '/home/jeff/theimc_ws/install/theimc_description', 'merge_install': False, 'path': '/home/jeff/theimc_ws/src/theimc/theimc_description', 'symlink_install': True, 'test_result_base': None}
[4.042s] Level 5:colcon.colcon_core.verb:set package 'theimc_teleop' build argument 'cmake_args' from command line to 'None'
[4.042s] Level 5:colcon.colcon_core.verb:set package 'theimc_teleop' build argument 'cmake_target' from command line to 'None'
[4.042s] Level 5:colcon.colcon_core.verb:set package 'theimc_teleop' build argument 'cmake_target_skip_unavailable' from command line to 'False'
[4.042s] Level 5:colcon.colcon_core.verb:set package 'theimc_teleop' build argument 'cmake_clean_cache' from command line to 'False'
[4.042s] Level 5:colcon.colcon_core.verb:set package 'theimc_teleop' build argument 'cmake_clean_first' from command line to 'False'
[4.042s] Level 5:colcon.colcon_core.verb:set package 'theimc_teleop' build argument 'cmake_force_configure' from command line to 'False'
[4.042s] Level 5:colcon.colcon_core.verb:set package 'theimc_teleop' build argument 'ament_cmake_args' from command line to 'None'
[4.042s] Level 5:colcon.colcon_core.verb:set package 'theimc_teleop' build argument 'catkin_cmake_args' from command line to 'None'
[4.042s] Level 5:colcon.colcon_core.verb:set package 'theimc_teleop' build argument 'catkin_skip_building_tests' from command line to 'False'
[4.042s] DEBUG:colcon.colcon_core.verb:Building package 'theimc_teleop' with the following arguments: {'ament_cmake_args': None, 'build_base': '/home/jeff/theimc_ws/build/theimc_teleop', 'catkin_cmake_args': None, 'catkin_skip_building_tests': False, 'cmake_args': None, 'cmake_clean_cache': False, 'cmake_clean_first': False, 'cmake_force_configure': False, 'cmake_target': None, 'cmake_target_skip_unavailable': False, 'install_base': '/home/jeff/theimc_ws/install/theimc_teleop', 'merge_install': False, 'path': '/home/jeff/theimc_ws/src/theimc/theimc_teleop', 'symlink_install': True, 'test_result_base': None}
[4.042s] INFO:colcon.colcon_core.executor:Executing jobs using 'parallel' executor
[4.044s] DEBUG:colcon.colcon_parallel_executor.executor.parallel:run_until_complete
[4.044s] INFO:colcon.colcon_ros.task.ament_python.build:Building ROS package in '/home/jeff/theimc_ws/src/theimc/theimc_bringup' with build type 'ament_python'
[4.044s] Level 1:colcon.colcon_core.shell:create_environment_hook('theimc_bringup', 'ament_prefix_path')
[4.064s] INFO:colcon.colcon_core.plugin_system:Skipping extension 'colcon_core.shell.bat': Not used on non-Windows systems
[4.064s] INFO:colcon.colcon_core.shell:Creating environment hook '/home/jeff/theimc_ws/install/theimc_bringup/share/theimc_bringup/hook/ament_prefix_path.ps1'
[4.071s] INFO:colcon.colcon_core.shell:Creating environment descriptor '/home/jeff/theimc_ws/install/theimc_bringup/share/theimc_bringup/hook/ament_prefix_path.dsv'
[4.076s] INFO:colcon.colcon_core.shell:Creating environment hook '/home/jeff/theimc_ws/install/theimc_bringup/share/theimc_bringup/hook/ament_prefix_path.sh'
[4.080s] INFO:colcon.colcon_core.shell:Skip shell extension 'powershell' for command environment: Not usable outside of PowerShell
[4.081s] DEBUG:colcon.colcon_core.shell:Skip shell extension 'dsv' for command environment
[4.089s] INFO:colcon.colcon_ros.task.ament_cmake.build:Building ROS package in '/home/jeff/theimc_ws/src/theimc/theimc_description' with build type 'ament_cmake'
[4.090s] INFO:colcon.colcon_cmake.task.cmake.build:Building CMake package in '/home/jeff/theimc_ws/src/theimc/theimc_description'
[4.090s] INFO:colcon.colcon_core.shell:Skip shell extension 'powershell' for command environment: Not usable outside of PowerShell
[4.091s] DEBUG:colcon.colcon_core.shell:Skip shell extension 'dsv' for command environment
[4.099s] INFO:colcon.colcon_ros.task.ament_python.build:Building ROS package in '/home/jeff/theimc_ws/src/theimc/theimc_teleop' with build type 'ament_python'
[4.099s] Level 1:colcon.colcon_core.shell:create_environment_hook('theimc_teleop', 'ament_prefix_path')
[4.099s] INFO:colcon.colcon_core.shell:Creating environment hook '/home/jeff/theimc_ws/install/theimc_teleop/share/theimc_teleop/hook/ament_prefix_path.ps1'
[4.101s] INFO:colcon.colcon_core.shell:Creating environment descriptor '/home/jeff/theimc_ws/install/theimc_teleop/share/theimc_teleop/hook/ament_prefix_path.dsv'
[4.101s] INFO:colcon.colcon_core.shell:Creating environment hook '/home/jeff/theimc_ws/install/theimc_teleop/share/theimc_teleop/hook/ament_prefix_path.sh'
[4.103s] INFO:colcon.colcon_core.shell:Skip shell extension 'powershell' for command environment: Not usable outside of PowerShell
[4.103s] DEBUG:colcon.colcon_core.shell:Skip shell extension 'dsv' for command environment
[4.610s] INFO:colcon.colcon_core.task.python.build:Building Python package in '/home/jeff/theimc_ws/src/theimc/theimc_bringup'
[4.611s] INFO:colcon.colcon_core.shell:Skip shell extension 'powershell' for command environment: Not usable outside of PowerShell
[4.611s] DEBUG:colcon.colcon_core.shell:Skip shell extension 'dsv' for command environment
[4.626s] DEBUG:colcon.colcon_core.event_handler.log_command:Invoking command in '/home/jeff/theimc_ws/build/theimc_description': CMAKE_PREFIX_PATH=${CMAKE_PREFIX_PATH}:/home/jeff/theimc_ws/install/theimc_teleop:/opt/ros/humble /usr/bin/cmake --build /home/jeff/theimc_ws/build/theimc_description -- -j4 -l4
[5.046s] INFO:colcon.colcon_core.task.python.build:Building Python package in '/home/jeff/theimc_ws/src/theimc/theimc_teleop'
[5.046s] INFO:colcon.colcon_core.shell:Skip shell extension 'powershell' for command environment: Not usable outside of PowerShell
[5.046s] DEBUG:colcon.colcon_core.shell:Skip shell extension 'dsv' for command environment
[5.057s] DEBUG:colcon.colcon_core.event_handler.log_command:Invoked command in '/home/jeff/theimc_ws/build/theimc_description' returned '0': CMAKE_PREFIX_PATH=${CMAKE_PREFIX_PATH}:/home/jeff/theimc_ws/install/theimc_teleop:/opt/ros/humble /usr/bin/cmake --build /home/jeff/theimc_ws/build/theimc_description -- -j4 -l4
[5.072s] DEBUG:colcon.colcon_core.event_handler.log_command:Invoking command in '/home/jeff/theimc_ws/build/theimc_description': CMAKE_PREFIX_PATH=${CMAKE_PREFIX_PATH}:/home/jeff/theimc_ws/install/theimc_teleop:/opt/ros/humble /usr/bin/cmake --install /home/jeff/theimc_ws/build/theimc_description
[5.156s] Level 1:colcon.colcon_core.environment:create_environment_scripts_only(theimc_description)
[5.157s] DEBUG:colcon.colcon_core.event_handler.log_command:Invoked command in '/home/jeff/theimc_ws/build/theimc_description' returned '0': CMAKE_PREFIX_PATH=${CMAKE_PREFIX_PATH}:/home/jeff/theimc_ws/install/theimc_teleop:/opt/ros/humble /usr/bin/cmake --install /home/jeff/theimc_ws/build/theimc_description
[5.178s] Level 1:colcon.colcon_core.environment:checking '/home/jeff/theimc_ws/install/theimc_description' for CMake module files
[5.187s] Level 1:colcon.colcon_core.environment:checking '/home/jeff/theimc_ws/install/theimc_description' for CMake config files
[5.193s] Level 1:colcon.colcon_core.shell:create_environment_hook('theimc_description', 'cmake_prefix_path')
[5.193s] INFO:colcon.colcon_core.shell:Creating environment hook '/home/jeff/theimc_ws/install/theimc_description/share/theimc_description/hook/cmake_prefix_path.ps1'
[5.194s] INFO:colcon.colcon_core.shell:Creating environment descriptor '/home/jeff/theimc_ws/install/theimc_description/share/theimc_description/hook/cmake_prefix_path.dsv'
[5.195s] INFO:colcon.colcon_core.shell:Creating environment hook '/home/jeff/theimc_ws/install/theimc_description/share/theimc_description/hook/cmake_prefix_path.sh'
[5.197s] Level 1:colcon.colcon_core.environment:checking '/home/jeff/theimc_ws/install/theimc_description/bin'
[5.197s] Level 1:colcon.colcon_core.environment:checking '/home/jeff/theimc_ws/install/theimc_description/lib/pkgconfig/theimc_description.pc'
[5.198s] Level 1:colcon.colcon_core.environment:checking '/home/jeff/theimc_ws/install/theimc_description/lib/python3.10/site-packages'
[5.198s] Level 1:colcon.colcon_core.environment:checking '/home/jeff/theimc_ws/install/theimc_description/bin'
[5.199s] INFO:colcon.colcon_core.shell:Creating package script '/home/jeff/theimc_ws/install/theimc_description/share/theimc_description/package.ps1'
[5.203s] INFO:colcon.colcon_core.shell:Creating package descriptor '/home/jeff/theimc_ws/install/theimc_description/share/theimc_description/package.dsv'
[5.206s] INFO:colcon.colcon_core.shell:Creating package script '/home/jeff/theimc_ws/install/theimc_description/share/theimc_description/package.sh'
[5.210s] INFO:colcon.colcon_core.shell:Creating package script '/home/jeff/theimc_ws/install/theimc_description/share/theimc_description/package.bash'
[5.214s] INFO:colcon.colcon_core.shell:Creating package script '/home/jeff/theimc_ws/install/theimc_description/share/theimc_description/package.zsh'
[5.217s] Level 1:colcon.colcon_core.environment:create_file_with_runtime_dependencies(/home/jeff/theimc_ws/install/theimc_description/share/colcon-core/packages/theimc_description)
[5.218s] Level 1:colcon.colcon_core.environment:create_environment_scripts_only(theimc_description)
[5.219s] Level 1:colcon.colcon_core.environment:checking '/home/jeff/theimc_ws/install/theimc_description' for CMake module files
[5.220s] Level 1:colcon.colcon_core.environment:checking '/home/jeff/theimc_ws/install/theimc_description' for CMake config files
[5.221s] Level 1:colcon.colcon_core.shell:create_environment_hook('theimc_description', 'cmake_prefix_path')
[5.222s] INFO:colcon.colcon_core.shell:Creating environment hook '/home/jeff/theimc_ws/install/theimc_description/share/theimc_description/hook/cmake_prefix_path.ps1'
[5.223s] INFO:colcon.colcon_core.shell:Creating environment descriptor '/home/jeff/theimc_ws/install/theimc_description/share/theimc_description/hook/cmake_prefix_path.dsv'
[5.223s] INFO:colcon.colcon_core.shell:Creating environment hook '/home/jeff/theimc_ws/install/theimc_description/share/theimc_description/hook/cmake_prefix_path.sh'
[5.225s] Level 1:colcon.colcon_core.environment:checking '/home/jeff/theimc_ws/install/theimc_description/bin'
[5.225s] Level 1:colcon.colcon_core.environment:checking '/home/jeff/theimc_ws/install/theimc_description/lib/pkgconfig/theimc_description.pc'
[5.225s] Level 1:colcon.colcon_core.environment:checking '/home/jeff/theimc_ws/install/theimc_description/lib/python3.10/site-packages'
[5.226s] Level 1:colcon.colcon_core.environment:checking '/home/jeff/theimc_ws/install/theimc_description/bin'
[5.227s] INFO:colcon.colcon_core.shell:Creating package script '/home/jeff/theimc_ws/install/theimc_description/share/theimc_description/package.ps1'
[5.228s] INFO:colcon.colcon_core.shell:Creating package descriptor '/home/jeff/theimc_ws/install/theimc_description/share/theimc_description/package.dsv'
[5.229s] INFO:colcon.colcon_core.shell:Creating package script '/home/jeff/theimc_ws/install/theimc_description/share/theimc_description/package.sh'
[5.230s] INFO:colcon.colcon_core.shell:Creating package script '/home/jeff/theimc_ws/install/theimc_description/share/theimc_description/package.bash'
[5.231s] INFO:colcon.colcon_core.shell:Creating package script '/home/jeff/theimc_ws/install/theimc_description/share/theimc_description/package.zsh'
[5.232s] Level 1:colcon.colcon_core.environment:create_file_with_runtime_dependencies(/home/jeff/theimc_ws/install/theimc_description/share/colcon-core/packages/theimc_description)
[6.280s] DEBUG:colcon.colcon_core.event_handler.log_command:Invoking command in '/home/jeff/theimc_ws/build/theimc_teleop': PYTHONPATH=/home/jeff/theimc_ws/build/theimc_teleop/prefix_override:/usr/lib/python3/dist-packages/colcon_core/task/python/colcon_distutils_commands:/home/jeff/theimc_ws/install/theimc_teleop/lib/python3.10/site-packages:${PYTHONPATH} /usr/bin/python3 -W ignore:setup.py install is deprecated -W ignore:easy_install command is deprecated setup.py develop --editable --build-directory /home/jeff/theimc_ws/build/theimc_teleop/build --no-deps symlink_data
[6.297s] DEBUG:colcon.colcon_core.event_handler.log_command:Invoking command in '/home/jeff/theimc_ws/build/theimc_bringup': PYTHONPATH=/home/jeff/theimc_ws/build/theimc_bringup/prefix_override:/usr/lib/python3/dist-packages/colcon_core/task/python/colcon_distutils_commands:/home/jeff/theimc_ws/install/theimc_bringup/lib/python3.10/site-packages:${PYTHONPATH} /usr/bin/python3 -W ignore:setup.py install is deprecated -W ignore:easy_install command is deprecated setup.py develop --editable --build-directory /home/jeff/theimc_ws/build/theimc_bringup/build --no-deps symlink_data
[7.132s] Level 1:colcon.colcon_core.shell:create_environment_hook('theimc_teleop', 'pythonpath_develop')
[7.133s] DEBUG:colcon.colcon_core.event_handler.log_command:Invoked command in '/home/jeff/theimc_ws/build/theimc_teleop' returned '0': PYTHONPATH=/home/jeff/theimc_ws/build/theimc_teleop/prefix_override:/usr/lib/python3/dist-packages/colcon_core/task/python/colcon_distutils_commands:/home/jeff/theimc_ws/install/theimc_teleop/lib/python3.10/site-packages:${PYTHONPATH} /usr/bin/python3 -W ignore:setup.py install is deprecated -W ignore:easy_install command is deprecated setup.py develop --editable --build-directory /home/jeff/theimc_ws/build/theimc_teleop/build --no-deps symlink_data
[7.134s] INFO:colcon.colcon_core.shell:Creating environment hook '/home/jeff/theimc_ws/build/theimc_teleop/share/theimc_teleop/hook/pythonpath_develop.ps1'
[7.135s] INFO:colcon.colcon_core.shell:Creating environment descriptor '/home/jeff/theimc_ws/build/theimc_teleop/share/theimc_teleop/hook/pythonpath_develop.dsv'
[7.135s] INFO:colcon.colcon_core.shell:Creating environment hook '/home/jeff/theimc_ws/build/theimc_teleop/share/theimc_teleop/hook/pythonpath_develop.sh'
[7.136s] Level 1:colcon.colcon_core.environment:checking '/home/jeff/theimc_ws/install/theimc_teleop' for CMake module files
[7.137s] Level 1:colcon.colcon_core.environment:checking '/home/jeff/theimc_ws/install/theimc_teleop' for CMake config files
[7.139s] Level 1:colcon.colcon_core.environment:checking '/home/jeff/theimc_ws/install/theimc_teleop/lib'
[7.139s] Level 1:colcon.colcon_core.environment:checking '/home/jeff/theimc_ws/install/theimc_teleop/bin'
[7.139s] Level 1:colcon.colcon_core.environment:checking '/home/jeff/theimc_ws/install/theimc_teleop/lib/pkgconfig/theimc_teleop.pc'
[7.140s] Level 1:colcon.colcon_core.environment:checking '/home/jeff/theimc_ws/install/theimc_teleop/lib/python3.10/site-packages'
[7.140s] Level 1:colcon.colcon_core.shell:create_environment_hook('theimc_teleop', 'pythonpath')
[7.140s] INFO:colcon.colcon_core.shell:Creating environment hook '/home/jeff/theimc_ws/install/theimc_teleop/share/theimc_teleop/hook/pythonpath.ps1'
[7.141s] INFO:colcon.colcon_core.shell:Creating environment descriptor '/home/jeff/theimc_ws/install/theimc_teleop/share/theimc_teleop/hook/pythonpath.dsv'
[7.142s] INFO:colcon.colcon_core.shell:Creating environment hook '/home/jeff/theimc_ws/install/theimc_teleop/share/theimc_teleop/hook/pythonpath.sh'
[7.142s] Level 1:colcon.colcon_core.environment:checking '/home/jeff/theimc_ws/install/theimc_teleop/bin'
[7.142s] Level 1:colcon.colcon_core.environment:create_environment_scripts_only(theimc_teleop)
[7.143s] INFO:colcon.colcon_core.shell:Creating package script '/home/jeff/theimc_ws/install/theimc_teleop/share/theimc_teleop/package.ps1'
[7.144s] INFO:colcon.colcon_core.shell:Creating package descriptor '/home/jeff/theimc_ws/install/theimc_teleop/share/theimc_teleop/package.dsv'
[7.145s] INFO:colcon.colcon_core.shell:Creating package script '/home/jeff/theimc_ws/install/theimc_teleop/share/theimc_teleop/package.sh'
[7.146s] INFO:colcon.colcon_core.shell:Creating package script '/home/jeff/theimc_ws/install/theimc_teleop/share/theimc_teleop/package.bash'
[7.147s] INFO:colcon.colcon_core.shell:Creating package script '/home/jeff/theimc_ws/install/theimc_teleop/share/theimc_teleop/package.zsh'
[7.148s] Level 1:colcon.colcon_core.environment:create_file_with_runtime_dependencies(/home/jeff/theimc_ws/install/theimc_teleop/share/colcon-core/packages/theimc_teleop)
[7.150s] DEBUG:colcon.colcon_core.event_handler.log_command:Invoked command in '/home/jeff/theimc_ws/build/theimc_bringup' returned '1': PYTHONPATH=/home/jeff/theimc_ws/build/theimc_bringup/prefix_override:/usr/lib/python3/dist-packages/colcon_core/task/python/colcon_distutils_commands:/home/jeff/theimc_ws/install/theimc_bringup/lib/python3.10/site-packages:${PYTHONPATH} /usr/bin/python3 -W ignore:setup.py install is deprecated -W ignore:easy_install command is deprecated setup.py develop --editable --build-directory /home/jeff/theimc_ws/build/theimc_bringup/build --no-deps symlink_data
[7.159s] DEBUG:colcon.colcon_parallel_executor.executor.parallel:closing loop
[7.160s] DEBUG:colcon.colcon_parallel_executor.executor.parallel:loop closed
[7.160s] DEBUG:colcon.colcon_parallel_executor.executor.parallel:run_until_complete finished with '1'
[7.160s] DEBUG:colcon.colcon_core.event_reactor:joining thread
[7.238s] INFO:colcon.colcon_core.plugin_system:Skipping extension 'colcon_notification.desktop_notification.terminal_notifier': Not used on non-Darwin systems
[7.239s] INFO:colcon.colcon_core.plugin_system:Skipping extension 'colcon_notification.desktop_notification.win32': Not used on non-Windows systems
[7.239s] INFO:colcon.colcon_notification.desktop_notification:Sending desktop notification using 'notify2'
[7.436s] DEBUG:colcon.colcon_core.event_reactor:joined thread
[7.437s] INFO:colcon.colcon_core.shell:Creating prefix script '/home/jeff/theimc_ws/install/local_setup.ps1'
[7.441s] INFO:colcon.colcon_core.shell:Creating prefix util module '/home/jeff/theimc_ws/install/_local_setup_util_ps1.py'
[7.445s] INFO:colcon.colcon_core.shell:Creating prefix chain script '/home/jeff/theimc_ws/install/setup.ps1'
[7.448s] INFO:colcon.colcon_core.shell:Creating prefix script '/home/jeff/theimc_ws/install/local_setup.sh'
[7.451s] INFO:colcon.colcon_core.shell:Creating prefix util module '/home/jeff/theimc_ws/install/_local_setup_util_sh.py'
[7.452s] INFO:colcon.colcon_core.shell:Creating prefix chain script '/home/jeff/theimc_ws/install/setup.sh'
[7.456s] INFO:colcon.colcon_core.shell:Creating prefix script '/home/jeff/theimc_ws/install/local_setup.bash'
[7.459s] INFO:colcon.colcon_core.shell:Creating prefix chain script '/home/jeff/theimc_ws/install/setup.bash'
[7.463s] INFO:colcon.colcon_core.shell:Creating prefix script '/home/jeff/theimc_ws/install/local_setup.zsh'
[7.466s] INFO:colcon.colcon_core.shell:Creating prefix chain script '/home/jeff/theimc_ws/install/setup.zsh'
