[0.051s] Invoking command in '/home/jeff/theimc_ws/build/theimc': CMAKE_PREFIX_PATH=${CMAKE_PREFIX_PATH}:/home/jeff/theimc_ws/install/theimc_teleop:/opt/ros/humble /usr/bin/cmake --build /home/jeff/theimc_ws/build/theimc -- -j4 -l4
[0.608s] Invoked command in '/home/jeff/theimc_ws/build/theimc' returned '0': CMAKE_PREFIX_PATH=${CMAKE_PREFIX_PATH}:/home/jeff/theimc_ws/install/theimc_teleop:/opt/ros/humble /usr/bin/cmake --build /home/jeff/theimc_ws/build/theimc -- -j4 -l4
[0.633s] Invoking command in '/home/jeff/theimc_ws/build/theimc': CMAKE_PREFIX_PATH=${CMAKE_PREFIX_PATH}:/home/jeff/theimc_ws/install/theimc_teleop:/opt/ros/humble /usr/bin/cmake --install /home/jeff/theimc_ws/build/theimc
[0.652s] -- Install configuration: ""
[0.656s] -- Execute custom install script
[0.657s] -- Up-to-date symlink: /home/jeff/theimc_ws/install/theimc/share/ament_index/resource_index/package_run_dependencies/theimc
[0.658s] -- Up-to-date symlink: /home/jeff/theimc_ws/install/theimc/share/ament_index/resource_index/parent_prefix_path/theimc
[0.658s] -- Up-to-date symlink: /home/jeff/theimc_ws/install/theimc/share/theimc/environment/ament_prefix_path.sh
[0.659s] -- Up-to-date symlink: /home/jeff/theimc_ws/install/theimc/share/theimc/environment/ament_prefix_path.dsv
[0.661s] -- Up-to-date symlink: /home/jeff/theimc_ws/install/theimc/share/theimc/environment/path.sh
[0.661s] -- Up-to-date symlink: /home/jeff/theimc_ws/install/theimc/share/theimc/environment/path.dsv
[0.662s] -- Up-to-date symlink: /home/jeff/theimc_ws/install/theimc/share/theimc/local_setup.bash
[0.662s] -- Up-to-date symlink: /home/jeff/theimc_ws/install/theimc/share/theimc/local_setup.sh
[0.662s] -- Up-to-date symlink: /home/jeff/theimc_ws/install/theimc/share/theimc/local_setup.zsh
[0.663s] -- Up-to-date symlink: /home/jeff/theimc_ws/install/theimc/share/theimc/local_setup.dsv
[0.665s] -- Symlinking: /home/jeff/theimc_ws/install/theimc/share/theimc/package.dsv
[0.681s] -- Up-to-date symlink: /home/jeff/theimc_ws/install/theimc/share/ament_index/resource_index/packages/theimc
[0.682s] -- Up-to-date symlink: /home/jeff/theimc_ws/install/theimc/share/theimc/cmake/theimcConfig.cmake
[0.682s] -- Up-to-date symlink: /home/jeff/theimc_ws/install/theimc/share/theimc/cmake/theimcConfig-version.cmake
[0.685s] -- Up-to-date symlink: /home/jeff/theimc_ws/install/theimc/share/theimc/package.xml
[0.687s] Invoked command in '/home/jeff/theimc_ws/build/theimc' returned '0': CMAKE_PREFIX_PATH=${CMAKE_PREFIX_PATH}:/home/jeff/theimc_ws/install/theimc_teleop:/opt/ros/humble /usr/bin/cmake --install /home/jeff/theimc_ws/build/theimc
