[0.083s] Invoking command in '/home/jeff/theimc_ws/build/theimc_navigation2': CMAKE_PREFIX_PATH=${CMAKE_PREFIX_PATH}:/home/jeff/theimc_ws/install/theimc_teleop:/opt/ros/humble /usr/bin/cmake /home/jeff/theimc_ws/src/theimc/theimc_navigation2 -DAMENT_CMAKE_SYMLINK_INSTALL=1 -DCMAKE_INSTALL_PREFIX=/home/jeff/theimc_ws/install/theimc_navigation2
[0.213s] -- The C compiler identification is GNU 11.4.0
[0.347s] -- The CXX compiler identification is GNU 11.4.0
[0.366s] -- Detecting C compiler ABI info
[0.522s] -- Detecting C compiler ABI info - done
[0.545s] -- Check for working C compiler: /usr/bin/cc - skipped
[0.547s] -- Detecting C compile features
[0.547s] -- Detecting C compile features - done
[0.555s] -- Detecting CXX compiler ABI info
[0.738s] -- Detecting CXX compiler ABI info - done
[0.760s] -- Check for working CXX compiler: /usr/bin/c++ - skipped
[0.760s] -- Detecting CXX compile features
[0.761s] -- Detecting CXX compile features - done
[0.768s] -- Found ament_cmake: 1.3.11 (/opt/ros/humble/share/ament_cmake/cmake)
[1.131s] -- Found Python3: /usr/bin/python3 (found version "3.10.12") found components: Interpreter 
[1.296s] -- Override CMake install command with custom implementation using symlinks instead of copying resources
[1.395s] -- Found nav2_bringup: 1.1.18 (/opt/ros/humble/share/nav2_bringup/cmake)
[1.402s] -- Found ament_lint_auto: 0.12.12 (/opt/ros/humble/share/ament_lint_auto/cmake)
[1.623s] -- Added test 'flake8' to check Python code syntax and style conventions
[1.625s] -- Added test 'lint_cmake' to check CMake code style
[1.629s] -- Added test 'pep257' to check Python code against some of the docstring style conventions in PEP 257
[1.631s] -- Added test 'xmllint' to check XML markup files
[1.639s] -- Configuring done
[1.645s] -- Generating done
[1.647s] -- Build files have been written to: /home/jeff/theimc_ws/build/theimc_navigation2
[1.659s] Invoked command in '/home/jeff/theimc_ws/build/theimc_navigation2' returned '0': CMAKE_PREFIX_PATH=${CMAKE_PREFIX_PATH}:/home/jeff/theimc_ws/install/theimc_teleop:/opt/ros/humble /usr/bin/cmake /home/jeff/theimc_ws/src/theimc/theimc_navigation2 -DAMENT_CMAKE_SYMLINK_INSTALL=1 -DCMAKE_INSTALL_PREFIX=/home/jeff/theimc_ws/install/theimc_navigation2
[1.662s] Invoking command in '/home/jeff/theimc_ws/build/theimc_navigation2': CMAKE_PREFIX_PATH=${CMAKE_PREFIX_PATH}:/home/jeff/theimc_ws/install/theimc_teleop:/opt/ros/humble /usr/bin/cmake --build /home/jeff/theimc_ws/build/theimc_navigation2 -- -j4 -l4
[1.748s] Invoked command in '/home/jeff/theimc_ws/build/theimc_navigation2' returned '0': CMAKE_PREFIX_PATH=${CMAKE_PREFIX_PATH}:/home/jeff/theimc_ws/install/theimc_teleop:/opt/ros/humble /usr/bin/cmake --build /home/jeff/theimc_ws/build/theimc_navigation2 -- -j4 -l4
[1.752s] Invoking command in '/home/jeff/theimc_ws/build/theimc_navigation2': CMAKE_PREFIX_PATH=${CMAKE_PREFIX_PATH}:/home/jeff/theimc_ws/install/theimc_teleop:/opt/ros/humble /usr/bin/cmake --install /home/jeff/theimc_ws/build/theimc_navigation2
[1.765s] -- Install configuration: ""
[1.766s] -- Execute custom install script
[1.767s] -- Symlinking: /home/jeff/theimc_ws/install/theimc_navigation2/share/theimc_navigation2/launch/theimc_nav2.launch.py
[1.785s] -- Symlinking: /home/jeff/theimc_ws/install/theimc_navigation2/share/theimc_navigation2/maps/map1.pgm
[1.801s] -- Symlinking: /home/jeff/theimc_ws/install/theimc_navigation2/share/theimc_navigation2/maps/map1.yaml
[1.818s] -- Symlinking: /home/jeff/theimc_ws/install/theimc_navigation2/share/theimc_navigation2/maps/map_office_230405.pgm
[1.836s] -- Symlinking: /home/jeff/theimc_ws/install/theimc_navigation2/share/theimc_navigation2/maps/map_office_230405.yaml
[1.854s] -- Symlinking: /home/jeff/theimc_ws/install/theimc_navigation2/share/theimc_navigation2/maps/map_office_230802.pgm
[1.870s] -- Symlinking: /home/jeff/theimc_ws/install/theimc_navigation2/share/theimc_navigation2/maps/map_office_230802.yaml
[1.887s] -- Symlinking: /home/jeff/theimc_ws/install/theimc_navigation2/share/theimc_navigation2/maps/map_office_230920.pgm
[1.904s] -- Symlinking: /home/jeff/theimc_ws/install/theimc_navigation2/share/theimc_navigation2/maps/map_office_230920.yaml
[1.921s] -- Symlinking: /home/jeff/theimc_ws/install/theimc_navigation2/share/theimc_navigation2/params/theimc_nav2_params.yaml
[1.938s] -- Symlinking: /home/jeff/theimc_ws/install/theimc_navigation2/share/theimc_navigation2/rviz/nav2_default_view.rviz
[1.956s] -- Symlinking: /home/jeff/theimc_ws/install/theimc_navigation2/share/ament_index/resource_index/package_run_dependencies/theimc_navigation2
[1.973s] -- Symlinking: /home/jeff/theimc_ws/install/theimc_navigation2/share/ament_index/resource_index/parent_prefix_path/theimc_navigation2
[1.992s] -- Symlinking: /home/jeff/theimc_ws/install/theimc_navigation2/share/theimc_navigation2/environment/ament_prefix_path.sh
[2.009s] -- Symlinking: /home/jeff/theimc_ws/install/theimc_navigation2/share/theimc_navigation2/environment/ament_prefix_path.dsv
[2.027s] -- Symlinking: /home/jeff/theimc_ws/install/theimc_navigation2/share/theimc_navigation2/environment/path.sh
[2.046s] -- Symlinking: /home/jeff/theimc_ws/install/theimc_navigation2/share/theimc_navigation2/environment/path.dsv
[2.065s] -- Symlinking: /home/jeff/theimc_ws/install/theimc_navigation2/share/theimc_navigation2/local_setup.bash
[2.085s] -- Symlinking: /home/jeff/theimc_ws/install/theimc_navigation2/share/theimc_navigation2/local_setup.sh
[2.105s] -- Symlinking: /home/jeff/theimc_ws/install/theimc_navigation2/share/theimc_navigation2/local_setup.zsh
[2.123s] -- Symlinking: /home/jeff/theimc_ws/install/theimc_navigation2/share/theimc_navigation2/local_setup.dsv
[2.142s] -- Symlinking: /home/jeff/theimc_ws/install/theimc_navigation2/share/theimc_navigation2/package.dsv
[2.155s] -- Symlinking: /home/jeff/theimc_ws/install/theimc_navigation2/share/ament_index/resource_index/packages/theimc_navigation2
[2.166s] -- Symlinking: /home/jeff/theimc_ws/install/theimc_navigation2/share/theimc_navigation2/cmake/theimc_navigation2Config.cmake
[2.178s] -- Symlinking: /home/jeff/theimc_ws/install/theimc_navigation2/share/theimc_navigation2/cmake/theimc_navigation2Config-version.cmake
[2.190s] -- Symlinking: /home/jeff/theimc_ws/install/theimc_navigation2/share/theimc_navigation2/package.xml
[2.205s] Invoked command in '/home/jeff/theimc_ws/build/theimc_navigation2' returned '0': CMAKE_PREFIX_PATH=${CMAKE_PREFIX_PATH}:/home/jeff/theimc_ws/install/theimc_teleop:/opt/ros/humble /usr/bin/cmake --install /home/jeff/theimc_ws/build/theimc_navigation2
