[0.150s] DEBUG:colcon:Command line arguments: ['/usr/bin/colcon', 'build', '--symlink-install']
[0.150s] DEBUG:colcon:Parsed command line arguments: Namespace(log_base=None, log_level=None, verb_name='build', build_base='build', install_base='install', merge_install=False, symlink_install=True, test_result_base=None, continue_on_error=False, executor='parallel', parallel_workers=4, event_handlers=None, ignore_user_meta=False, metas=['./colcon.meta'], base_paths=['.'], packages_ignore=None, packages_ignore_regex=None, paths=None, packages_up_to=None, packages_up_to_regex=None, packages_above=None, packages_above_and_dependencies=None, packages_above_depth=None, packages_select_by_dep=None, packages_skip_by_dep=None, packages_skip_up_to=None, packages_select_build_failed=False, packages_skip_build_finished=False, packages_select_test_failures=False, packages_skip_test_passed=False, packages_select=None, packages_skip=None, packages_select_regex=None, packages_skip_regex=None, packages_start=None, packages_end=None, allow_overriding=[], cmake_args=None, cmake_target=None, cmake_target_skip_unavailable=False, cmake_clean_cache=False, cmake_clean_first=False, cmake_force_configure=False, ament_cmake_args=None, catkin_cmake_args=None, catkin_skip_building_tests=False, verb_parser=<colcon_defaults.argument_parser.defaults.DefaultArgumentsDecorator object at 0x74037ae2d0c0>, verb_extension=<colcon_core.verb.build.BuildVerb object at 0x74037ae2cbe0>, main=<bound method BuildVerb.main of <colcon_core.verb.build.BuildVerb object at 0x74037ae2cbe0>>)
[0.412s] Level 1:colcon.colcon_core.package_discovery:discover_packages(colcon_meta) check parameters
[0.412s] Level 1:colcon.colcon_core.package_discovery:discover_packages(recursive) check parameters
[0.412s] Level 1:colcon.colcon_core.package_discovery:discover_packages(ignore) check parameters
[0.412s] Level 1:colcon.colcon_core.package_discovery:discover_packages(path) check parameters
[0.412s] Level 1:colcon.colcon_core.package_discovery:discover_packages(colcon_meta) discover
[0.412s] Level 1:colcon.colcon_core.package_discovery:discover_packages(recursive) discover
[0.412s] INFO:colcon.colcon_core.package_discovery:Crawling recursively for packages in '/home/jeff/theimc_ws'
[0.412s] Level 1:colcon.colcon_core.package_identification:_identify(.) by extensions ['ignore', 'ignore_ament_install']
[0.413s] Level 1:colcon.colcon_core.package_identification:_identify(.) by extension 'ignore'
[0.413s] Level 1:colcon.colcon_core.package_identification:_identify(.) by extension 'ignore_ament_install'
[0.413s] Level 1:colcon.colcon_core.package_identification:_identify(.) by extensions ['colcon_pkg']
[0.413s] Level 1:colcon.colcon_core.package_identification:_identify(.) by extension 'colcon_pkg'
[0.413s] Level 1:colcon.colcon_core.package_identification:_identify(.) by extensions ['colcon_meta']
[0.413s] Level 1:colcon.colcon_core.package_identification:_identify(.) by extension 'colcon_meta'
[0.413s] Level 1:colcon.colcon_core.package_identification:_identify(.) by extensions ['ros']
[0.413s] Level 1:colcon.colcon_core.package_identification:_identify(.) by extension 'ros'
[0.428s] Level 1:colcon.colcon_core.package_identification:_identify(.) by extensions ['cmake', 'python']
[0.428s] Level 1:colcon.colcon_core.package_identification:_identify(.) by extension 'cmake'
[0.428s] Level 1:colcon.colcon_core.package_identification:_identify(.) by extension 'python'
[0.428s] Level 1:colcon.colcon_core.package_identification:_identify(.) by extensions ['python_setup_py']
[0.428s] Level 1:colcon.colcon_core.package_identification:_identify(.) by extension 'python_setup_py'
[0.429s] Level 1:colcon.colcon_core.package_identification:_identify(build) by extensions ['ignore', 'ignore_ament_install']
[0.429s] Level 1:colcon.colcon_core.package_identification:_identify(build) by extension 'ignore'
[0.429s] Level 1:colcon.colcon_core.package_identification:_identify(build) ignored
[0.429s] Level 1:colcon.colcon_core.package_identification:_identify(install) by extensions ['ignore', 'ignore_ament_install']
[0.429s] Level 1:colcon.colcon_core.package_identification:_identify(install) by extension 'ignore'
[0.429s] Level 1:colcon.colcon_core.package_identification:_identify(install) ignored
[0.429s] Level 1:colcon.colcon_core.package_identification:_identify(log) by extensions ['ignore', 'ignore_ament_install']
[0.429s] Level 1:colcon.colcon_core.package_identification:_identify(log) by extension 'ignore'
[0.429s] Level 1:colcon.colcon_core.package_identification:_identify(log) ignored
[0.430s] Level 1:colcon.colcon_core.package_identification:_identify(src) by extensions ['ignore', 'ignore_ament_install']
[0.430s] Level 1:colcon.colcon_core.package_identification:_identify(src) by extension 'ignore'
[0.430s] Level 1:colcon.colcon_core.package_identification:_identify(src) by extension 'ignore_ament_install'
[0.430s] Level 1:colcon.colcon_core.package_identification:_identify(src) by extensions ['colcon_pkg']
[0.430s] Level 1:colcon.colcon_core.package_identification:_identify(src) by extension 'colcon_pkg'
[0.430s] Level 1:colcon.colcon_core.package_identification:_identify(src) by extensions ['colcon_meta']
[0.430s] Level 1:colcon.colcon_core.package_identification:_identify(src) by extension 'colcon_meta'
[0.430s] Level 1:colcon.colcon_core.package_identification:_identify(src) by extensions ['ros']
[0.430s] Level 1:colcon.colcon_core.package_identification:_identify(src) by extension 'ros'
[0.430s] Level 1:colcon.colcon_core.package_identification:_identify(src) by extensions ['cmake', 'python']
[0.430s] Level 1:colcon.colcon_core.package_identification:_identify(src) by extension 'cmake'
[0.430s] Level 1:colcon.colcon_core.package_identification:_identify(src) by extension 'python'
[0.430s] Level 1:colcon.colcon_core.package_identification:_identify(src) by extensions ['python_setup_py']
[0.430s] Level 1:colcon.colcon_core.package_identification:_identify(src) by extension 'python_setup_py'
[0.431s] Level 1:colcon.colcon_core.package_identification:_identify(src/theimc) by extensions ['ignore', 'ignore_ament_install']
[0.431s] Level 1:colcon.colcon_core.package_identification:_identify(src/theimc) by extension 'ignore'
[0.431s] Level 1:colcon.colcon_core.package_identification:_identify(src/theimc) by extension 'ignore_ament_install'
[0.431s] Level 1:colcon.colcon_core.package_identification:_identify(src/theimc) by extensions ['colcon_pkg']
[0.431s] Level 1:colcon.colcon_core.package_identification:_identify(src/theimc) by extension 'colcon_pkg'
[0.431s] Level 1:colcon.colcon_core.package_identification:_identify(src/theimc) by extensions ['colcon_meta']
[0.431s] Level 1:colcon.colcon_core.package_identification:_identify(src/theimc) by extension 'colcon_meta'
[0.431s] Level 1:colcon.colcon_core.package_identification:_identify(src/theimc) by extensions ['ros']
[0.431s] Level 1:colcon.colcon_core.package_identification:_identify(src/theimc) by extension 'ros'
[0.431s] Level 1:colcon.colcon_core.package_identification:_identify(src/theimc) by extensions ['cmake', 'python']
[0.431s] Level 1:colcon.colcon_core.package_identification:_identify(src/theimc) by extension 'cmake'
[0.431s] Level 1:colcon.colcon_core.package_identification:_identify(src/theimc) by extension 'python'
[0.431s] Level 1:colcon.colcon_core.package_identification:_identify(src/theimc) by extensions ['python_setup_py']
[0.432s] Level 1:colcon.colcon_core.package_identification:_identify(src/theimc) by extension 'python_setup_py'
[0.432s] Level 1:colcon.colcon_core.package_identification:_identify(src/theimc/theimc_bringup) by extensions ['ignore', 'ignore_ament_install']
[0.432s] Level 1:colcon.colcon_core.package_identification:_identify(src/theimc/theimc_bringup) by extension 'ignore'
[0.432s] Level 1:colcon.colcon_core.package_identification:_identify(src/theimc/theimc_bringup) by extension 'ignore_ament_install'
[0.432s] Level 1:colcon.colcon_core.package_identification:_identify(src/theimc/theimc_bringup) by extensions ['colcon_pkg']
[0.432s] Level 1:colcon.colcon_core.package_identification:_identify(src/theimc/theimc_bringup) by extension 'colcon_pkg'
[0.432s] Level 1:colcon.colcon_core.package_identification:_identify(src/theimc/theimc_bringup) by extensions ['colcon_meta']
[0.432s] Level 1:colcon.colcon_core.package_identification:_identify(src/theimc/theimc_bringup) by extension 'colcon_meta'
[0.432s] Level 1:colcon.colcon_core.package_identification:_identify(src/theimc/theimc_bringup) by extensions ['ros']
[0.432s] Level 1:colcon.colcon_core.package_identification:_identify(src/theimc/theimc_bringup) by extension 'ros'
[0.436s] DEBUG:colcon.colcon_core.package_identification:Package 'src/theimc/theimc_bringup' with type 'ros.ament_python' and name 'theimc_bringup'
[0.436s] Level 1:colcon.colcon_core.package_identification:_identify(src/theimc/theimc_cartographer) by extensions ['ignore', 'ignore_ament_install']
[0.436s] Level 1:colcon.colcon_core.package_identification:_identify(src/theimc/theimc_cartographer) by extension 'ignore'
[0.436s] Level 1:colcon.colcon_core.package_identification:_identify(src/theimc/theimc_cartographer) by extension 'ignore_ament_install'
[0.436s] Level 1:colcon.colcon_core.package_identification:_identify(src/theimc/theimc_cartographer) by extensions ['colcon_pkg']
[0.437s] Level 1:colcon.colcon_core.package_identification:_identify(src/theimc/theimc_cartographer) by extension 'colcon_pkg'
[0.437s] Level 1:colcon.colcon_core.package_identification:_identify(src/theimc/theimc_cartographer) by extensions ['colcon_meta']
[0.437s] Level 1:colcon.colcon_core.package_identification:_identify(src/theimc/theimc_cartographer) by extension 'colcon_meta'
[0.437s] Level 1:colcon.colcon_core.package_identification:_identify(src/theimc/theimc_cartographer) by extensions ['ros']
[0.437s] Level 1:colcon.colcon_core.package_identification:_identify(src/theimc/theimc_cartographer) by extension 'ros'
[0.438s] DEBUG:colcon.colcon_core.package_identification:Package 'src/theimc/theimc_cartographer' with type 'ros.ament_cmake' and name 'slampibot_cartographer'
[0.438s] Level 1:colcon.colcon_core.package_identification:_identify(src/theimc/theimc_description) by extensions ['ignore', 'ignore_ament_install']
[0.438s] Level 1:colcon.colcon_core.package_identification:_identify(src/theimc/theimc_description) by extension 'ignore'
[0.438s] Level 1:colcon.colcon_core.package_identification:_identify(src/theimc/theimc_description) by extension 'ignore_ament_install'
[0.438s] Level 1:colcon.colcon_core.package_identification:_identify(src/theimc/theimc_description) by extensions ['colcon_pkg']
[0.438s] Level 1:colcon.colcon_core.package_identification:_identify(src/theimc/theimc_description) by extension 'colcon_pkg'
[0.438s] Level 1:colcon.colcon_core.package_identification:_identify(src/theimc/theimc_description) by extensions ['colcon_meta']
[0.438s] Level 1:colcon.colcon_core.package_identification:_identify(src/theimc/theimc_description) by extension 'colcon_meta'
[0.438s] Level 1:colcon.colcon_core.package_identification:_identify(src/theimc/theimc_description) by extensions ['ros']
[0.438s] Level 1:colcon.colcon_core.package_identification:_identify(src/theimc/theimc_description) by extension 'ros'
[0.439s] DEBUG:colcon.colcon_core.package_identification:Package 'src/theimc/theimc_description' with type 'ros.ament_cmake' and name 'theimc_description'
[0.439s] Level 1:colcon.colcon_core.package_identification:_identify(src/theimc/theimc_teleop) by extensions ['ignore', 'ignore_ament_install']
[0.439s] Level 1:colcon.colcon_core.package_identification:_identify(src/theimc/theimc_teleop) by extension 'ignore'
[0.440s] Level 1:colcon.colcon_core.package_identification:_identify(src/theimc/theimc_teleop) by extension 'ignore_ament_install'
[0.440s] Level 1:colcon.colcon_core.package_identification:_identify(src/theimc/theimc_teleop) by extensions ['colcon_pkg']
[0.440s] Level 1:colcon.colcon_core.package_identification:_identify(src/theimc/theimc_teleop) by extension 'colcon_pkg'
[0.440s] Level 1:colcon.colcon_core.package_identification:_identify(src/theimc/theimc_teleop) by extensions ['colcon_meta']
[0.440s] Level 1:colcon.colcon_core.package_identification:_identify(src/theimc/theimc_teleop) by extension 'colcon_meta'
[0.440s] Level 1:colcon.colcon_core.package_identification:_identify(src/theimc/theimc_teleop) by extensions ['ros']
[0.440s] Level 1:colcon.colcon_core.package_identification:_identify(src/theimc/theimc_teleop) by extension 'ros'
[0.443s] DEBUG:colcon.colcon_core.package_identification:Package 'src/theimc/theimc_teleop' with type 'ros.ament_python' and name 'theimc_teleop'
[0.443s] Level 1:colcon.colcon_core.package_discovery:discover_packages(recursive) using defaults
[0.443s] Level 1:colcon.colcon_core.package_discovery:discover_packages(ignore) discover
[0.443s] Level 1:colcon.colcon_core.package_discovery:discover_packages(ignore) using defaults
[0.443s] Level 1:colcon.colcon_core.package_discovery:discover_packages(path) discover
[0.443s] Level 1:colcon.colcon_core.package_discovery:discover_packages(path) using defaults
[0.486s] Level 1:colcon.colcon_core.package_discovery:discover_packages(prefix_path) check parameters
[0.486s] Level 1:colcon.colcon_core.package_discovery:discover_packages(prefix_path) discover
[0.489s] DEBUG:colcon.colcon_installed_package_information.package_discovery:Found 3 installed packages in /home/jeff/theimc_ws/install
[0.491s] DEBUG:colcon.colcon_installed_package_information.package_discovery:Found 454 installed packages in /opt/ros/humble
[0.494s] Level 1:colcon.colcon_core.package_discovery:discover_packages(prefix_path) using defaults
[0.576s] Level 5:colcon.colcon_core.verb:set package 'slampibot_cartographer' build argument 'cmake_args' from command line to 'None'
[0.576s] Level 5:colcon.colcon_core.verb:set package 'slampibot_cartographer' build argument 'cmake_target' from command line to 'None'
[0.576s] Level 5:colcon.colcon_core.verb:set package 'slampibot_cartographer' build argument 'cmake_target_skip_unavailable' from command line to 'False'
[0.576s] Level 5:colcon.colcon_core.verb:set package 'slampibot_cartographer' build argument 'cmake_clean_cache' from command line to 'False'
[0.576s] Level 5:colcon.colcon_core.verb:set package 'slampibot_cartographer' build argument 'cmake_clean_first' from command line to 'False'
[0.576s] Level 5:colcon.colcon_core.verb:set package 'slampibot_cartographer' build argument 'cmake_force_configure' from command line to 'False'
[0.576s] Level 5:colcon.colcon_core.verb:set package 'slampibot_cartographer' build argument 'ament_cmake_args' from command line to 'None'
[0.576s] Level 5:colcon.colcon_core.verb:set package 'slampibot_cartographer' build argument 'catkin_cmake_args' from command line to 'None'
[0.576s] Level 5:colcon.colcon_core.verb:set package 'slampibot_cartographer' build argument 'catkin_skip_building_tests' from command line to 'False'
[0.576s] DEBUG:colcon.colcon_core.verb:Building package 'slampibot_cartographer' with the following arguments: {'ament_cmake_args': None, 'build_base': '/home/jeff/theimc_ws/build/slampibot_cartographer', 'catkin_cmake_args': None, 'catkin_skip_building_tests': False, 'cmake_args': None, 'cmake_clean_cache': False, 'cmake_clean_first': False, 'cmake_force_configure': False, 'cmake_target': None, 'cmake_target_skip_unavailable': False, 'install_base': '/home/jeff/theimc_ws/install/slampibot_cartographer', 'merge_install': False, 'path': '/home/jeff/theimc_ws/src/theimc/theimc_cartographer', 'symlink_install': True, 'test_result_base': None}
[0.577s] Level 5:colcon.colcon_core.verb:set package 'theimc_bringup' build argument 'cmake_args' from command line to 'None'
[0.577s] Level 5:colcon.colcon_core.verb:set package 'theimc_bringup' build argument 'cmake_target' from command line to 'None'
[0.577s] Level 5:colcon.colcon_core.verb:set package 'theimc_bringup' build argument 'cmake_target_skip_unavailable' from command line to 'False'
[0.577s] Level 5:colcon.colcon_core.verb:set package 'theimc_bringup' build argument 'cmake_clean_cache' from command line to 'False'
[0.577s] Level 5:colcon.colcon_core.verb:set package 'theimc_bringup' build argument 'cmake_clean_first' from command line to 'False'
[0.577s] Level 5:colcon.colcon_core.verb:set package 'theimc_bringup' build argument 'cmake_force_configure' from command line to 'False'
[0.577s] Level 5:colcon.colcon_core.verb:set package 'theimc_bringup' build argument 'ament_cmake_args' from command line to 'None'
[0.577s] Level 5:colcon.colcon_core.verb:set package 'theimc_bringup' build argument 'catkin_cmake_args' from command line to 'None'
[0.577s] Level 5:colcon.colcon_core.verb:set package 'theimc_bringup' build argument 'catkin_skip_building_tests' from command line to 'False'
[0.577s] DEBUG:colcon.colcon_core.verb:Building package 'theimc_bringup' with the following arguments: {'ament_cmake_args': None, 'build_base': '/home/jeff/theimc_ws/build/theimc_bringup', 'catkin_cmake_args': None, 'catkin_skip_building_tests': False, 'cmake_args': None, 'cmake_clean_cache': False, 'cmake_clean_first': False, 'cmake_force_configure': False, 'cmake_target': None, 'cmake_target_skip_unavailable': False, 'install_base': '/home/jeff/theimc_ws/install/theimc_bringup', 'merge_install': False, 'path': '/home/jeff/theimc_ws/src/theimc/theimc_bringup', 'symlink_install': True, 'test_result_base': None}
[0.577s] Level 5:colcon.colcon_core.verb:set package 'theimc_description' build argument 'cmake_args' from command line to 'None'
[0.577s] Level 5:colcon.colcon_core.verb:set package 'theimc_description' build argument 'cmake_target' from command line to 'None'
[0.578s] Level 5:colcon.colcon_core.verb:set package 'theimc_description' build argument 'cmake_target_skip_unavailable' from command line to 'False'
[0.578s] Level 5:colcon.colcon_core.verb:set package 'theimc_description' build argument 'cmake_clean_cache' from command line to 'False'
[0.578s] Level 5:colcon.colcon_core.verb:set package 'theimc_description' build argument 'cmake_clean_first' from command line to 'False'
[0.578s] Level 5:colcon.colcon_core.verb:set package 'theimc_description' build argument 'cmake_force_configure' from command line to 'False'
[0.578s] Level 5:colcon.colcon_core.verb:set package 'theimc_description' build argument 'ament_cmake_args' from command line to 'None'
[0.578s] Level 5:colcon.colcon_core.verb:set package 'theimc_description' build argument 'catkin_cmake_args' from command line to 'None'
[0.578s] Level 5:colcon.colcon_core.verb:set package 'theimc_description' build argument 'catkin_skip_building_tests' from command line to 'False'
[0.578s] DEBUG:colcon.colcon_core.verb:Building package 'theimc_description' with the following arguments: {'ament_cmake_args': None, 'build_base': '/home/jeff/theimc_ws/build/theimc_description', 'catkin_cmake_args': None, 'catkin_skip_building_tests': False, 'cmake_args': None, 'cmake_clean_cache': False, 'cmake_clean_first': False, 'cmake_force_configure': False, 'cmake_target': None, 'cmake_target_skip_unavailable': False, 'install_base': '/home/jeff/theimc_ws/install/theimc_description', 'merge_install': False, 'path': '/home/jeff/theimc_ws/src/theimc/theimc_description', 'symlink_install': True, 'test_result_base': None}
[0.578s] Level 5:colcon.colcon_core.verb:set package 'theimc_teleop' build argument 'cmake_args' from command line to 'None'
[0.578s] Level 5:colcon.colcon_core.verb:set package 'theimc_teleop' build argument 'cmake_target' from command line to 'None'
[0.578s] Level 5:colcon.colcon_core.verb:set package 'theimc_teleop' build argument 'cmake_target_skip_unavailable' from command line to 'False'
[0.578s] Level 5:colcon.colcon_core.verb:set package 'theimc_teleop' build argument 'cmake_clean_cache' from command line to 'False'
[0.578s] Level 5:colcon.colcon_core.verb:set package 'theimc_teleop' build argument 'cmake_clean_first' from command line to 'False'
[0.578s] Level 5:colcon.colcon_core.verb:set package 'theimc_teleop' build argument 'cmake_force_configure' from command line to 'False'
[0.578s] Level 5:colcon.colcon_core.verb:set package 'theimc_teleop' build argument 'ament_cmake_args' from command line to 'None'
[0.579s] Level 5:colcon.colcon_core.verb:set package 'theimc_teleop' build argument 'catkin_cmake_args' from command line to 'None'
[0.579s] Level 5:colcon.colcon_core.verb:set package 'theimc_teleop' build argument 'catkin_skip_building_tests' from command line to 'False'
[0.579s] DEBUG:colcon.colcon_core.verb:Building package 'theimc_teleop' with the following arguments: {'ament_cmake_args': None, 'build_base': '/home/jeff/theimc_ws/build/theimc_teleop', 'catkin_cmake_args': None, 'catkin_skip_building_tests': False, 'cmake_args': None, 'cmake_clean_cache': False, 'cmake_clean_first': False, 'cmake_force_configure': False, 'cmake_target': None, 'cmake_target_skip_unavailable': False, 'install_base': '/home/jeff/theimc_ws/install/theimc_teleop', 'merge_install': False, 'path': '/home/jeff/theimc_ws/src/theimc/theimc_teleop', 'symlink_install': True, 'test_result_base': None}
[0.579s] INFO:colcon.colcon_core.executor:Executing jobs using 'parallel' executor
[0.580s] DEBUG:colcon.colcon_parallel_executor.executor.parallel:run_until_complete
[0.581s] INFO:colcon.colcon_ros.task.ament_cmake.build:Building ROS package in '/home/jeff/theimc_ws/src/theimc/theimc_cartographer' with build type 'ament_cmake'
[0.581s] INFO:colcon.colcon_cmake.task.cmake.build:Building CMake package in '/home/jeff/theimc_ws/src/theimc/theimc_cartographer'
[0.584s] INFO:colcon.colcon_core.plugin_system:Skipping extension 'colcon_core.shell.bat': Not used on non-Windows systems
[0.584s] INFO:colcon.colcon_core.shell:Skip shell extension 'powershell' for command environment: Not usable outside of PowerShell
[0.584s] DEBUG:colcon.colcon_core.shell:Skip shell extension 'dsv' for command environment
[0.590s] INFO:colcon.colcon_ros.task.ament_python.build:Building ROS package in '/home/jeff/theimc_ws/src/theimc/theimc_bringup' with build type 'ament_python'
[0.590s] Level 1:colcon.colcon_core.shell:create_environment_hook('theimc_bringup', 'ament_prefix_path')
[0.591s] INFO:colcon.colcon_core.shell:Creating environment hook '/home/jeff/theimc_ws/install/theimc_bringup/share/theimc_bringup/hook/ament_prefix_path.ps1'
[0.592s] INFO:colcon.colcon_core.shell:Creating environment descriptor '/home/jeff/theimc_ws/install/theimc_bringup/share/theimc_bringup/hook/ament_prefix_path.dsv'
[0.593s] INFO:colcon.colcon_core.shell:Creating environment hook '/home/jeff/theimc_ws/install/theimc_bringup/share/theimc_bringup/hook/ament_prefix_path.sh'
[0.594s] INFO:colcon.colcon_core.shell:Skip shell extension 'powershell' for command environment: Not usable outside of PowerShell
[0.594s] DEBUG:colcon.colcon_core.shell:Skip shell extension 'dsv' for command environment
[0.599s] INFO:colcon.colcon_ros.task.ament_cmake.build:Building ROS package in '/home/jeff/theimc_ws/src/theimc/theimc_description' with build type 'ament_cmake'
[0.599s] INFO:colcon.colcon_cmake.task.cmake.build:Building CMake package in '/home/jeff/theimc_ws/src/theimc/theimc_description'
[0.599s] INFO:colcon.colcon_core.shell:Skip shell extension 'powershell' for command environment: Not usable outside of PowerShell
[0.600s] DEBUG:colcon.colcon_core.shell:Skip shell extension 'dsv' for command environment
[0.605s] INFO:colcon.colcon_ros.task.ament_python.build:Building ROS package in '/home/jeff/theimc_ws/src/theimc/theimc_teleop' with build type 'ament_python'
[0.605s] Level 1:colcon.colcon_core.shell:create_environment_hook('theimc_teleop', 'ament_prefix_path')
[0.605s] INFO:colcon.colcon_core.shell:Creating environment hook '/home/jeff/theimc_ws/install/theimc_teleop/share/theimc_teleop/hook/ament_prefix_path.ps1'
[0.607s] INFO:colcon.colcon_core.shell:Creating environment descriptor '/home/jeff/theimc_ws/install/theimc_teleop/share/theimc_teleop/hook/ament_prefix_path.dsv'
[0.608s] INFO:colcon.colcon_core.shell:Creating environment hook '/home/jeff/theimc_ws/install/theimc_teleop/share/theimc_teleop/hook/ament_prefix_path.sh'
[0.610s] INFO:colcon.colcon_core.shell:Skip shell extension 'powershell' for command environment: Not usable outside of PowerShell
[0.610s] DEBUG:colcon.colcon_core.shell:Skip shell extension 'dsv' for command environment
[0.620s] DEBUG:colcon.colcon_core.event_handler.log_command:Invoking command in '/home/jeff/theimc_ws/build/slampibot_cartographer': CMAKE_PREFIX_PATH=${CMAKE_PREFIX_PATH}:/home/jeff/theimc_ws/install/theimc_teleop:/opt/ros/humble /usr/bin/cmake /home/jeff/theimc_ws/src/theimc/theimc_cartographer -DAMENT_CMAKE_SYMLINK_INSTALL=1 -DCMAKE_INSTALL_PREFIX=/home/jeff/theimc_ws/install/slampibot_cartographer
[1.073s] INFO:colcon.colcon_core.task.python.build:Building Python package in '/home/jeff/theimc_ws/src/theimc/theimc_bringup'
[1.074s] INFO:colcon.colcon_core.shell:Skip shell extension 'powershell' for command environment: Not usable outside of PowerShell
[1.074s] DEBUG:colcon.colcon_core.shell:Skip shell extension 'dsv' for command environment
[1.086s] DEBUG:colcon.colcon_core.event_handler.log_command:Invoking command in '/home/jeff/theimc_ws/build/theimc_description': CMAKE_PREFIX_PATH=${CMAKE_PREFIX_PATH}:/home/jeff/theimc_ws/install/theimc_teleop:/opt/ros/humble /usr/bin/cmake --build /home/jeff/theimc_ws/build/theimc_description -- -j4 -l4
[1.558s] INFO:colcon.colcon_core.task.python.build:Building Python package in '/home/jeff/theimc_ws/src/theimc/theimc_teleop'
[1.558s] INFO:colcon.colcon_core.shell:Skip shell extension 'powershell' for command environment: Not usable outside of PowerShell
[1.558s] DEBUG:colcon.colcon_core.shell:Skip shell extension 'dsv' for command environment
[1.570s] DEBUG:colcon.colcon_core.event_handler.log_command:Invoked command in '/home/jeff/theimc_ws/build/theimc_description' returned '0': CMAKE_PREFIX_PATH=${CMAKE_PREFIX_PATH}:/home/jeff/theimc_ws/install/theimc_teleop:/opt/ros/humble /usr/bin/cmake --build /home/jeff/theimc_ws/build/theimc_description -- -j4 -l4
[1.591s] DEBUG:colcon.colcon_core.event_handler.log_command:Invoking command in '/home/jeff/theimc_ws/build/theimc_description': CMAKE_PREFIX_PATH=${CMAKE_PREFIX_PATH}:/home/jeff/theimc_ws/install/theimc_teleop:/opt/ros/humble /usr/bin/cmake --install /home/jeff/theimc_ws/build/theimc_description
[1.645s] Level 1:colcon.colcon_core.environment:create_environment_scripts_only(theimc_description)
[1.648s] DEBUG:colcon.colcon_core.event_handler.log_command:Invoked command in '/home/jeff/theimc_ws/build/theimc_description' returned '0': CMAKE_PREFIX_PATH=${CMAKE_PREFIX_PATH}:/home/jeff/theimc_ws/install/theimc_teleop:/opt/ros/humble /usr/bin/cmake --install /home/jeff/theimc_ws/build/theimc_description
[1.653s] Level 1:colcon.colcon_core.environment:checking '/home/jeff/theimc_ws/install/theimc_description' for CMake module files
[1.655s] Level 1:colcon.colcon_core.environment:checking '/home/jeff/theimc_ws/install/theimc_description' for CMake config files
[1.656s] Level 1:colcon.colcon_core.shell:create_environment_hook('theimc_description', 'cmake_prefix_path')
[1.656s] INFO:colcon.colcon_core.shell:Creating environment hook '/home/jeff/theimc_ws/install/theimc_description/share/theimc_description/hook/cmake_prefix_path.ps1'
[1.658s] INFO:colcon.colcon_core.shell:Creating environment descriptor '/home/jeff/theimc_ws/install/theimc_description/share/theimc_description/hook/cmake_prefix_path.dsv'
[1.659s] INFO:colcon.colcon_core.shell:Creating environment hook '/home/jeff/theimc_ws/install/theimc_description/share/theimc_description/hook/cmake_prefix_path.sh'
[1.661s] Level 1:colcon.colcon_core.environment:checking '/home/jeff/theimc_ws/install/theimc_description/bin'
[1.661s] Level 1:colcon.colcon_core.environment:checking '/home/jeff/theimc_ws/install/theimc_description/lib/pkgconfig/theimc_description.pc'
[1.662s] Level 1:colcon.colcon_core.environment:checking '/home/jeff/theimc_ws/install/theimc_description/lib/python3.10/site-packages'
[1.662s] Level 1:colcon.colcon_core.environment:checking '/home/jeff/theimc_ws/install/theimc_description/bin'
[1.663s] INFO:colcon.colcon_core.shell:Creating package script '/home/jeff/theimc_ws/install/theimc_description/share/theimc_description/package.ps1'
[1.666s] INFO:colcon.colcon_core.shell:Creating package descriptor '/home/jeff/theimc_ws/install/theimc_description/share/theimc_description/package.dsv'
[1.668s] INFO:colcon.colcon_core.shell:Creating package script '/home/jeff/theimc_ws/install/theimc_description/share/theimc_description/package.sh'
[1.670s] INFO:colcon.colcon_core.shell:Creating package script '/home/jeff/theimc_ws/install/theimc_description/share/theimc_description/package.bash'
[1.673s] INFO:colcon.colcon_core.shell:Creating package script '/home/jeff/theimc_ws/install/theimc_description/share/theimc_description/package.zsh'
[1.674s] Level 1:colcon.colcon_core.environment:create_file_with_runtime_dependencies(/home/jeff/theimc_ws/install/theimc_description/share/colcon-core/packages/theimc_description)
[1.676s] Level 1:colcon.colcon_core.environment:create_environment_scripts_only(theimc_description)
[1.677s] Level 1:colcon.colcon_core.environment:checking '/home/jeff/theimc_ws/install/theimc_description' for CMake module files
[1.678s] Level 1:colcon.colcon_core.environment:checking '/home/jeff/theimc_ws/install/theimc_description' for CMake config files
[1.679s] Level 1:colcon.colcon_core.shell:create_environment_hook('theimc_description', 'cmake_prefix_path')
[1.680s] INFO:colcon.colcon_core.shell:Creating environment hook '/home/jeff/theimc_ws/install/theimc_description/share/theimc_description/hook/cmake_prefix_path.ps1'
[1.681s] INFO:colcon.colcon_core.shell:Creating environment descriptor '/home/jeff/theimc_ws/install/theimc_description/share/theimc_description/hook/cmake_prefix_path.dsv'
[1.682s] INFO:colcon.colcon_core.shell:Creating environment hook '/home/jeff/theimc_ws/install/theimc_description/share/theimc_description/hook/cmake_prefix_path.sh'
[1.684s] Level 1:colcon.colcon_core.environment:checking '/home/jeff/theimc_ws/install/theimc_description/bin'
[1.684s] Level 1:colcon.colcon_core.environment:checking '/home/jeff/theimc_ws/install/theimc_description/lib/pkgconfig/theimc_description.pc'
[1.684s] Level 1:colcon.colcon_core.environment:checking '/home/jeff/theimc_ws/install/theimc_description/lib/python3.10/site-packages'
[1.685s] Level 1:colcon.colcon_core.environment:checking '/home/jeff/theimc_ws/install/theimc_description/bin'
[1.686s] INFO:colcon.colcon_core.shell:Creating package script '/home/jeff/theimc_ws/install/theimc_description/share/theimc_description/package.ps1'
[1.687s] INFO:colcon.colcon_core.shell:Creating package descriptor '/home/jeff/theimc_ws/install/theimc_description/share/theimc_description/package.dsv'
[1.689s] INFO:colcon.colcon_core.shell:Creating package script '/home/jeff/theimc_ws/install/theimc_description/share/theimc_description/package.sh'
[1.691s] INFO:colcon.colcon_core.shell:Creating package script '/home/jeff/theimc_ws/install/theimc_description/share/theimc_description/package.bash'
[1.692s] INFO:colcon.colcon_core.shell:Creating package script '/home/jeff/theimc_ws/install/theimc_description/share/theimc_description/package.zsh'
[1.693s] Level 1:colcon.colcon_core.environment:create_file_with_runtime_dependencies(/home/jeff/theimc_ws/install/theimc_description/share/colcon-core/packages/theimc_description)
[2.275s] DEBUG:colcon.colcon_core.event_handler.log_command:Invoking command in '/home/jeff/theimc_ws/build/theimc_bringup': PYTHONPATH=/home/jeff/theimc_ws/build/theimc_bringup/prefix_override:/usr/lib/python3/dist-packages/colcon_core/task/python/colcon_distutils_commands:/home/jeff/theimc_ws/install/theimc_bringup/lib/python3.10/site-packages:${PYTHONPATH} /usr/bin/python3 -W ignore:setup.py install is deprecated -W ignore:easy_install command is deprecated setup.py develop --editable --build-directory /home/jeff/theimc_ws/build/theimc_bringup/build --no-deps symlink_data
[2.279s] DEBUG:colcon.colcon_core.event_handler.log_command:Invoking command in '/home/jeff/theimc_ws/build/theimc_teleop': PYTHONPATH=/home/jeff/theimc_ws/build/theimc_teleop/prefix_override:/usr/lib/python3/dist-packages/colcon_core/task/python/colcon_distutils_commands:/home/jeff/theimc_ws/install/theimc_teleop/lib/python3.10/site-packages:${PYTHONPATH} /usr/bin/python3 -W ignore:setup.py install is deprecated -W ignore:easy_install command is deprecated setup.py develop --editable --build-directory /home/jeff/theimc_ws/build/theimc_teleop/build --no-deps symlink_data
[3.200s] Level 1:colcon.colcon_core.shell:create_environment_hook('theimc_bringup', 'pythonpath_develop')
[3.201s] INFO:colcon.colcon_core.shell:Creating environment hook '/home/jeff/theimc_ws/build/theimc_bringup/share/theimc_bringup/hook/pythonpath_develop.ps1'
[3.201s] DEBUG:colcon.colcon_core.event_handler.log_command:Invoked command in '/home/jeff/theimc_ws/build/theimc_bringup' returned '0': PYTHONPATH=/home/jeff/theimc_ws/build/theimc_bringup/prefix_override:/usr/lib/python3/dist-packages/colcon_core/task/python/colcon_distutils_commands:/home/jeff/theimc_ws/install/theimc_bringup/lib/python3.10/site-packages:${PYTHONPATH} /usr/bin/python3 -W ignore:setup.py install is deprecated -W ignore:easy_install command is deprecated setup.py develop --editable --build-directory /home/jeff/theimc_ws/build/theimc_bringup/build --no-deps symlink_data
[3.202s] INFO:colcon.colcon_core.shell:Creating environment descriptor '/home/jeff/theimc_ws/build/theimc_bringup/share/theimc_bringup/hook/pythonpath_develop.dsv'
[3.203s] INFO:colcon.colcon_core.shell:Creating environment hook '/home/jeff/theimc_ws/build/theimc_bringup/share/theimc_bringup/hook/pythonpath_develop.sh'
[3.204s] Level 1:colcon.colcon_core.environment:checking '/home/jeff/theimc_ws/install/theimc_bringup' for CMake module files
[3.204s] Level 1:colcon.colcon_core.environment:checking '/home/jeff/theimc_ws/install/theimc_bringup' for CMake config files
[3.205s] Level 1:colcon.colcon_core.shell:create_environment_hook('theimc_bringup', 'cmake_prefix_path')
[3.205s] INFO:colcon.colcon_core.shell:Creating environment hook '/home/jeff/theimc_ws/install/theimc_bringup/share/theimc_bringup/hook/cmake_prefix_path.ps1'
[3.206s] INFO:colcon.colcon_core.shell:Creating environment descriptor '/home/jeff/theimc_ws/install/theimc_bringup/share/theimc_bringup/hook/cmake_prefix_path.dsv'
[3.207s] INFO:colcon.colcon_core.shell:Creating environment hook '/home/jeff/theimc_ws/install/theimc_bringup/share/theimc_bringup/hook/cmake_prefix_path.sh'
[3.208s] Level 1:colcon.colcon_core.environment:checking '/home/jeff/theimc_ws/install/theimc_bringup/lib'
[3.209s] Level 1:colcon.colcon_core.environment:checking '/home/jeff/theimc_ws/install/theimc_bringup/bin'
[3.209s] Level 1:colcon.colcon_core.shell:create_environment_hook('theimc_bringup', 'path')
[3.210s] INFO:colcon.colcon_core.shell:Creating environment hook '/home/jeff/theimc_ws/install/theimc_bringup/share/theimc_bringup/hook/path.ps1'
[3.211s] INFO:colcon.colcon_core.shell:Creating environment descriptor '/home/jeff/theimc_ws/install/theimc_bringup/share/theimc_bringup/hook/path.dsv'
[3.211s] INFO:colcon.colcon_core.shell:Creating environment hook '/home/jeff/theimc_ws/install/theimc_bringup/share/theimc_bringup/hook/path.sh'
[3.212s] Level 1:colcon.colcon_core.environment:checking '/home/jeff/theimc_ws/install/theimc_bringup/lib/pkgconfig/theimc_bringup.pc'
[3.213s] Level 1:colcon.colcon_core.environment:checking '/home/jeff/theimc_ws/install/theimc_bringup/lib/python3.10/site-packages'
[3.213s] Level 1:colcon.colcon_core.shell:create_environment_hook('theimc_bringup', 'pythonpath')
[3.214s] INFO:colcon.colcon_core.shell:Creating environment hook '/home/jeff/theimc_ws/install/theimc_bringup/share/theimc_bringup/hook/pythonpath.ps1'
[3.215s] INFO:colcon.colcon_core.shell:Creating environment descriptor '/home/jeff/theimc_ws/install/theimc_bringup/share/theimc_bringup/hook/pythonpath.dsv'
[3.215s] INFO:colcon.colcon_core.shell:Creating environment hook '/home/jeff/theimc_ws/install/theimc_bringup/share/theimc_bringup/hook/pythonpath.sh'
[3.217s] Level 1:colcon.colcon_core.environment:checking '/home/jeff/theimc_ws/install/theimc_bringup/bin'
[3.217s] Level 1:colcon.colcon_core.shell:create_environment_hook('theimc_bringup', 'pythonscriptspath')
[3.217s] INFO:colcon.colcon_core.shell:Creating environment hook '/home/jeff/theimc_ws/install/theimc_bringup/share/theimc_bringup/hook/pythonscriptspath.ps1'
[3.218s] INFO:colcon.colcon_core.shell:Creating environment descriptor '/home/jeff/theimc_ws/install/theimc_bringup/share/theimc_bringup/hook/pythonscriptspath.dsv'
[3.219s] INFO:colcon.colcon_core.shell:Creating environment hook '/home/jeff/theimc_ws/install/theimc_bringup/share/theimc_bringup/hook/pythonscriptspath.sh'
[3.221s] Level 1:colcon.colcon_core.environment:create_environment_scripts_only(theimc_bringup)
[3.222s] INFO:colcon.colcon_core.shell:Creating package script '/home/jeff/theimc_ws/install/theimc_bringup/share/theimc_bringup/package.ps1'
[3.225s] INFO:colcon.colcon_core.shell:Creating package descriptor '/home/jeff/theimc_ws/install/theimc_bringup/share/theimc_bringup/package.dsv'
[3.226s] INFO:colcon.colcon_core.shell:Creating package script '/home/jeff/theimc_ws/install/theimc_bringup/share/theimc_bringup/package.sh'
[3.228s] INFO:colcon.colcon_core.shell:Creating package script '/home/jeff/theimc_ws/install/theimc_bringup/share/theimc_bringup/package.bash'
[3.229s] INFO:colcon.colcon_core.shell:Creating package script '/home/jeff/theimc_ws/install/theimc_bringup/share/theimc_bringup/package.zsh'
[3.229s] Level 1:colcon.colcon_core.environment:create_file_with_runtime_dependencies(/home/jeff/theimc_ws/install/theimc_bringup/share/colcon-core/packages/theimc_bringup)
[3.246s] Level 1:colcon.colcon_core.shell:create_environment_hook('theimc_teleop', 'pythonpath_develop')
[3.247s] INFO:colcon.colcon_core.shell:Creating environment hook '/home/jeff/theimc_ws/build/theimc_teleop/share/theimc_teleop/hook/pythonpath_develop.ps1'
[3.248s] DEBUG:colcon.colcon_core.event_handler.log_command:Invoked command in '/home/jeff/theimc_ws/build/theimc_teleop' returned '0': PYTHONPATH=/home/jeff/theimc_ws/build/theimc_teleop/prefix_override:/usr/lib/python3/dist-packages/colcon_core/task/python/colcon_distutils_commands:/home/jeff/theimc_ws/install/theimc_teleop/lib/python3.10/site-packages:${PYTHONPATH} /usr/bin/python3 -W ignore:setup.py install is deprecated -W ignore:easy_install command is deprecated setup.py develop --editable --build-directory /home/jeff/theimc_ws/build/theimc_teleop/build --no-deps symlink_data
[3.248s] INFO:colcon.colcon_core.shell:Creating environment descriptor '/home/jeff/theimc_ws/build/theimc_teleop/share/theimc_teleop/hook/pythonpath_develop.dsv'
[3.249s] INFO:colcon.colcon_core.shell:Creating environment hook '/home/jeff/theimc_ws/build/theimc_teleop/share/theimc_teleop/hook/pythonpath_develop.sh'
[3.250s] Level 1:colcon.colcon_core.environment:checking '/home/jeff/theimc_ws/install/theimc_teleop' for CMake module files
[3.250s] Level 1:colcon.colcon_core.environment:checking '/home/jeff/theimc_ws/install/theimc_teleop' for CMake config files
[3.251s] Level 1:colcon.colcon_core.environment:checking '/home/jeff/theimc_ws/install/theimc_teleop/lib'
[3.251s] Level 1:colcon.colcon_core.environment:checking '/home/jeff/theimc_ws/install/theimc_teleop/bin'
[3.252s] Level 1:colcon.colcon_core.environment:checking '/home/jeff/theimc_ws/install/theimc_teleop/lib/pkgconfig/theimc_teleop.pc'
[3.252s] Level 1:colcon.colcon_core.environment:checking '/home/jeff/theimc_ws/install/theimc_teleop/lib/python3.10/site-packages'
[3.252s] Level 1:colcon.colcon_core.shell:create_environment_hook('theimc_teleop', 'pythonpath')
[3.253s] INFO:colcon.colcon_core.shell:Creating environment hook '/home/jeff/theimc_ws/install/theimc_teleop/share/theimc_teleop/hook/pythonpath.ps1'
[3.254s] INFO:colcon.colcon_core.shell:Creating environment descriptor '/home/jeff/theimc_ws/install/theimc_teleop/share/theimc_teleop/hook/pythonpath.dsv'
[3.255s] INFO:colcon.colcon_core.shell:Creating environment hook '/home/jeff/theimc_ws/install/theimc_teleop/share/theimc_teleop/hook/pythonpath.sh'
[3.255s] Level 1:colcon.colcon_core.environment:checking '/home/jeff/theimc_ws/install/theimc_teleop/bin'
[3.256s] Level 1:colcon.colcon_core.environment:create_environment_scripts_only(theimc_teleop)
[3.256s] INFO:colcon.colcon_core.shell:Creating package script '/home/jeff/theimc_ws/install/theimc_teleop/share/theimc_teleop/package.ps1'
[3.257s] INFO:colcon.colcon_core.shell:Creating package descriptor '/home/jeff/theimc_ws/install/theimc_teleop/share/theimc_teleop/package.dsv'
[3.258s] INFO:colcon.colcon_core.shell:Creating package script '/home/jeff/theimc_ws/install/theimc_teleop/share/theimc_teleop/package.sh'
[3.259s] INFO:colcon.colcon_core.shell:Creating package script '/home/jeff/theimc_ws/install/theimc_teleop/share/theimc_teleop/package.bash'
[3.260s] INFO:colcon.colcon_core.shell:Creating package script '/home/jeff/theimc_ws/install/theimc_teleop/share/theimc_teleop/package.zsh'
[3.260s] Level 1:colcon.colcon_core.environment:create_file_with_runtime_dependencies(/home/jeff/theimc_ws/install/theimc_teleop/share/colcon-core/packages/theimc_teleop)
[10.428s] DEBUG:colcon.colcon_core.event_handler.log_command:Invoked command in '/home/jeff/theimc_ws/build/slampibot_cartographer' returned '0': CMAKE_PREFIX_PATH=${CMAKE_PREFIX_PATH}:/home/jeff/theimc_ws/install/theimc_teleop:/opt/ros/humble /usr/bin/cmake /home/jeff/theimc_ws/src/theimc/theimc_cartographer -DAMENT_CMAKE_SYMLINK_INSTALL=1 -DCMAKE_INSTALL_PREFIX=/home/jeff/theimc_ws/install/slampibot_cartographer
[10.432s] DEBUG:colcon.colcon_core.event_handler.log_command:Invoking command in '/home/jeff/theimc_ws/build/slampibot_cartographer': CMAKE_PREFIX_PATH=${CMAKE_PREFIX_PATH}:/home/jeff/theimc_ws/install/theimc_teleop:/opt/ros/humble /usr/bin/cmake --build /home/jeff/theimc_ws/build/slampibot_cartographer -- -j4 -l4
[10.490s] DEBUG:colcon.colcon_core.event_handler.log_command:Invoked command in '/home/jeff/theimc_ws/build/slampibot_cartographer' returned '0': CMAKE_PREFIX_PATH=${CMAKE_PREFIX_PATH}:/home/jeff/theimc_ws/install/theimc_teleop:/opt/ros/humble /usr/bin/cmake --build /home/jeff/theimc_ws/build/slampibot_cartographer -- -j4 -l4
[10.494s] DEBUG:colcon.colcon_core.event_handler.log_command:Invoking command in '/home/jeff/theimc_ws/build/slampibot_cartographer': CMAKE_PREFIX_PATH=${CMAKE_PREFIX_PATH}:/home/jeff/theimc_ws/install/theimc_teleop:/opt/ros/humble /usr/bin/cmake --install /home/jeff/theimc_ws/build/slampibot_cartographer
[10.703s] Level 1:colcon.colcon_core.environment:create_environment_scripts_only(slampibot_cartographer)
[10.704s] DEBUG:colcon.colcon_core.event_handler.log_command:Invoked command in '/home/jeff/theimc_ws/build/slampibot_cartographer' returned '0': CMAKE_PREFIX_PATH=${CMAKE_PREFIX_PATH}:/home/jeff/theimc_ws/install/theimc_teleop:/opt/ros/humble /usr/bin/cmake --install /home/jeff/theimc_ws/build/slampibot_cartographer
[10.705s] Level 1:colcon.colcon_core.environment:checking '/home/jeff/theimc_ws/install/slampibot_cartographer' for CMake module files
[10.706s] Level 1:colcon.colcon_core.environment:checking '/home/jeff/theimc_ws/install/slampibot_cartographer' for CMake config files
[10.706s] Level 1:colcon.colcon_core.shell:create_environment_hook('slampibot_cartographer', 'cmake_prefix_path')
[10.707s] INFO:colcon.colcon_core.shell:Creating environment hook '/home/jeff/theimc_ws/install/slampibot_cartographer/share/slampibot_cartographer/hook/cmake_prefix_path.ps1'
[10.707s] INFO:colcon.colcon_core.shell:Creating environment descriptor '/home/jeff/theimc_ws/install/slampibot_cartographer/share/slampibot_cartographer/hook/cmake_prefix_path.dsv'
[10.708s] INFO:colcon.colcon_core.shell:Creating environment hook '/home/jeff/theimc_ws/install/slampibot_cartographer/share/slampibot_cartographer/hook/cmake_prefix_path.sh'
[10.709s] Level 1:colcon.colcon_core.environment:checking '/home/jeff/theimc_ws/install/slampibot_cartographer/bin'
[10.709s] Level 1:colcon.colcon_core.environment:checking '/home/jeff/theimc_ws/install/slampibot_cartographer/lib/pkgconfig/slampibot_cartographer.pc'
[10.709s] Level 1:colcon.colcon_core.environment:checking '/home/jeff/theimc_ws/install/slampibot_cartographer/lib/python3.10/site-packages'
[10.710s] Level 1:colcon.colcon_core.environment:checking '/home/jeff/theimc_ws/install/slampibot_cartographer/bin'
[10.710s] INFO:colcon.colcon_core.shell:Creating package script '/home/jeff/theimc_ws/install/slampibot_cartographer/share/slampibot_cartographer/package.ps1'
[10.711s] INFO:colcon.colcon_core.shell:Creating package descriptor '/home/jeff/theimc_ws/install/slampibot_cartographer/share/slampibot_cartographer/package.dsv'
[10.711s] INFO:colcon.colcon_core.shell:Creating package script '/home/jeff/theimc_ws/install/slampibot_cartographer/share/slampibot_cartographer/package.sh'
[10.712s] INFO:colcon.colcon_core.shell:Creating package script '/home/jeff/theimc_ws/install/slampibot_cartographer/share/slampibot_cartographer/package.bash'
[10.712s] INFO:colcon.colcon_core.shell:Creating package script '/home/jeff/theimc_ws/install/slampibot_cartographer/share/slampibot_cartographer/package.zsh'
[10.713s] Level 1:colcon.colcon_core.environment:create_file_with_runtime_dependencies(/home/jeff/theimc_ws/install/slampibot_cartographer/share/colcon-core/packages/slampibot_cartographer)
[10.714s] Level 1:colcon.colcon_core.environment:create_environment_scripts_only(slampibot_cartographer)
[10.714s] Level 1:colcon.colcon_core.environment:checking '/home/jeff/theimc_ws/install/slampibot_cartographer' for CMake module files
[10.715s] Level 1:colcon.colcon_core.environment:checking '/home/jeff/theimc_ws/install/slampibot_cartographer' for CMake config files
[10.716s] Level 1:colcon.colcon_core.shell:create_environment_hook('slampibot_cartographer', 'cmake_prefix_path')
[10.716s] INFO:colcon.colcon_core.shell:Creating environment hook '/home/jeff/theimc_ws/install/slampibot_cartographer/share/slampibot_cartographer/hook/cmake_prefix_path.ps1'
[10.717s] INFO:colcon.colcon_core.shell:Creating environment descriptor '/home/jeff/theimc_ws/install/slampibot_cartographer/share/slampibot_cartographer/hook/cmake_prefix_path.dsv'
[10.717s] INFO:colcon.colcon_core.shell:Creating environment hook '/home/jeff/theimc_ws/install/slampibot_cartographer/share/slampibot_cartographer/hook/cmake_prefix_path.sh'
[10.718s] Level 1:colcon.colcon_core.environment:checking '/home/jeff/theimc_ws/install/slampibot_cartographer/bin'
[10.718s] Level 1:colcon.colcon_core.environment:checking '/home/jeff/theimc_ws/install/slampibot_cartographer/lib/pkgconfig/slampibot_cartographer.pc'
[10.719s] Level 1:colcon.colcon_core.environment:checking '/home/jeff/theimc_ws/install/slampibot_cartographer/lib/python3.10/site-packages'
[10.719s] Level 1:colcon.colcon_core.environment:checking '/home/jeff/theimc_ws/install/slampibot_cartographer/bin'
[10.719s] INFO:colcon.colcon_core.shell:Creating package script '/home/jeff/theimc_ws/install/slampibot_cartographer/share/slampibot_cartographer/package.ps1'
[10.720s] INFO:colcon.colcon_core.shell:Creating package descriptor '/home/jeff/theimc_ws/install/slampibot_cartographer/share/slampibot_cartographer/package.dsv'
[10.721s] INFO:colcon.colcon_core.shell:Creating package script '/home/jeff/theimc_ws/install/slampibot_cartographer/share/slampibot_cartographer/package.sh'
[10.722s] INFO:colcon.colcon_core.shell:Creating package script '/home/jeff/theimc_ws/install/slampibot_cartographer/share/slampibot_cartographer/package.bash'
[10.722s] INFO:colcon.colcon_core.shell:Creating package script '/home/jeff/theimc_ws/install/slampibot_cartographer/share/slampibot_cartographer/package.zsh'
[10.723s] Level 1:colcon.colcon_core.environment:create_file_with_runtime_dependencies(/home/jeff/theimc_ws/install/slampibot_cartographer/share/colcon-core/packages/slampibot_cartographer)
[10.723s] DEBUG:colcon.colcon_parallel_executor.executor.parallel:closing loop
[10.724s] DEBUG:colcon.colcon_parallel_executor.executor.parallel:loop closed
[10.724s] DEBUG:colcon.colcon_parallel_executor.executor.parallel:run_until_complete finished with '0'
[10.724s] DEBUG:colcon.colcon_core.event_reactor:joining thread
[10.738s] INFO:colcon.colcon_core.plugin_system:Skipping extension 'colcon_notification.desktop_notification.terminal_notifier': Not used on non-Darwin systems
[10.739s] INFO:colcon.colcon_core.plugin_system:Skipping extension 'colcon_notification.desktop_notification.win32': Not used on non-Windows systems
[10.739s] INFO:colcon.colcon_notification.desktop_notification:Sending desktop notification using 'notify2'
[10.905s] DEBUG:colcon.colcon_core.event_reactor:joined thread
[10.906s] INFO:colcon.colcon_core.shell:Creating prefix script '/home/jeff/theimc_ws/install/local_setup.ps1'
[10.908s] INFO:colcon.colcon_core.shell:Creating prefix util module '/home/jeff/theimc_ws/install/_local_setup_util_ps1.py'
[10.910s] INFO:colcon.colcon_core.shell:Creating prefix chain script '/home/jeff/theimc_ws/install/setup.ps1'
[10.912s] INFO:colcon.colcon_core.shell:Creating prefix script '/home/jeff/theimc_ws/install/local_setup.sh'
[10.913s] INFO:colcon.colcon_core.shell:Creating prefix util module '/home/jeff/theimc_ws/install/_local_setup_util_sh.py'
[10.913s] INFO:colcon.colcon_core.shell:Creating prefix chain script '/home/jeff/theimc_ws/install/setup.sh'
[10.915s] INFO:colcon.colcon_core.shell:Creating prefix script '/home/jeff/theimc_ws/install/local_setup.bash'
[10.917s] INFO:colcon.colcon_core.shell:Creating prefix chain script '/home/jeff/theimc_ws/install/setup.bash'
[10.918s] INFO:colcon.colcon_core.shell:Creating prefix script '/home/jeff/theimc_ws/install/local_setup.zsh'
[10.919s] INFO:colcon.colcon_core.shell:Creating prefix chain script '/home/jeff/theimc_ws/install/setup.zsh'
