[0.453s] Invoking command in '/home/jeff/theimc_ws/build/theimc_cartographer': CMAKE_PREFIX_PATH=${CMAKE_PREFIX_PATH}:/home/jeff/theimc_ws/install/theimc_teleop:/opt/ros/humble /usr/bin/cmake --build /home/jeff/theimc_ws/build/theimc_cartographer -- -j4 -l4
[0.626s] Invoked command in '/home/jeff/theimc_ws/build/theimc_cartographer' returned '0': CMAKE_PREFIX_PATH=${CMAKE_PREFIX_PATH}:/home/jeff/theimc_ws/install/theimc_teleop:/opt/ros/humble /usr/bin/cmake --build /home/jeff/theimc_ws/build/theimc_cartographer -- -j4 -l4
[0.629s] Invoking command in '/home/jeff/theimc_ws/build/theimc_cartographer': CMAKE_PREFIX_PATH=${CMAKE_PREFIX_PATH}:/home/jeff/theimc_ws/install/theimc_teleop:/opt/ros/humble /usr/bin/cmake --install /home/jeff/theimc_ws/build/theimc_cartographer
[0.650s] -- Install configuration: ""
[0.650s] -- Execute custom install script
[0.651s] -- Up-to-date symlink: /home/jeff/theimc_ws/install/theimc_cartographer/share/theimc_cartographer/params/theimc_cartographer.lua
[0.651s] -- Up-to-date symlink: /home/jeff/theimc_ws/install/theimc_cartographer/share/theimc_cartographer/launch/theimc_cartographer.launch.py
[0.651s] -- Up-to-date symlink: /home/jeff/theimc_ws/install/theimc_cartographer/share/theimc_cartographer/rviz/theimc_cartographer.rviz
[0.652s] -- Up-to-date symlink: /home/jeff/theimc_ws/install/theimc_cartographer/share/ament_index/resource_index/package_run_dependencies/theimc_cartographer
[0.655s] -- Up-to-date symlink: /home/jeff/theimc_ws/install/theimc_cartographer/share/ament_index/resource_index/parent_prefix_path/theimc_cartographer
[0.656s] -- Up-to-date symlink: /home/jeff/theimc_ws/install/theimc_cartographer/share/theimc_cartographer/environment/ament_prefix_path.sh
[0.664s] -- Up-to-date symlink: /home/jeff/theimc_ws/install/theimc_cartographer/share/theimc_cartographer/environment/ament_prefix_path.dsv
[0.664s] -- Up-to-date symlink: /home/jeff/theimc_ws/install/theimc_cartographer/share/theimc_cartographer/environment/path.sh
[0.664s] -- Up-to-date symlink: /home/jeff/theimc_ws/install/theimc_cartographer/share/theimc_cartographer/environment/path.dsv
[0.667s] -- Up-to-date symlink: /home/jeff/theimc_ws/install/theimc_cartographer/share/theimc_cartographer/local_setup.bash
[0.668s] -- Up-to-date symlink: /home/jeff/theimc_ws/install/theimc_cartographer/share/theimc_cartographer/local_setup.sh
[0.668s] -- Up-to-date symlink: /home/jeff/theimc_ws/install/theimc_cartographer/share/theimc_cartographer/local_setup.zsh
[0.668s] -- Up-to-date symlink: /home/jeff/theimc_ws/install/theimc_cartographer/share/theimc_cartographer/local_setup.dsv
[0.668s] -- Symlinking: /home/jeff/theimc_ws/install/theimc_cartographer/share/theimc_cartographer/package.dsv
[0.675s] -- Up-to-date symlink: /home/jeff/theimc_ws/install/theimc_cartographer/share/ament_index/resource_index/packages/theimc_cartographer
[0.675s] -- Up-to-date symlink: /home/jeff/theimc_ws/install/theimc_cartographer/share/theimc_cartographer/cmake/theimc_cartographerConfig.cmake
[0.676s] -- Up-to-date symlink: /home/jeff/theimc_ws/install/theimc_cartographer/share/theimc_cartographer/cmake/theimc_cartographerConfig-version.cmake
[0.677s] -- Up-to-date symlink: /home/jeff/theimc_ws/install/theimc_cartographer/share/theimc_cartographer/package.xml
[1.149s] Invoked command in '/home/jeff/theimc_ws/build/theimc_cartographer' returned '0': CMAKE_PREFIX_PATH=${CMAKE_PREFIX_PATH}:/home/jeff/theimc_ws/install/theimc_teleop:/opt/ros/humble /usr/bin/cmake --install /home/jeff/theimc_ws/build/theimc_cartographer
