[0.014s] Invoking command in '/home/jeff/theimc_ws/build/theimc_bringup': CMAKE_PREFIX_PATH=/home/jeff/theimc_ws/install/theimc_description:/home/jeff/theimc_ws/install/theimc_bringup:/opt/ros/humble /usr/bin/cmake --build /home/jeff/theimc_ws/build/theimc_bringup -- -j4 -l4
[0.064s] Invoked command in '/home/jeff/theimc_ws/build/theimc_bringup' returned '0': CMAKE_PREFIX_PATH=/home/jeff/theimc_ws/install/theimc_description:/home/jeff/theimc_ws/install/theimc_bringup:/opt/ros/humble /usr/bin/cmake --build /home/jeff/theimc_ws/build/theimc_bringup -- -j4 -l4
[0.067s] Invoking command in '/home/jeff/theimc_ws/build/theimc_bringup': CMAKE_PREFIX_PATH=/home/jeff/theimc_ws/install/theimc_description:/home/jeff/theimc_ws/install/theimc_bringup:/opt/ros/humble /usr/bin/cmake --install /home/jeff/theimc_ws/build/theimc_bringup
[0.077s] -- Install configuration: ""
[0.078s] -- Execute custom install script
[0.078s] -- Up-to-date symlink: /home/jeff/theimc_ws/install/theimc_bringup/share/theimc_bringup/launch/rviz2.launch.py
[0.078s] -- Up-to-date symlink: /home/jeff/theimc_ws/install/theimc_bringup/share/theimc_bringup/launch/theimc_bringup.launch.py
[0.079s] -- Up-to-date symlink: /home/jeff/theimc_ws/install/theimc_bringup/share/theimc_bringup/launch/theimc_bringup_rviz.launch.py
[0.079s] -- Up-to-date symlink: /home/jeff/theimc_ws/install/theimc_bringup/share/theimc_bringup/params/theimc_ydlidar.yaml
[0.079s] -- Up-to-date symlink: /home/jeff/theimc_ws/install/theimc_bringup/share/ament_index/resource_index/package_run_dependencies/theimc_bringup
[0.080s] -- Up-to-date symlink: /home/jeff/theimc_ws/install/theimc_bringup/share/ament_index/resource_index/parent_prefix_path/theimc_bringup
[0.080s] -- Up-to-date symlink: /home/jeff/theimc_ws/install/theimc_bringup/share/theimc_bringup/environment/ament_prefix_path.sh
[0.080s] -- Up-to-date symlink: /home/jeff/theimc_ws/install/theimc_bringup/share/theimc_bringup/environment/ament_prefix_path.dsv
[0.080s] -- Up-to-date symlink: /home/jeff/theimc_ws/install/theimc_bringup/share/theimc_bringup/environment/path.sh
[0.081s] -- Up-to-date symlink: /home/jeff/theimc_ws/install/theimc_bringup/share/theimc_bringup/environment/path.dsv
[0.081s] -- Up-to-date symlink: /home/jeff/theimc_ws/install/theimc_bringup/share/theimc_bringup/local_setup.bash
[0.081s] -- Up-to-date symlink: /home/jeff/theimc_ws/install/theimc_bringup/share/theimc_bringup/local_setup.sh
[0.081s] -- Up-to-date symlink: /home/jeff/theimc_ws/install/theimc_bringup/share/theimc_bringup/local_setup.zsh
[0.081s] -- Up-to-date symlink: /home/jeff/theimc_ws/install/theimc_bringup/share/theimc_bringup/local_setup.dsv
[0.082s] -- Symlinking: /home/jeff/theimc_ws/install/theimc_bringup/share/theimc_bringup/package.dsv
[0.093s] -- Up-to-date symlink: /home/jeff/theimc_ws/install/theimc_bringup/share/ament_index/resource_index/packages/theimc_bringup
[0.094s] -- Up-to-date symlink: /home/jeff/theimc_ws/install/theimc_bringup/share/theimc_bringup/cmake/theimc_bringupConfig.cmake
[0.094s] -- Up-to-date symlink: /home/jeff/theimc_ws/install/theimc_bringup/share/theimc_bringup/cmake/theimc_bringupConfig-version.cmake
[0.094s] -- Up-to-date symlink: /home/jeff/theimc_ws/install/theimc_bringup/share/theimc_bringup/package.xml
[0.098s] Invoked command in '/home/jeff/theimc_ws/build/theimc_bringup' returned '0': CMAKE_PREFIX_PATH=/home/jeff/theimc_ws/install/theimc_description:/home/jeff/theimc_ws/install/theimc_bringup:/opt/ros/humble /usr/bin/cmake --install /home/jeff/theimc_ws/build/theimc_bringup
