[2.251s] Invoking command in '/home/jeff/theimc_ws/build/theimc_bringup': PYTHONPATH=/home/jeff/theimc_ws/build/theimc_bringup/prefix_override:/usr/lib/python3/dist-packages/colcon_core/task/python/colcon_distutils_commands:/home/jeff/theimc_ws/install/theimc_bringup/lib/python3.10/site-packages:${PYTHONPATH} /usr/bin/python3 -W ignore:setup.py install is deprecated -W ignore:easy_install command is deprecated setup.py develop --editable --build-directory /home/jeff/theimc_ws/build/theimc_bringup/build --no-deps symlink_data
[2.695s] running develop
[3.012s] running egg_info
[3.012s] creating theimc_bringup.egg-info
[3.012s] writing theimc_bringup.egg-info/PKG-INFO
[3.013s] writing dependency_links to theimc_bringup.egg-info/dependency_links.txt
[3.013s] writing entry points to theimc_bringup.egg-info/entry_points.txt
[3.013s] writing requirements to theimc_bringup.egg-info/requires.txt
[3.014s] writing top-level names to theimc_bringup.egg-info/top_level.txt
[3.014s] writing manifest file 'theimc_bringup.egg-info/SOURCES.txt'
[3.018s] reading manifest file 'theimc_bringup.egg-info/SOURCES.txt'
[3.020s] writing manifest file 'theimc_bringup.egg-info/SOURCES.txt'
[3.024s] running build_ext
[3.024s] Creating /home/jeff/theimc_ws/install/theimc_bringup/lib/python3.10/site-packages/theimc-bringup.egg-link (link to .)
[3.026s] Installing bringup_node script to /home/jeff/theimc_ws/install/theimc_bringup/bin
[3.027s] 
[3.027s] Installed /home/jeff/theimc_ws/build/theimc_bringup
[3.028s] error: can't copy '/home/jeff/theimc_ws/build/theimc_bringup/resource/theimc_bringup': doesn't exist or not a regular file
[3.028s] running symlink_data
[3.105s] Invoked command in '/home/jeff/theimc_ws/build/theimc_bringup' returned '1': PYTHONPATH=/home/jeff/theimc_ws/build/theimc_bringup/prefix_override:/usr/lib/python3/dist-packages/colcon_core/task/python/colcon_distutils_commands:/home/jeff/theimc_ws/install/theimc_bringup/lib/python3.10/site-packages:${PYTHONPATH} /usr/bin/python3 -W ignore:setup.py install is deprecated -W ignore:easy_install command is deprecated setup.py develop --editable --build-directory /home/jeff/theimc_ws/build/theimc_bringup/build --no-deps symlink_data
