[0.209s] DEBUG:colcon:Command line arguments: ['/usr/bin/colcon', 'build', '--symlink-install']
[0.209s] DEBUG:colcon:Parsed command line arguments: Namespace(log_base=None, log_level=None, verb_name='build', build_base='build', install_base='install', merge_install=False, symlink_install=True, test_result_base=None, continue_on_error=False, executor='parallel', parallel_workers=4, event_handlers=None, ignore_user_meta=False, metas=['./colcon.meta'], base_paths=['.'], packages_ignore=None, packages_ignore_regex=None, paths=None, packages_up_to=None, packages_up_to_regex=None, packages_above=None, packages_above_and_dependencies=None, packages_above_depth=None, packages_select_by_dep=None, packages_skip_by_dep=None, packages_skip_up_to=None, packages_select_build_failed=False, packages_skip_build_finished=False, packages_select_test_failures=False, packages_skip_test_passed=False, packages_select=None, packages_skip=None, packages_select_regex=None, packages_skip_regex=None, packages_start=None, packages_end=None, allow_overriding=[], cmake_args=None, cmake_target=None, cmake_target_skip_unavailable=False, cmake_clean_cache=False, cmake_clean_first=False, cmake_force_configure=False, ament_cmake_args=None, catkin_cmake_args=None, catkin_skip_building_tests=False, verb_parser=<colcon_defaults.argument_parser.defaults.DefaultArgumentsDecorator object at 0x7265d5630b50>, verb_extension=<colcon_core.verb.build.BuildVerb object at 0x7265d5630670>, main=<bound method BuildVerb.main of <colcon_core.verb.build.BuildVerb object at 0x7265d5630670>>)
[0.568s] Level 1:colcon.colcon_core.package_discovery:discover_packages(colcon_meta) check parameters
[0.568s] Level 1:colcon.colcon_core.package_discovery:discover_packages(recursive) check parameters
[0.568s] Level 1:colcon.colcon_core.package_discovery:discover_packages(ignore) check parameters
[0.569s] Level 1:colcon.colcon_core.package_discovery:discover_packages(path) check parameters
[0.569s] Level 1:colcon.colcon_core.package_discovery:discover_packages(colcon_meta) discover
[0.569s] Level 1:colcon.colcon_core.package_discovery:discover_packages(recursive) discover
[0.569s] INFO:colcon.colcon_core.package_discovery:Crawling recursively for packages in '/home/jeff/theimc_ws'
[0.569s] Level 1:colcon.colcon_core.package_identification:_identify(.) by extensions ['ignore', 'ignore_ament_install']
[0.569s] Level 1:colcon.colcon_core.package_identification:_identify(.) by extension 'ignore'
[0.569s] Level 1:colcon.colcon_core.package_identification:_identify(.) by extension 'ignore_ament_install'
[0.569s] Level 1:colcon.colcon_core.package_identification:_identify(.) by extensions ['colcon_pkg']
[0.569s] Level 1:colcon.colcon_core.package_identification:_identify(.) by extension 'colcon_pkg'
[0.569s] Level 1:colcon.colcon_core.package_identification:_identify(.) by extensions ['colcon_meta']
[0.569s] Level 1:colcon.colcon_core.package_identification:_identify(.) by extension 'colcon_meta'
[0.569s] Level 1:colcon.colcon_core.package_identification:_identify(.) by extensions ['ros']
[0.569s] Level 1:colcon.colcon_core.package_identification:_identify(.) by extension 'ros'
[0.590s] Level 1:colcon.colcon_core.package_identification:_identify(.) by extensions ['cmake', 'python']
[0.590s] Level 1:colcon.colcon_core.package_identification:_identify(.) by extension 'cmake'
[0.590s] Level 1:colcon.colcon_core.package_identification:_identify(.) by extension 'python'
[0.591s] Level 1:colcon.colcon_core.package_identification:_identify(.) by extensions ['python_setup_py']
[0.591s] Level 1:colcon.colcon_core.package_identification:_identify(.) by extension 'python_setup_py'
[0.591s] Level 1:colcon.colcon_core.package_identification:_identify(build) by extensions ['ignore', 'ignore_ament_install']
[0.591s] Level 1:colcon.colcon_core.package_identification:_identify(build) by extension 'ignore'
[0.591s] Level 1:colcon.colcon_core.package_identification:_identify(build) ignored
[0.591s] Level 1:colcon.colcon_core.package_identification:_identify(install) by extensions ['ignore', 'ignore_ament_install']
[0.591s] Level 1:colcon.colcon_core.package_identification:_identify(install) by extension 'ignore'
[0.592s] Level 1:colcon.colcon_core.package_identification:_identify(install) ignored
[0.592s] Level 1:colcon.colcon_core.package_identification:_identify(log) by extensions ['ignore', 'ignore_ament_install']
[0.592s] Level 1:colcon.colcon_core.package_identification:_identify(log) by extension 'ignore'
[0.592s] Level 1:colcon.colcon_core.package_identification:_identify(log) ignored
[0.592s] Level 1:colcon.colcon_core.package_identification:_identify(src) by extensions ['ignore', 'ignore_ament_install']
[0.592s] Level 1:colcon.colcon_core.package_identification:_identify(src) by extension 'ignore'
[0.592s] Level 1:colcon.colcon_core.package_identification:_identify(src) by extension 'ignore_ament_install'
[0.593s] Level 1:colcon.colcon_core.package_identification:_identify(src) by extensions ['colcon_pkg']
[0.593s] Level 1:colcon.colcon_core.package_identification:_identify(src) by extension 'colcon_pkg'
[0.593s] Level 1:colcon.colcon_core.package_identification:_identify(src) by extensions ['colcon_meta']
[0.593s] Level 1:colcon.colcon_core.package_identification:_identify(src) by extension 'colcon_meta'
[0.593s] Level 1:colcon.colcon_core.package_identification:_identify(src) by extensions ['ros']
[0.593s] Level 1:colcon.colcon_core.package_identification:_identify(src) by extension 'ros'
[0.593s] Level 1:colcon.colcon_core.package_identification:_identify(src) by extensions ['cmake', 'python']
[0.593s] Level 1:colcon.colcon_core.package_identification:_identify(src) by extension 'cmake'
[0.593s] Level 1:colcon.colcon_core.package_identification:_identify(src) by extension 'python'
[0.593s] Level 1:colcon.colcon_core.package_identification:_identify(src) by extensions ['python_setup_py']
[0.593s] Level 1:colcon.colcon_core.package_identification:_identify(src) by extension 'python_setup_py'
[0.593s] Level 1:colcon.colcon_core.package_identification:_identify(src/theimc) by extensions ['ignore', 'ignore_ament_install']
[0.593s] Level 1:colcon.colcon_core.package_identification:_identify(src/theimc) by extension 'ignore'
[0.594s] Level 1:colcon.colcon_core.package_identification:_identify(src/theimc) by extension 'ignore_ament_install'
[0.594s] Level 1:colcon.colcon_core.package_identification:_identify(src/theimc) by extensions ['colcon_pkg']
[0.594s] Level 1:colcon.colcon_core.package_identification:_identify(src/theimc) by extension 'colcon_pkg'
[0.594s] Level 1:colcon.colcon_core.package_identification:_identify(src/theimc) by extensions ['colcon_meta']
[0.594s] Level 1:colcon.colcon_core.package_identification:_identify(src/theimc) by extension 'colcon_meta'
[0.594s] Level 1:colcon.colcon_core.package_identification:_identify(src/theimc) by extensions ['ros']
[0.594s] Level 1:colcon.colcon_core.package_identification:_identify(src/theimc) by extension 'ros'
[0.594s] Level 1:colcon.colcon_core.package_identification:_identify(src/theimc) by extensions ['cmake', 'python']
[0.594s] Level 1:colcon.colcon_core.package_identification:_identify(src/theimc) by extension 'cmake'
[0.594s] Level 1:colcon.colcon_core.package_identification:_identify(src/theimc) by extension 'python'
[0.594s] Level 1:colcon.colcon_core.package_identification:_identify(src/theimc) by extensions ['python_setup_py']
[0.594s] Level 1:colcon.colcon_core.package_identification:_identify(src/theimc) by extension 'python_setup_py'
[0.594s] Level 1:colcon.colcon_core.package_identification:_identify(src/theimc/theimc_bringup) by extensions ['ignore', 'ignore_ament_install']
[0.594s] Level 1:colcon.colcon_core.package_identification:_identify(src/theimc/theimc_bringup) by extension 'ignore'
[0.594s] Level 1:colcon.colcon_core.package_identification:_identify(src/theimc/theimc_bringup) by extension 'ignore_ament_install'
[0.595s] Level 1:colcon.colcon_core.package_identification:_identify(src/theimc/theimc_bringup) by extensions ['colcon_pkg']
[0.595s] Level 1:colcon.colcon_core.package_identification:_identify(src/theimc/theimc_bringup) by extension 'colcon_pkg'
[0.595s] Level 1:colcon.colcon_core.package_identification:_identify(src/theimc/theimc_bringup) by extensions ['colcon_meta']
[0.595s] Level 1:colcon.colcon_core.package_identification:_identify(src/theimc/theimc_bringup) by extension 'colcon_meta'
[0.595s] Level 1:colcon.colcon_core.package_identification:_identify(src/theimc/theimc_bringup) by extensions ['ros']
[0.595s] Level 1:colcon.colcon_core.package_identification:_identify(src/theimc/theimc_bringup) by extension 'ros'
[0.599s] DEBUG:colcon.colcon_core.package_identification:Package 'src/theimc/theimc_bringup' with type 'ros.ament_cmake' and name 'theimc_bringup'
[0.599s] Level 1:colcon.colcon_core.package_identification:_identify(src/theimc/theimc_description) by extensions ['ignore', 'ignore_ament_install']
[0.599s] Level 1:colcon.colcon_core.package_identification:_identify(src/theimc/theimc_description) by extension 'ignore'
[0.600s] Level 1:colcon.colcon_core.package_identification:_identify(src/theimc/theimc_description) by extension 'ignore_ament_install'
[0.600s] Level 1:colcon.colcon_core.package_identification:_identify(src/theimc/theimc_description) by extensions ['colcon_pkg']
[0.600s] Level 1:colcon.colcon_core.package_identification:_identify(src/theimc/theimc_description) by extension 'colcon_pkg'
[0.600s] Level 1:colcon.colcon_core.package_identification:_identify(src/theimc/theimc_description) by extensions ['colcon_meta']
[0.600s] Level 1:colcon.colcon_core.package_identification:_identify(src/theimc/theimc_description) by extension 'colcon_meta'
[0.600s] Level 1:colcon.colcon_core.package_identification:_identify(src/theimc/theimc_description) by extensions ['ros']
[0.601s] Level 1:colcon.colcon_core.package_identification:_identify(src/theimc/theimc_description) by extension 'ros'
[0.603s] DEBUG:colcon.colcon_core.package_identification:Package 'src/theimc/theimc_description' with type 'ros.ament_cmake' and name 'theimc_description'
[0.603s] Level 1:colcon.colcon_core.package_identification:_identify(src/theimc/theimc_teleop) by extensions ['ignore', 'ignore_ament_install']
[0.604s] Level 1:colcon.colcon_core.package_identification:_identify(src/theimc/theimc_teleop) by extension 'ignore'
[0.604s] Level 1:colcon.colcon_core.package_identification:_identify(src/theimc/theimc_teleop) by extension 'ignore_ament_install'
[0.604s] Level 1:colcon.colcon_core.package_identification:_identify(src/theimc/theimc_teleop) by extensions ['colcon_pkg']
[0.604s] Level 1:colcon.colcon_core.package_identification:_identify(src/theimc/theimc_teleop) by extension 'colcon_pkg'
[0.605s] Level 1:colcon.colcon_core.package_identification:_identify(src/theimc/theimc_teleop) by extensions ['colcon_meta']
[0.605s] Level 1:colcon.colcon_core.package_identification:_identify(src/theimc/theimc_teleop) by extension 'colcon_meta'
[0.605s] Level 1:colcon.colcon_core.package_identification:_identify(src/theimc/theimc_teleop) by extensions ['ros']
[0.605s] Level 1:colcon.colcon_core.package_identification:_identify(src/theimc/theimc_teleop) by extension 'ros'
[0.606s] DEBUG:colcon.colcon_core.package_identification:Package 'src/theimc/theimc_teleop' with type 'ros.ament_python' and name 'theimc_teleop'
[0.606s] Level 1:colcon.colcon_core.package_discovery:discover_packages(recursive) using defaults
[0.606s] Level 1:colcon.colcon_core.package_discovery:discover_packages(ignore) discover
[0.606s] Level 1:colcon.colcon_core.package_discovery:discover_packages(ignore) using defaults
[0.606s] Level 1:colcon.colcon_core.package_discovery:discover_packages(path) discover
[0.606s] Level 1:colcon.colcon_core.package_discovery:discover_packages(path) using defaults
[0.669s] Level 1:colcon.colcon_core.package_discovery:discover_packages(prefix_path) check parameters
[0.670s] Level 1:colcon.colcon_core.package_discovery:discover_packages(prefix_path) discover
[0.676s] DEBUG:colcon.colcon_installed_package_information.package_discovery:Found 3 installed packages in /home/jeff/theimc_ws/install
[0.679s] DEBUG:colcon.colcon_installed_package_information.package_discovery:Found 454 installed packages in /opt/ros/humble
[0.683s] Level 1:colcon.colcon_core.package_discovery:discover_packages(prefix_path) using defaults
[0.822s] Level 5:colcon.colcon_core.verb:set package 'theimc_description' build argument 'cmake_args' from command line to 'None'
[0.822s] Level 5:colcon.colcon_core.verb:set package 'theimc_description' build argument 'cmake_target' from command line to 'None'
[0.822s] Level 5:colcon.colcon_core.verb:set package 'theimc_description' build argument 'cmake_target_skip_unavailable' from command line to 'False'
[0.823s] Level 5:colcon.colcon_core.verb:set package 'theimc_description' build argument 'cmake_clean_cache' from command line to 'False'
[0.823s] Level 5:colcon.colcon_core.verb:set package 'theimc_description' build argument 'cmake_clean_first' from command line to 'False'
[0.823s] Level 5:colcon.colcon_core.verb:set package 'theimc_description' build argument 'cmake_force_configure' from command line to 'False'
[0.823s] Level 5:colcon.colcon_core.verb:set package 'theimc_description' build argument 'ament_cmake_args' from command line to 'None'
[0.823s] Level 5:colcon.colcon_core.verb:set package 'theimc_description' build argument 'catkin_cmake_args' from command line to 'None'
[0.823s] Level 5:colcon.colcon_core.verb:set package 'theimc_description' build argument 'catkin_skip_building_tests' from command line to 'False'
[0.823s] DEBUG:colcon.colcon_core.verb:Building package 'theimc_description' with the following arguments: {'ament_cmake_args': None, 'build_base': '/home/jeff/theimc_ws/build/theimc_description', 'catkin_cmake_args': None, 'catkin_skip_building_tests': False, 'cmake_args': None, 'cmake_clean_cache': False, 'cmake_clean_first': False, 'cmake_force_configure': False, 'cmake_target': None, 'cmake_target_skip_unavailable': False, 'install_base': '/home/jeff/theimc_ws/install/theimc_description', 'merge_install': False, 'path': '/home/jeff/theimc_ws/src/theimc/theimc_description', 'symlink_install': True, 'test_result_base': None}
[0.824s] Level 5:colcon.colcon_core.verb:set package 'theimc_teleop' build argument 'cmake_args' from command line to 'None'
[0.824s] Level 5:colcon.colcon_core.verb:set package 'theimc_teleop' build argument 'cmake_target' from command line to 'None'
[0.824s] Level 5:colcon.colcon_core.verb:set package 'theimc_teleop' build argument 'cmake_target_skip_unavailable' from command line to 'False'
[0.824s] Level 5:colcon.colcon_core.verb:set package 'theimc_teleop' build argument 'cmake_clean_cache' from command line to 'False'
[0.824s] Level 5:colcon.colcon_core.verb:set package 'theimc_teleop' build argument 'cmake_clean_first' from command line to 'False'
[0.824s] Level 5:colcon.colcon_core.verb:set package 'theimc_teleop' build argument 'cmake_force_configure' from command line to 'False'
[0.824s] Level 5:colcon.colcon_core.verb:set package 'theimc_teleop' build argument 'ament_cmake_args' from command line to 'None'
[0.824s] Level 5:colcon.colcon_core.verb:set package 'theimc_teleop' build argument 'catkin_cmake_args' from command line to 'None'
[0.824s] Level 5:colcon.colcon_core.verb:set package 'theimc_teleop' build argument 'catkin_skip_building_tests' from command line to 'False'
[0.824s] DEBUG:colcon.colcon_core.verb:Building package 'theimc_teleop' with the following arguments: {'ament_cmake_args': None, 'build_base': '/home/jeff/theimc_ws/build/theimc_teleop', 'catkin_cmake_args': None, 'catkin_skip_building_tests': False, 'cmake_args': None, 'cmake_clean_cache': False, 'cmake_clean_first': False, 'cmake_force_configure': False, 'cmake_target': None, 'cmake_target_skip_unavailable': False, 'install_base': '/home/jeff/theimc_ws/install/theimc_teleop', 'merge_install': False, 'path': '/home/jeff/theimc_ws/src/theimc/theimc_teleop', 'symlink_install': True, 'test_result_base': None}
[0.825s] Level 5:colcon.colcon_core.verb:set package 'theimc_bringup' build argument 'cmake_args' from command line to 'None'
[0.825s] Level 5:colcon.colcon_core.verb:set package 'theimc_bringup' build argument 'cmake_target' from command line to 'None'
[0.825s] Level 5:colcon.colcon_core.verb:set package 'theimc_bringup' build argument 'cmake_target_skip_unavailable' from command line to 'False'
[0.825s] Level 5:colcon.colcon_core.verb:set package 'theimc_bringup' build argument 'cmake_clean_cache' from command line to 'False'
[0.825s] Level 5:colcon.colcon_core.verb:set package 'theimc_bringup' build argument 'cmake_clean_first' from command line to 'False'
[0.825s] Level 5:colcon.colcon_core.verb:set package 'theimc_bringup' build argument 'cmake_force_configure' from command line to 'False'
[0.825s] Level 5:colcon.colcon_core.verb:set package 'theimc_bringup' build argument 'ament_cmake_args' from command line to 'None'
[0.825s] Level 5:colcon.colcon_core.verb:set package 'theimc_bringup' build argument 'catkin_cmake_args' from command line to 'None'
[0.825s] Level 5:colcon.colcon_core.verb:set package 'theimc_bringup' build argument 'catkin_skip_building_tests' from command line to 'False'
[0.825s] DEBUG:colcon.colcon_core.verb:Building package 'theimc_bringup' with the following arguments: {'ament_cmake_args': None, 'build_base': '/home/jeff/theimc_ws/build/theimc_bringup', 'catkin_cmake_args': None, 'catkin_skip_building_tests': False, 'cmake_args': None, 'cmake_clean_cache': False, 'cmake_clean_first': False, 'cmake_force_configure': False, 'cmake_target': None, 'cmake_target_skip_unavailable': False, 'install_base': '/home/jeff/theimc_ws/install/theimc_bringup', 'merge_install': False, 'path': '/home/jeff/theimc_ws/src/theimc/theimc_bringup', 'symlink_install': True, 'test_result_base': None}
[0.825s] INFO:colcon.colcon_core.executor:Executing jobs using 'parallel' executor
[0.827s] DEBUG:colcon.colcon_parallel_executor.executor.parallel:run_until_complete
[0.827s] INFO:colcon.colcon_ros.task.ament_cmake.build:Building ROS package in '/home/jeff/theimc_ws/src/theimc/theimc_description' with build type 'ament_cmake'
[0.828s] INFO:colcon.colcon_cmake.task.cmake.build:Building CMake package in '/home/jeff/theimc_ws/src/theimc/theimc_description'
[0.830s] INFO:colcon.colcon_core.plugin_system:Skipping extension 'colcon_core.shell.bat': Not used on non-Windows systems
[0.831s] INFO:colcon.colcon_core.shell:Skip shell extension 'powershell' for command environment: Not usable outside of PowerShell
[0.831s] DEBUG:colcon.colcon_core.shell:Skip shell extension 'dsv' for command environment
[0.843s] INFO:colcon.colcon_ros.task.ament_python.build:Building ROS package in '/home/jeff/theimc_ws/src/theimc/theimc_teleop' with build type 'ament_python'
[0.843s] Level 1:colcon.colcon_core.shell:create_environment_hook('theimc_teleop', 'ament_prefix_path')
[0.844s] INFO:colcon.colcon_core.shell:Creating environment hook '/home/jeff/theimc_ws/install/theimc_teleop/share/theimc_teleop/hook/ament_prefix_path.ps1'
[0.846s] INFO:colcon.colcon_core.shell:Creating environment descriptor '/home/jeff/theimc_ws/install/theimc_teleop/share/theimc_teleop/hook/ament_prefix_path.dsv'
[0.847s] INFO:colcon.colcon_core.shell:Creating environment hook '/home/jeff/theimc_ws/install/theimc_teleop/share/theimc_teleop/hook/ament_prefix_path.sh'
[0.849s] INFO:colcon.colcon_core.shell:Skip shell extension 'powershell' for command environment: Not usable outside of PowerShell
[0.849s] DEBUG:colcon.colcon_core.shell:Skip shell extension 'dsv' for command environment
[0.879s] DEBUG:colcon.colcon_core.event_handler.log_command:Invoking command in '/home/jeff/theimc_ws/build/theimc_description': CMAKE_PREFIX_PATH=${CMAKE_PREFIX_PATH}:/opt/ros/humble /usr/bin/cmake --build /home/jeff/theimc_ws/build/theimc_description -- -j4 -l4
[1.356s] WARNING:colcon.colcon_ros.task.ament_python.build:Package 'theimc_teleop' doesn't explicitly install a marker in the package index (colcon-ros currently does it implicitly but that fallback will be removed in the future)
[1.357s] WARNING:colcon.colcon_ros.task.ament_python.build:Package 'theimc_teleop' doesn't explicitly install the 'package.xml' file (colcon-ros currently does it implicitly but that fallback will be removed in the future)
[1.357s] INFO:colcon.colcon_core.task.python.build:Building Python package in '/home/jeff/theimc_ws/src/theimc/theimc_teleop'
[1.358s] INFO:colcon.colcon_core.shell:Skip shell extension 'powershell' for command environment: Not usable outside of PowerShell
[1.358s] DEBUG:colcon.colcon_core.shell:Skip shell extension 'dsv' for command environment
[1.365s] DEBUG:colcon.colcon_core.event_handler.log_command:Invoked command in '/home/jeff/theimc_ws/build/theimc_description' returned '0': CMAKE_PREFIX_PATH=${CMAKE_PREFIX_PATH}:/opt/ros/humble /usr/bin/cmake --build /home/jeff/theimc_ws/build/theimc_description -- -j4 -l4
[1.378s] DEBUG:colcon.colcon_core.event_handler.log_command:Invoking command in '/home/jeff/theimc_ws/build/theimc_description': CMAKE_PREFIX_PATH=${CMAKE_PREFIX_PATH}:/opt/ros/humble /usr/bin/cmake --install /home/jeff/theimc_ws/build/theimc_description
[1.415s] Level 1:colcon.colcon_core.environment:create_environment_scripts_only(theimc_description)
[1.415s] DEBUG:colcon.colcon_core.event_handler.log_command:Invoked command in '/home/jeff/theimc_ws/build/theimc_description' returned '0': CMAKE_PREFIX_PATH=${CMAKE_PREFIX_PATH}:/opt/ros/humble /usr/bin/cmake --install /home/jeff/theimc_ws/build/theimc_description
[1.420s] Level 1:colcon.colcon_core.environment:checking '/home/jeff/theimc_ws/install/theimc_description' for CMake module files
[1.422s] Level 1:colcon.colcon_core.environment:checking '/home/jeff/theimc_ws/install/theimc_description' for CMake config files
[1.422s] Level 1:colcon.colcon_core.shell:create_environment_hook('theimc_description', 'cmake_prefix_path')
[1.423s] INFO:colcon.colcon_core.shell:Creating environment hook '/home/jeff/theimc_ws/install/theimc_description/share/theimc_description/hook/cmake_prefix_path.ps1'
[1.424s] INFO:colcon.colcon_core.shell:Creating environment descriptor '/home/jeff/theimc_ws/install/theimc_description/share/theimc_description/hook/cmake_prefix_path.dsv'
[1.425s] INFO:colcon.colcon_core.shell:Creating environment hook '/home/jeff/theimc_ws/install/theimc_description/share/theimc_description/hook/cmake_prefix_path.sh'
[1.426s] Level 1:colcon.colcon_core.environment:checking '/home/jeff/theimc_ws/install/theimc_description/bin'
[1.426s] Level 1:colcon.colcon_core.environment:checking '/home/jeff/theimc_ws/install/theimc_description/lib/pkgconfig/theimc_description.pc'
[1.427s] Level 1:colcon.colcon_core.environment:checking '/home/jeff/theimc_ws/install/theimc_description/lib/python3.10/site-packages'
[1.427s] Level 1:colcon.colcon_core.environment:checking '/home/jeff/theimc_ws/install/theimc_description/bin'
[1.428s] INFO:colcon.colcon_core.shell:Creating package script '/home/jeff/theimc_ws/install/theimc_description/share/theimc_description/package.ps1'
[1.429s] INFO:colcon.colcon_core.shell:Creating package descriptor '/home/jeff/theimc_ws/install/theimc_description/share/theimc_description/package.dsv'
[1.430s] INFO:colcon.colcon_core.shell:Creating package script '/home/jeff/theimc_ws/install/theimc_description/share/theimc_description/package.sh'
[1.432s] INFO:colcon.colcon_core.shell:Creating package script '/home/jeff/theimc_ws/install/theimc_description/share/theimc_description/package.bash'
[1.433s] INFO:colcon.colcon_core.shell:Creating package script '/home/jeff/theimc_ws/install/theimc_description/share/theimc_description/package.zsh'
[1.434s] Level 1:colcon.colcon_core.environment:create_file_with_runtime_dependencies(/home/jeff/theimc_ws/install/theimc_description/share/colcon-core/packages/theimc_description)
[1.435s] Level 1:colcon.colcon_core.environment:create_environment_scripts_only(theimc_description)
[1.435s] Level 1:colcon.colcon_core.environment:checking '/home/jeff/theimc_ws/install/theimc_description' for CMake module files
[1.436s] Level 1:colcon.colcon_core.environment:checking '/home/jeff/theimc_ws/install/theimc_description' for CMake config files
[1.436s] Level 1:colcon.colcon_core.shell:create_environment_hook('theimc_description', 'cmake_prefix_path')
[1.437s] INFO:colcon.colcon_core.shell:Creating environment hook '/home/jeff/theimc_ws/install/theimc_description/share/theimc_description/hook/cmake_prefix_path.ps1'
[1.437s] INFO:colcon.colcon_core.shell:Creating environment descriptor '/home/jeff/theimc_ws/install/theimc_description/share/theimc_description/hook/cmake_prefix_path.dsv'
[1.438s] INFO:colcon.colcon_core.shell:Creating environment hook '/home/jeff/theimc_ws/install/theimc_description/share/theimc_description/hook/cmake_prefix_path.sh'
[1.439s] Level 1:colcon.colcon_core.environment:checking '/home/jeff/theimc_ws/install/theimc_description/bin'
[1.439s] Level 1:colcon.colcon_core.environment:checking '/home/jeff/theimc_ws/install/theimc_description/lib/pkgconfig/theimc_description.pc'
[1.439s] Level 1:colcon.colcon_core.environment:checking '/home/jeff/theimc_ws/install/theimc_description/lib/python3.10/site-packages'
[1.439s] Level 1:colcon.colcon_core.environment:checking '/home/jeff/theimc_ws/install/theimc_description/bin'
[1.440s] INFO:colcon.colcon_core.shell:Creating package script '/home/jeff/theimc_ws/install/theimc_description/share/theimc_description/package.ps1'
[1.441s] INFO:colcon.colcon_core.shell:Creating package descriptor '/home/jeff/theimc_ws/install/theimc_description/share/theimc_description/package.dsv'
[1.442s] INFO:colcon.colcon_core.shell:Creating package script '/home/jeff/theimc_ws/install/theimc_description/share/theimc_description/package.sh'
[1.443s] INFO:colcon.colcon_core.shell:Creating package script '/home/jeff/theimc_ws/install/theimc_description/share/theimc_description/package.bash'
[1.443s] INFO:colcon.colcon_core.shell:Creating package script '/home/jeff/theimc_ws/install/theimc_description/share/theimc_description/package.zsh'
[1.444s] Level 1:colcon.colcon_core.environment:create_file_with_runtime_dependencies(/home/jeff/theimc_ws/install/theimc_description/share/colcon-core/packages/theimc_description)
[1.444s] INFO:colcon.colcon_ros.task.ament_cmake.build:Building ROS package in '/home/jeff/theimc_ws/src/theimc/theimc_bringup' with build type 'ament_cmake'
[1.445s] INFO:colcon.colcon_cmake.task.cmake.build:Building CMake package in '/home/jeff/theimc_ws/src/theimc/theimc_bringup'
[1.445s] INFO:colcon.colcon_core.shell:Skip shell extension 'powershell' for command environment: Not usable outside of PowerShell
[1.445s] DEBUG:colcon.colcon_core.shell:Skip shell extension 'dsv' for command environment
[1.463s] DEBUG:colcon.colcon_core.event_handler.log_command:Invoking command in '/home/jeff/theimc_ws/build/theimc_bringup': CMAKE_PREFIX_PATH=/home/jeff/theimc_ws/install/theimc_description:/home/jeff/theimc_ws/install/theimc_bringup:/opt/ros/humble /usr/bin/cmake --build /home/jeff/theimc_ws/build/theimc_bringup -- -j4 -l4
[1.516s] DEBUG:colcon.colcon_core.event_handler.log_command:Invoked command in '/home/jeff/theimc_ws/build/theimc_bringup' returned '0': CMAKE_PREFIX_PATH=/home/jeff/theimc_ws/install/theimc_description:/home/jeff/theimc_ws/install/theimc_bringup:/opt/ros/humble /usr/bin/cmake --build /home/jeff/theimc_ws/build/theimc_bringup -- -j4 -l4
[1.519s] DEBUG:colcon.colcon_core.event_handler.log_command:Invoking command in '/home/jeff/theimc_ws/build/theimc_bringup': CMAKE_PREFIX_PATH=/home/jeff/theimc_ws/install/theimc_description:/home/jeff/theimc_ws/install/theimc_bringup:/opt/ros/humble /usr/bin/cmake --install /home/jeff/theimc_ws/build/theimc_bringup
[1.551s] Level 1:colcon.colcon_core.environment:create_environment_scripts_only(theimc_bringup)
[1.552s] Level 1:colcon.colcon_core.environment:checking '/home/jeff/theimc_ws/install/theimc_bringup' for CMake module files
[1.553s] DEBUG:colcon.colcon_core.event_handler.log_command:Invoked command in '/home/jeff/theimc_ws/build/theimc_bringup' returned '0': CMAKE_PREFIX_PATH=/home/jeff/theimc_ws/install/theimc_description:/home/jeff/theimc_ws/install/theimc_bringup:/opt/ros/humble /usr/bin/cmake --install /home/jeff/theimc_ws/build/theimc_bringup
[1.554s] Level 1:colcon.colcon_core.environment:checking '/home/jeff/theimc_ws/install/theimc_bringup' for CMake config files
[1.555s] Level 1:colcon.colcon_core.shell:create_environment_hook('theimc_bringup', 'cmake_prefix_path')
[1.555s] INFO:colcon.colcon_core.shell:Creating environment hook '/home/jeff/theimc_ws/install/theimc_bringup/share/theimc_bringup/hook/cmake_prefix_path.ps1'
[1.556s] INFO:colcon.colcon_core.shell:Creating environment descriptor '/home/jeff/theimc_ws/install/theimc_bringup/share/theimc_bringup/hook/cmake_prefix_path.dsv'
[1.557s] INFO:colcon.colcon_core.shell:Creating environment hook '/home/jeff/theimc_ws/install/theimc_bringup/share/theimc_bringup/hook/cmake_prefix_path.sh'
[1.559s] Level 1:colcon.colcon_core.environment:checking '/home/jeff/theimc_ws/install/theimc_bringup/bin'
[1.560s] Level 1:colcon.colcon_core.environment:checking '/home/jeff/theimc_ws/install/theimc_bringup/lib/pkgconfig/theimc_bringup.pc'
[1.560s] Level 1:colcon.colcon_core.environment:checking '/home/jeff/theimc_ws/install/theimc_bringup/lib/python3.10/site-packages'
[1.561s] Level 1:colcon.colcon_core.environment:checking '/home/jeff/theimc_ws/install/theimc_bringup/bin'
[1.561s] INFO:colcon.colcon_core.shell:Creating package script '/home/jeff/theimc_ws/install/theimc_bringup/share/theimc_bringup/package.ps1'
[1.562s] INFO:colcon.colcon_core.shell:Creating package descriptor '/home/jeff/theimc_ws/install/theimc_bringup/share/theimc_bringup/package.dsv'
[1.563s] INFO:colcon.colcon_core.shell:Creating package script '/home/jeff/theimc_ws/install/theimc_bringup/share/theimc_bringup/package.sh'
[1.564s] INFO:colcon.colcon_core.shell:Creating package script '/home/jeff/theimc_ws/install/theimc_bringup/share/theimc_bringup/package.bash'
[1.565s] INFO:colcon.colcon_core.shell:Creating package script '/home/jeff/theimc_ws/install/theimc_bringup/share/theimc_bringup/package.zsh'
[1.566s] Level 1:colcon.colcon_core.environment:create_file_with_runtime_dependencies(/home/jeff/theimc_ws/install/theimc_bringup/share/colcon-core/packages/theimc_bringup)
[1.567s] Level 1:colcon.colcon_core.environment:create_environment_scripts_only(theimc_bringup)
[1.568s] Level 1:colcon.colcon_core.environment:checking '/home/jeff/theimc_ws/install/theimc_bringup' for CMake module files
[1.569s] Level 1:colcon.colcon_core.environment:checking '/home/jeff/theimc_ws/install/theimc_bringup' for CMake config files
[1.570s] Level 1:colcon.colcon_core.shell:create_environment_hook('theimc_bringup', 'cmake_prefix_path')
[1.570s] INFO:colcon.colcon_core.shell:Creating environment hook '/home/jeff/theimc_ws/install/theimc_bringup/share/theimc_bringup/hook/cmake_prefix_path.ps1'
[1.571s] INFO:colcon.colcon_core.shell:Creating environment descriptor '/home/jeff/theimc_ws/install/theimc_bringup/share/theimc_bringup/hook/cmake_prefix_path.dsv'
[1.572s] INFO:colcon.colcon_core.shell:Creating environment hook '/home/jeff/theimc_ws/install/theimc_bringup/share/theimc_bringup/hook/cmake_prefix_path.sh'
[1.573s] Level 1:colcon.colcon_core.environment:checking '/home/jeff/theimc_ws/install/theimc_bringup/bin'
[1.573s] Level 1:colcon.colcon_core.environment:checking '/home/jeff/theimc_ws/install/theimc_bringup/lib/pkgconfig/theimc_bringup.pc'
[1.574s] Level 1:colcon.colcon_core.environment:checking '/home/jeff/theimc_ws/install/theimc_bringup/lib/python3.10/site-packages'
[1.574s] Level 1:colcon.colcon_core.environment:checking '/home/jeff/theimc_ws/install/theimc_bringup/bin'
[1.575s] INFO:colcon.colcon_core.shell:Creating package script '/home/jeff/theimc_ws/install/theimc_bringup/share/theimc_bringup/package.ps1'
[1.576s] INFO:colcon.colcon_core.shell:Creating package descriptor '/home/jeff/theimc_ws/install/theimc_bringup/share/theimc_bringup/package.dsv'
[1.577s] INFO:colcon.colcon_core.shell:Creating package script '/home/jeff/theimc_ws/install/theimc_bringup/share/theimc_bringup/package.sh'
[1.578s] INFO:colcon.colcon_core.shell:Creating package script '/home/jeff/theimc_ws/install/theimc_bringup/share/theimc_bringup/package.bash'
[1.579s] INFO:colcon.colcon_core.shell:Creating package script '/home/jeff/theimc_ws/install/theimc_bringup/share/theimc_bringup/package.zsh'
[1.580s] Level 1:colcon.colcon_core.environment:create_file_with_runtime_dependencies(/home/jeff/theimc_ws/install/theimc_bringup/share/colcon-core/packages/theimc_bringup)
[2.101s] DEBUG:colcon.colcon_core.event_handler.log_command:Invoking command in '/home/jeff/theimc_ws/build/theimc_teleop': PYTHONPATH=/home/jeff/theimc_ws/build/theimc_teleop/prefix_override:/usr/lib/python3/dist-packages/colcon_core/task/python/colcon_distutils_commands:/home/jeff/theimc_ws/install/theimc_teleop/lib/python3.10/site-packages:${PYTHONPATH} /usr/bin/python3 -W ignore:setup.py install is deprecated -W ignore:easy_install command is deprecated setup.py develop --editable --build-directory /home/jeff/theimc_ws/build/theimc_teleop/build --no-deps
[2.842s] Level 1:colcon.colcon_core.shell:create_environment_hook('theimc_teleop', 'pythonpath_develop')
[2.842s] DEBUG:colcon.colcon_core.event_handler.log_command:Invoked command in '/home/jeff/theimc_ws/build/theimc_teleop' returned '0': PYTHONPATH=/home/jeff/theimc_ws/build/theimc_teleop/prefix_override:/usr/lib/python3/dist-packages/colcon_core/task/python/colcon_distutils_commands:/home/jeff/theimc_ws/install/theimc_teleop/lib/python3.10/site-packages:${PYTHONPATH} /usr/bin/python3 -W ignore:setup.py install is deprecated -W ignore:easy_install command is deprecated setup.py develop --editable --build-directory /home/jeff/theimc_ws/build/theimc_teleop/build --no-deps
[2.843s] INFO:colcon.colcon_core.shell:Creating environment hook '/home/jeff/theimc_ws/build/theimc_teleop/share/theimc_teleop/hook/pythonpath_develop.ps1'
[2.844s] INFO:colcon.colcon_core.shell:Creating environment descriptor '/home/jeff/theimc_ws/build/theimc_teleop/share/theimc_teleop/hook/pythonpath_develop.dsv'
[2.845s] INFO:colcon.colcon_core.shell:Creating environment hook '/home/jeff/theimc_ws/build/theimc_teleop/share/theimc_teleop/hook/pythonpath_develop.sh'
[2.846s] Level 1:colcon.colcon_core.environment:checking '/home/jeff/theimc_ws/install/theimc_teleop' for CMake module files
[2.846s] Level 1:colcon.colcon_core.environment:checking '/home/jeff/theimc_ws/install/theimc_teleop' for CMake config files
[2.847s] Level 1:colcon.colcon_core.environment:checking '/home/jeff/theimc_ws/install/theimc_teleop/lib'
[2.847s] Level 1:colcon.colcon_core.environment:checking '/home/jeff/theimc_ws/install/theimc_teleop/bin'
[2.847s] Level 1:colcon.colcon_core.environment:checking '/home/jeff/theimc_ws/install/theimc_teleop/lib/pkgconfig/theimc_teleop.pc'
[2.847s] Level 1:colcon.colcon_core.environment:checking '/home/jeff/theimc_ws/install/theimc_teleop/lib/python3.10/site-packages'
[2.847s] Level 1:colcon.colcon_core.shell:create_environment_hook('theimc_teleop', 'pythonpath')
[2.848s] INFO:colcon.colcon_core.shell:Creating environment hook '/home/jeff/theimc_ws/install/theimc_teleop/share/theimc_teleop/hook/pythonpath.ps1'
[2.849s] INFO:colcon.colcon_core.shell:Creating environment descriptor '/home/jeff/theimc_ws/install/theimc_teleop/share/theimc_teleop/hook/pythonpath.dsv'
[2.849s] INFO:colcon.colcon_core.shell:Creating environment hook '/home/jeff/theimc_ws/install/theimc_teleop/share/theimc_teleop/hook/pythonpath.sh'
[2.850s] Level 1:colcon.colcon_core.environment:checking '/home/jeff/theimc_ws/install/theimc_teleop/bin'
[2.850s] Level 1:colcon.colcon_core.environment:create_environment_scripts_only(theimc_teleop)
[2.851s] INFO:colcon.colcon_core.shell:Creating package script '/home/jeff/theimc_ws/install/theimc_teleop/share/theimc_teleop/package.ps1'
[2.851s] INFO:colcon.colcon_core.shell:Creating package descriptor '/home/jeff/theimc_ws/install/theimc_teleop/share/theimc_teleop/package.dsv'
[2.852s] INFO:colcon.colcon_core.shell:Creating package script '/home/jeff/theimc_ws/install/theimc_teleop/share/theimc_teleop/package.sh'
[2.853s] INFO:colcon.colcon_core.shell:Creating package script '/home/jeff/theimc_ws/install/theimc_teleop/share/theimc_teleop/package.bash'
[2.853s] INFO:colcon.colcon_core.shell:Creating package script '/home/jeff/theimc_ws/install/theimc_teleop/share/theimc_teleop/package.zsh'
[2.854s] Level 1:colcon.colcon_core.environment:create_file_with_runtime_dependencies(/home/jeff/theimc_ws/install/theimc_teleop/share/colcon-core/packages/theimc_teleop)
[2.854s] DEBUG:colcon.colcon_parallel_executor.executor.parallel:closing loop
[2.855s] DEBUG:colcon.colcon_parallel_executor.executor.parallel:loop closed
[2.855s] DEBUG:colcon.colcon_parallel_executor.executor.parallel:run_until_complete finished with '0'
[2.855s] DEBUG:colcon.colcon_core.event_reactor:joining thread
[2.868s] INFO:colcon.colcon_core.plugin_system:Skipping extension 'colcon_notification.desktop_notification.terminal_notifier': Not used on non-Darwin systems
[2.869s] INFO:colcon.colcon_core.plugin_system:Skipping extension 'colcon_notification.desktop_notification.win32': Not used on non-Windows systems
[2.869s] INFO:colcon.colcon_notification.desktop_notification:Sending desktop notification using 'notify2'
[3.034s] DEBUG:colcon.colcon_core.event_reactor:joined thread
[3.035s] INFO:colcon.colcon_core.shell:Creating prefix script '/home/jeff/theimc_ws/install/local_setup.ps1'
[3.037s] INFO:colcon.colcon_core.shell:Creating prefix util module '/home/jeff/theimc_ws/install/_local_setup_util_ps1.py'
[3.040s] INFO:colcon.colcon_core.shell:Creating prefix chain script '/home/jeff/theimc_ws/install/setup.ps1'
[3.041s] INFO:colcon.colcon_core.shell:Creating prefix script '/home/jeff/theimc_ws/install/local_setup.sh'
[3.042s] INFO:colcon.colcon_core.shell:Creating prefix util module '/home/jeff/theimc_ws/install/_local_setup_util_sh.py'
[3.043s] INFO:colcon.colcon_core.shell:Creating prefix chain script '/home/jeff/theimc_ws/install/setup.sh'
[3.045s] INFO:colcon.colcon_core.shell:Creating prefix script '/home/jeff/theimc_ws/install/local_setup.bash'
[3.045s] INFO:colcon.colcon_core.shell:Creating prefix chain script '/home/jeff/theimc_ws/install/setup.bash'
[3.047s] INFO:colcon.colcon_core.shell:Creating prefix script '/home/jeff/theimc_ws/install/local_setup.zsh'
[3.047s] INFO:colcon.colcon_core.shell:Creating prefix chain script '/home/jeff/theimc_ws/install/setup.zsh'
