-- Install configuration: ""
-- Execute custom install script
-- Up-to-date symlink: /home/jeff/theimc_ws/install/theimc_navigation2/share/theimc_navigation2/launch/theimc_nav2.launch.py
-- Up-to-date symlink: /home/jeff/theimc_ws/install/theimc_navigation2/share/theimc_navigation2/maps/map1.pgm
-- Up-to-date symlink: /home/jeff/theimc_ws/install/theimc_navigation2/share/theimc_navigation2/maps/map1.yaml
-- Up-to-date symlink: /home/jeff/theimc_ws/install/theimc_navigation2/share/theimc_navigation2/maps/map_office_230405.pgm
-- Up-to-date symlink: /home/jeff/theimc_ws/install/theimc_navigation2/share/theimc_navigation2/maps/map_office_230405.yaml
-- Up-to-date symlink: /home/jeff/theimc_ws/install/theimc_navigation2/share/theimc_navigation2/maps/map_office_230802.pgm
-- Up-to-date symlink: /home/jeff/theimc_ws/install/theimc_navigation2/share/theimc_navigation2/maps/map_office_230802.yaml
-- Up-to-date symlink: /home/jeff/theimc_ws/install/theimc_navigation2/share/theimc_navigation2/maps/map_office_230920.pgm
-- Up-to-date symlink: /home/jeff/theimc_ws/install/theimc_navigation2/share/theimc_navigation2/maps/map_office_230920.yaml
-- Up-to-date symlink: /home/jeff/theimc_ws/install/theimc_navigation2/share/theimc_navigation2/params/theimc_nav2_params.yaml
-- Up-to-date symlink: /home/jeff/theimc_ws/install/theimc_navigation2/share/theimc_navigation2/rviz/nav2_default_view.rviz
-- Up-to-date symlink: /home/jeff/theimc_ws/install/theimc_navigation2/share/ament_index/resource_index/package_run_dependencies/theimc_navigation2
-- Up-to-date symlink: /home/jeff/theimc_ws/install/theimc_navigation2/share/ament_index/resource_index/parent_prefix_path/theimc_navigation2
-- Up-to-date symlink: /home/jeff/theimc_ws/install/theimc_navigation2/share/theimc_navigation2/environment/ament_prefix_path.sh
-- Up-to-date symlink: /home/jeff/theimc_ws/install/theimc_navigation2/share/theimc_navigation2/environment/ament_prefix_path.dsv
-- Up-to-date symlink: /home/jeff/theimc_ws/install/theimc_navigation2/share/theimc_navigation2/environment/path.sh
-- Up-to-date symlink: /home/jeff/theimc_ws/install/theimc_navigation2/share/theimc_navigation2/environment/path.dsv
-- Up-to-date symlink: /home/jeff/theimc_ws/install/theimc_navigation2/share/theimc_navigation2/local_setup.bash
-- Up-to-date symlink: /home/jeff/theimc_ws/install/theimc_navigation2/share/theimc_navigation2/local_setup.sh
-- Up-to-date symlink: /home/jeff/theimc_ws/install/theimc_navigation2/share/theimc_navigation2/local_setup.zsh
-- Up-to-date symlink: /home/jeff/theimc_ws/install/theimc_navigation2/share/theimc_navigation2/local_setup.dsv
-- Symlinking: /home/jeff/theimc_ws/install/theimc_navigation2/share/theimc_navigation2/package.dsv
-- Up-to-date symlink: /home/jeff/theimc_ws/install/theimc_navigation2/share/ament_index/resource_index/packages/theimc_navigation2
-- Up-to-date symlink: /home/jeff/theimc_ws/install/theimc_navigation2/share/theimc_navigation2/cmake/theimc_navigation2Config.cmake
-- Up-to-date symlink: /home/jeff/theimc_ws/install/theimc_navigation2/share/theimc_navigation2/cmake/theimc_navigation2Config-version.cmake
-- Up-to-date symlink: /home/jeff/theimc_ws/install/theimc_navigation2/share/theimc_navigation2/package.xml
