[0.487s] Invoking command in '/home/jeff/theimc_ws/build/theimc_description': CMAKE_PREFIX_PATH=${CMAKE_PREFIX_PATH}:/home/jeff/theimc_ws/install/theimc_teleop:/opt/ros/humble /usr/bin/cmake --build /home/jeff/theimc_ws/build/theimc_description -- -j4 -l4
[0.970s] Invoked command in '/home/jeff/theimc_ws/build/theimc_description' returned '0': CMAKE_PREFIX_PATH=${CMAKE_PREFIX_PATH}:/home/jeff/theimc_ws/install/theimc_teleop:/opt/ros/humble /usr/bin/cmake --build /home/jeff/theimc_ws/build/theimc_description -- -j4 -l4
[0.991s] Invoking command in '/home/jeff/theimc_ws/build/theimc_description': CMAKE_PREFIX_PATH=${CMAKE_PREFIX_PATH}:/home/jeff/theimc_ws/install/theimc_teleop:/opt/ros/humble /usr/bin/cmake --install /home/jeff/theimc_ws/build/theimc_description
[1.012s] -- Install configuration: ""
[1.013s] -- Execute custom install script
[1.014s] -- Up-to-date symlink: /home/jeff/theimc_ws/install/theimc_description/share/theimc_description/launch/theimc_description.launch.py
[1.015s] -- Up-to-date symlink: /home/jeff/theimc_ws/install/theimc_description/share/theimc_description/rviz/model.rviz
[1.016s] -- Up-to-date symlink: /home/jeff/theimc_ws/install/theimc_description/share/theimc_description/rviz/theimc.rviz
[1.016s] -- Up-to-date symlink: /home/jeff/theimc_ws/install/theimc_description/share/theimc_description/urdf/theimc.urdf
[1.017s] -- Up-to-date symlink: /home/jeff/theimc_ws/install/theimc_description/share/ament_index/resource_index/package_run_dependencies/theimc_description
[1.017s] -- Up-to-date symlink: /home/jeff/theimc_ws/install/theimc_description/share/ament_index/resource_index/parent_prefix_path/theimc_description
[1.018s] -- Up-to-date symlink: /home/jeff/theimc_ws/install/theimc_description/share/theimc_description/environment/ament_prefix_path.sh
[1.018s] -- Up-to-date symlink: /home/jeff/theimc_ws/install/theimc_description/share/theimc_description/environment/ament_prefix_path.dsv
[1.018s] -- Up-to-date symlink: /home/jeff/theimc_ws/install/theimc_description/share/theimc_description/environment/path.sh
[1.018s] -- Up-to-date symlink: /home/jeff/theimc_ws/install/theimc_description/share/theimc_description/environment/path.dsv
[1.024s] -- Up-to-date symlink: /home/jeff/theimc_ws/install/theimc_description/share/theimc_description/local_setup.bash
[1.024s] -- Up-to-date symlink: /home/jeff/theimc_ws/install/theimc_description/share/theimc_description/local_setup.sh
[1.024s] -- Up-to-date symlink: /home/jeff/theimc_ws/install/theimc_description/share/theimc_description/local_setup.zsh
[1.025s] -- Up-to-date symlink: /home/jeff/theimc_ws/install/theimc_description/share/theimc_description/local_setup.dsv
[1.025s] -- Symlinking: /home/jeff/theimc_ws/install/theimc_description/share/theimc_description/package.dsv
[1.042s] -- Up-to-date symlink: /home/jeff/theimc_ws/install/theimc_description/share/ament_index/resource_index/packages/theimc_description
[1.042s] -- Up-to-date symlink: /home/jeff/theimc_ws/install/theimc_description/share/theimc_description/cmake/theimc_descriptionConfig.cmake
[1.042s] -- Up-to-date symlink: /home/jeff/theimc_ws/install/theimc_description/share/theimc_description/cmake/theimc_descriptionConfig-version.cmake
[1.043s] -- Up-to-date symlink: /home/jeff/theimc_ws/install/theimc_description/share/theimc_description/package.xml
[1.049s] Invoked command in '/home/jeff/theimc_ws/build/theimc_description' returned '0': CMAKE_PREFIX_PATH=${CMAKE_PREFIX_PATH}:/home/jeff/theimc_ws/install/theimc_teleop:/opt/ros/humble /usr/bin/cmake --install /home/jeff/theimc_ws/build/theimc_description
