[0.032s] Invoking command in '/home/jeff/theimc_ws/build/theimc_description': CMAKE_PREFIX_PATH=${CMAKE_PREFIX_PATH}:/opt/ros/humble /usr/bin/cmake --build /home/jeff/theimc_ws/build/theimc_description -- -j4 -l4
[0.486s] Invoked command in '/home/jeff/theimc_ws/build/theimc_description' returned '0': CMAKE_PREFIX_PATH=${CMAKE_PREFIX_PATH}:/opt/ros/humble /usr/bin/cmake --build /home/jeff/theimc_ws/build/theimc_description -- -j4 -l4
[0.499s] Invoking command in '/home/jeff/theimc_ws/build/theimc_description': CMAKE_PREFIX_PATH=${CMAKE_PREFIX_PATH}:/opt/ros/humble /usr/bin/cmake --install /home/jeff/theimc_ws/build/theimc_description
[0.509s] -- Install configuration: ""
[0.509s] -- Execute custom install script
[0.510s] -- Up-to-date symlink: /home/jeff/theimc_ws/install/theimc_description/share/theimc_description/launch/theimc_description.launch.py
[0.511s] -- Up-to-date symlink: /home/jeff/theimc_ws/install/theimc_description/share/theimc_description/rviz/model.rviz
[0.511s] -- Up-to-date symlink: /home/jeff/theimc_ws/install/theimc_description/share/theimc_description/rviz/theimc.rviz
[0.511s] -- Up-to-date symlink: /home/jeff/theimc_ws/install/theimc_description/share/theimc_description/urdf/theimc.urdf
[0.512s] -- Up-to-date symlink: /home/jeff/theimc_ws/install/theimc_description/share/ament_index/resource_index/package_run_dependencies/theimc_description
[0.512s] -- Up-to-date symlink: /home/jeff/theimc_ws/install/theimc_description/share/ament_index/resource_index/parent_prefix_path/theimc_description
[0.512s] -- Up-to-date symlink: /home/jeff/theimc_ws/install/theimc_description/share/theimc_description/environment/ament_prefix_path.sh
[0.513s] -- Up-to-date symlink: /home/jeff/theimc_ws/install/theimc_description/share/theimc_description/environment/ament_prefix_path.dsv
[0.513s] -- Up-to-date symlink: /home/jeff/theimc_ws/install/theimc_description/share/theimc_description/environment/path.sh
[0.513s] -- Up-to-date symlink: /home/jeff/theimc_ws/install/theimc_description/share/theimc_description/environment/path.dsv
[0.514s] -- Up-to-date symlink: /home/jeff/theimc_ws/install/theimc_description/share/theimc_description/local_setup.bash
[0.514s] -- Up-to-date symlink: /home/jeff/theimc_ws/install/theimc_description/share/theimc_description/local_setup.sh
[0.514s] -- Up-to-date symlink: /home/jeff/theimc_ws/install/theimc_description/share/theimc_description/local_setup.zsh
[0.515s] -- Up-to-date symlink: /home/jeff/theimc_ws/install/theimc_description/share/theimc_description/local_setup.dsv
[0.515s] -- Symlinking: /home/jeff/theimc_ws/install/theimc_description/share/theimc_description/package.dsv
[0.527s] -- Up-to-date symlink: /home/jeff/theimc_ws/install/theimc_description/share/ament_index/resource_index/packages/theimc_description
[0.527s] -- Up-to-date symlink: /home/jeff/theimc_ws/install/theimc_description/share/theimc_description/cmake/theimc_descriptionConfig.cmake
[0.528s] -- Up-to-date symlink: /home/jeff/theimc_ws/install/theimc_description/share/theimc_description/cmake/theimc_descriptionConfig-version.cmake
[0.529s] -- Up-to-date symlink: /home/jeff/theimc_ws/install/theimc_description/share/theimc_description/package.xml
[0.531s] Invoked command in '/home/jeff/theimc_ws/build/theimc_description' returned '0': CMAKE_PREFIX_PATH=${CMAKE_PREFIX_PATH}:/opt/ros/humble /usr/bin/cmake --install /home/jeff/theimc_ws/build/theimc_description
