[0.042s] Invoking command in '/home/jeff/theimc_ws/build/theimc': CMAKE_PREFIX_PATH=${CMAKE_PREFIX_PATH}:/home/jeff/theimc_ws/install/theimc_teleop:/opt/ros/humble /usr/bin/cmake --build /home/jeff/theimc_ws/build/theimc -- -j4 -l4
[0.482s] Invoked command in '/home/jeff/theimc_ws/build/theimc' returned '0': CMAKE_PREFIX_PATH=${CMAKE_PREFIX_PATH}:/home/jeff/theimc_ws/install/theimc_teleop:/opt/ros/humble /usr/bin/cmake --build /home/jeff/theimc_ws/build/theimc -- -j4 -l4
[0.501s] Invoking command in '/home/jeff/theimc_ws/build/theimc': CMAKE_PREFIX_PATH=${CMAKE_PREFIX_PATH}:/home/jeff/theimc_ws/install/theimc_teleop:/opt/ros/humble /usr/bin/cmake --install /home/jeff/theimc_ws/build/theimc
[0.521s] -- Install configuration: ""
[0.522s] -- Execute custom install script
[0.522s] -- Up-to-date symlink: /home/jeff/theimc_ws/install/theimc/share/ament_index/resource_index/package_run_dependencies/theimc
[0.522s] -- Up-to-date symlink: /home/jeff/theimc_ws/install/theimc/share/ament_index/resource_index/parent_prefix_path/theimc
[0.524s] -- Up-to-date symlink: /home/jeff/theimc_ws/install/theimc/share/theimc/environment/ament_prefix_path.sh
[0.524s] -- Up-to-date symlink: /home/jeff/theimc_ws/install/theimc/share/theimc/environment/ament_prefix_path.dsv
[0.525s] -- Up-to-date symlink: /home/jeff/theimc_ws/install/theimc/share/theimc/environment/path.sh
[0.525s] -- Up-to-date symlink: /home/jeff/theimc_ws/install/theimc/share/theimc/environment/path.dsv
[0.526s] -- Up-to-date symlink: /home/jeff/theimc_ws/install/theimc/share/theimc/local_setup.bash
[0.528s] -- Up-to-date symlink: /home/jeff/theimc_ws/install/theimc/share/theimc/local_setup.sh
[0.528s] -- Up-to-date symlink: /home/jeff/theimc_ws/install/theimc/share/theimc/local_setup.zsh
[0.530s] -- Up-to-date symlink: /home/jeff/theimc_ws/install/theimc/share/theimc/local_setup.dsv
[0.533s] -- Symlinking: /home/jeff/theimc_ws/install/theimc/share/theimc/package.dsv
[0.550s] -- Up-to-date symlink: /home/jeff/theimc_ws/install/theimc/share/ament_index/resource_index/packages/theimc
[0.553s] -- Up-to-date symlink: /home/jeff/theimc_ws/install/theimc/share/theimc/cmake/theimcConfig.cmake
[0.555s] -- Up-to-date symlink: /home/jeff/theimc_ws/install/theimc/share/theimc/cmake/theimcConfig-version.cmake
[0.555s] -- Up-to-date symlink: /home/jeff/theimc_ws/install/theimc/share/theimc/package.xml
[0.563s] Invoked command in '/home/jeff/theimc_ws/build/theimc' returned '0': CMAKE_PREFIX_PATH=${CMAKE_PREFIX_PATH}:/home/jeff/theimc_ws/install/theimc_teleop:/opt/ros/humble /usr/bin/cmake --install /home/jeff/theimc_ws/build/theimc
