-- Install configuration: ""
-- Execute custom install script
-- Up-to-date symlink: /home/jeff/theimc_ws/install/slampibot_cartographer/share/slampibot_cartographer/params/spb_cartographer.lua
-- Symlinking: /home/jeff/theimc_ws/install/slampibot_cartographer/share/slampibot_cartographer/launch/theimc_cartographer.launch.py
-- Up-to-date symlink: /home/jeff/theimc_ws/install/slampibot_cartographer/share/slampibot_cartographer/rviz/theimc_cartographer.rviz
-- Up-to-date symlink: /home/jeff/theimc_ws/install/slampibot_cartographer/share/ament_index/resource_index/package_run_dependencies/slampibot_cartographer
-- Up-to-date symlink: /home/jeff/theimc_ws/install/slampibot_cartographer/share/ament_index/resource_index/parent_prefix_path/slampibot_cartographer
-- Up-to-date symlink: /home/jeff/theimc_ws/install/slampibot_cartographer/share/slampibot_cartographer/environment/ament_prefix_path.sh
-- Up-to-date symlink: /home/jeff/theimc_ws/install/slampibot_cartographer/share/slampibot_cartographer/environment/ament_prefix_path.dsv
-- Up-to-date symlink: /home/jeff/theimc_ws/install/slampibot_cartographer/share/slampibot_cartographer/environment/path.sh
-- Up-to-date symlink: /home/jeff/theimc_ws/install/slampibot_cartographer/share/slampibot_cartographer/environment/path.dsv
-- Up-to-date symlink: /home/jeff/theimc_ws/install/slampibot_cartographer/share/slampibot_cartographer/local_setup.bash
-- Up-to-date symlink: /home/jeff/theimc_ws/install/slampibot_cartographer/share/slampibot_cartographer/local_setup.sh
-- Up-to-date symlink: /home/jeff/theimc_ws/install/slampibot_cartographer/share/slampibot_cartographer/local_setup.zsh
-- Up-to-date symlink: /home/jeff/theimc_ws/install/slampibot_cartographer/share/slampibot_cartographer/local_setup.dsv
-- Symlinking: /home/jeff/theimc_ws/install/slampibot_cartographer/share/slampibot_cartographer/package.dsv
-- Up-to-date symlink: /home/jeff/theimc_ws/install/slampibot_cartographer/share/ament_index/resource_index/packages/slampibot_cartographer
-- Up-to-date symlink: /home/jeff/theimc_ws/install/slampibot_cartographer/share/slampibot_cartographer/cmake/slampibot_cartographerConfig.cmake
-- Up-to-date symlink: /home/jeff/theimc_ws/install/slampibot_cartographer/share/slampibot_cartographer/cmake/slampibot_cartographerConfig-version.cmake
-- Up-to-date symlink: /home/jeff/theimc_ws/install/slampibot_cartographer/share/slampibot_cartographer/package.xml
