[0.148s] DEBUG:colcon:Command line arguments: ['/usr/bin/colcon', 'build', '--symlink-install']
[0.149s] DEBUG:colcon:Parsed command line arguments: Namespace(log_base=None, log_level=None, verb_name='build', build_base='build', install_base='install', merge_install=False, symlink_install=True, test_result_base=None, continue_on_error=False, executor='parallel', parallel_workers=4, event_handlers=None, ignore_user_meta=False, metas=['./colcon.meta'], base_paths=['.'], packages_ignore=None, packages_ignore_regex=None, paths=None, packages_up_to=None, packages_up_to_regex=None, packages_above=None, packages_above_and_dependencies=None, packages_above_depth=None, packages_select_by_dep=None, packages_skip_by_dep=None, packages_skip_up_to=None, packages_select_build_failed=False, packages_skip_build_finished=False, packages_select_test_failures=False, packages_skip_test_passed=False, packages_select=None, packages_skip=None, packages_select_regex=None, packages_skip_regex=None, packages_start=None, packages_end=None, allow_overriding=[], cmake_args=None, cmake_target=None, cmake_target_skip_unavailable=False, cmake_clean_cache=False, cmake_clean_first=False, cmake_force_configure=False, ament_cmake_args=None, catkin_cmake_args=None, catkin_skip_building_tests=False, verb_parser=<colcon_defaults.argument_parser.defaults.DefaultArgumentsDecorator object at 0x768469860b50>, verb_extension=<colcon_core.verb.build.BuildVerb object at 0x768469860670>, main=<bound method BuildVerb.main of <colcon_core.verb.build.BuildVerb object at 0x768469860670>>)
[0.405s] Level 1:colcon.colcon_core.package_discovery:discover_packages(colcon_meta) check parameters
[0.405s] Level 1:colcon.colcon_core.package_discovery:discover_packages(recursive) check parameters
[0.405s] Level 1:colcon.colcon_core.package_discovery:discover_packages(ignore) check parameters
[0.405s] Level 1:colcon.colcon_core.package_discovery:discover_packages(path) check parameters
[0.406s] Level 1:colcon.colcon_core.package_discovery:discover_packages(colcon_meta) discover
[0.406s] Level 1:colcon.colcon_core.package_discovery:discover_packages(recursive) discover
[0.406s] INFO:colcon.colcon_core.package_discovery:Crawling recursively for packages in '/home/jeff/theimc_ws'
[0.406s] Level 1:colcon.colcon_core.package_identification:_identify(.) by extensions ['ignore', 'ignore_ament_install']
[0.406s] Level 1:colcon.colcon_core.package_identification:_identify(.) by extension 'ignore'
[0.406s] Level 1:colcon.colcon_core.package_identification:_identify(.) by extension 'ignore_ament_install'
[0.406s] Level 1:colcon.colcon_core.package_identification:_identify(.) by extensions ['colcon_pkg']
[0.406s] Level 1:colcon.colcon_core.package_identification:_identify(.) by extension 'colcon_pkg'
[0.406s] Level 1:colcon.colcon_core.package_identification:_identify(.) by extensions ['colcon_meta']
[0.406s] Level 1:colcon.colcon_core.package_identification:_identify(.) by extension 'colcon_meta'
[0.406s] Level 1:colcon.colcon_core.package_identification:_identify(.) by extensions ['ros']
[0.406s] Level 1:colcon.colcon_core.package_identification:_identify(.) by extension 'ros'
[0.421s] Level 1:colcon.colcon_core.package_identification:_identify(.) by extensions ['cmake', 'python']
[0.421s] Level 1:colcon.colcon_core.package_identification:_identify(.) by extension 'cmake'
[0.421s] Level 1:colcon.colcon_core.package_identification:_identify(.) by extension 'python'
[0.421s] Level 1:colcon.colcon_core.package_identification:_identify(.) by extensions ['python_setup_py']
[0.421s] Level 1:colcon.colcon_core.package_identification:_identify(.) by extension 'python_setup_py'
[0.422s] Level 1:colcon.colcon_core.package_identification:_identify(build) by extensions ['ignore', 'ignore_ament_install']
[0.422s] Level 1:colcon.colcon_core.package_identification:_identify(build) by extension 'ignore'
[0.422s] Level 1:colcon.colcon_core.package_identification:_identify(build) ignored
[0.422s] Level 1:colcon.colcon_core.package_identification:_identify(install) by extensions ['ignore', 'ignore_ament_install']
[0.422s] Level 1:colcon.colcon_core.package_identification:_identify(install) by extension 'ignore'
[0.422s] Level 1:colcon.colcon_core.package_identification:_identify(install) ignored
[0.422s] Level 1:colcon.colcon_core.package_identification:_identify(log) by extensions ['ignore', 'ignore_ament_install']
[0.422s] Level 1:colcon.colcon_core.package_identification:_identify(log) by extension 'ignore'
[0.422s] Level 1:colcon.colcon_core.package_identification:_identify(log) ignored
[0.423s] Level 1:colcon.colcon_core.package_identification:_identify(src) by extensions ['ignore', 'ignore_ament_install']
[0.423s] Level 1:colcon.colcon_core.package_identification:_identify(src) by extension 'ignore'
[0.423s] Level 1:colcon.colcon_core.package_identification:_identify(src) by extension 'ignore_ament_install'
[0.423s] Level 1:colcon.colcon_core.package_identification:_identify(src) by extensions ['colcon_pkg']
[0.423s] Level 1:colcon.colcon_core.package_identification:_identify(src) by extension 'colcon_pkg'
[0.423s] Level 1:colcon.colcon_core.package_identification:_identify(src) by extensions ['colcon_meta']
[0.423s] Level 1:colcon.colcon_core.package_identification:_identify(src) by extension 'colcon_meta'
[0.423s] Level 1:colcon.colcon_core.package_identification:_identify(src) by extensions ['ros']
[0.423s] Level 1:colcon.colcon_core.package_identification:_identify(src) by extension 'ros'
[0.423s] Level 1:colcon.colcon_core.package_identification:_identify(src) by extensions ['cmake', 'python']
[0.423s] Level 1:colcon.colcon_core.package_identification:_identify(src) by extension 'cmake'
[0.423s] Level 1:colcon.colcon_core.package_identification:_identify(src) by extension 'python'
[0.423s] Level 1:colcon.colcon_core.package_identification:_identify(src) by extensions ['python_setup_py']
[0.423s] Level 1:colcon.colcon_core.package_identification:_identify(src) by extension 'python_setup_py'
[0.423s] Level 1:colcon.colcon_core.package_identification:_identify(src/theimc) by extensions ['ignore', 'ignore_ament_install']
[0.424s] Level 1:colcon.colcon_core.package_identification:_identify(src/theimc) by extension 'ignore'
[0.424s] Level 1:colcon.colcon_core.package_identification:_identify(src/theimc) by extension 'ignore_ament_install'
[0.424s] Level 1:colcon.colcon_core.package_identification:_identify(src/theimc) by extensions ['colcon_pkg']
[0.424s] Level 1:colcon.colcon_core.package_identification:_identify(src/theimc) by extension 'colcon_pkg'
[0.424s] Level 1:colcon.colcon_core.package_identification:_identify(src/theimc) by extensions ['colcon_meta']
[0.424s] Level 1:colcon.colcon_core.package_identification:_identify(src/theimc) by extension 'colcon_meta'
[0.424s] Level 1:colcon.colcon_core.package_identification:_identify(src/theimc) by extensions ['ros']
[0.424s] Level 1:colcon.colcon_core.package_identification:_identify(src/theimc) by extension 'ros'
[0.424s] Level 1:colcon.colcon_core.package_identification:_identify(src/theimc) by extensions ['cmake', 'python']
[0.424s] Level 1:colcon.colcon_core.package_identification:_identify(src/theimc) by extension 'cmake'
[0.424s] Level 1:colcon.colcon_core.package_identification:_identify(src/theimc) by extension 'python'
[0.424s] Level 1:colcon.colcon_core.package_identification:_identify(src/theimc) by extensions ['python_setup_py']
[0.424s] Level 1:colcon.colcon_core.package_identification:_identify(src/theimc) by extension 'python_setup_py'
[0.425s] Level 1:colcon.colcon_core.package_identification:_identify(src/theimc/theimc_bringup) by extensions ['ignore', 'ignore_ament_install']
[0.425s] Level 1:colcon.colcon_core.package_identification:_identify(src/theimc/theimc_bringup) by extension 'ignore'
[0.425s] Level 1:colcon.colcon_core.package_identification:_identify(src/theimc/theimc_bringup) by extension 'ignore_ament_install'
[0.425s] Level 1:colcon.colcon_core.package_identification:_identify(src/theimc/theimc_bringup) by extensions ['colcon_pkg']
[0.425s] Level 1:colcon.colcon_core.package_identification:_identify(src/theimc/theimc_bringup) by extension 'colcon_pkg'
[0.425s] Level 1:colcon.colcon_core.package_identification:_identify(src/theimc/theimc_bringup) by extensions ['colcon_meta']
[0.425s] Level 1:colcon.colcon_core.package_identification:_identify(src/theimc/theimc_bringup) by extension 'colcon_meta'
[0.425s] Level 1:colcon.colcon_core.package_identification:_identify(src/theimc/theimc_bringup) by extensions ['ros']
[0.425s] Level 1:colcon.colcon_core.package_identification:_identify(src/theimc/theimc_bringup) by extension 'ros'
[0.428s] DEBUG:colcon.colcon_core.package_identification:Package 'src/theimc/theimc_bringup' with type 'ros.ament_cmake' and name 'theimc_bringup'
[0.429s] Level 1:colcon.colcon_core.package_identification:_identify(src/theimc/theimc_description) by extensions ['ignore', 'ignore_ament_install']
[0.429s] Level 1:colcon.colcon_core.package_identification:_identify(src/theimc/theimc_description) by extension 'ignore'
[0.429s] Level 1:colcon.colcon_core.package_identification:_identify(src/theimc/theimc_description) by extension 'ignore_ament_install'
[0.429s] Level 1:colcon.colcon_core.package_identification:_identify(src/theimc/theimc_description) by extensions ['colcon_pkg']
[0.429s] Level 1:colcon.colcon_core.package_identification:_identify(src/theimc/theimc_description) by extension 'colcon_pkg'
[0.429s] Level 1:colcon.colcon_core.package_identification:_identify(src/theimc/theimc_description) by extensions ['colcon_meta']
[0.429s] Level 1:colcon.colcon_core.package_identification:_identify(src/theimc/theimc_description) by extension 'colcon_meta'
[0.429s] Level 1:colcon.colcon_core.package_identification:_identify(src/theimc/theimc_description) by extensions ['ros']
[0.429s] Level 1:colcon.colcon_core.package_identification:_identify(src/theimc/theimc_description) by extension 'ros'
[0.430s] DEBUG:colcon.colcon_core.package_identification:Package 'src/theimc/theimc_description' with type 'ros.ament_cmake' and name 'theimc_description'
[0.430s] Level 1:colcon.colcon_core.package_identification:_identify(src/theimc/theimc_teleop) by extensions ['ignore', 'ignore_ament_install']
[0.430s] Level 1:colcon.colcon_core.package_identification:_identify(src/theimc/theimc_teleop) by extension 'ignore'
[0.430s] Level 1:colcon.colcon_core.package_identification:_identify(src/theimc/theimc_teleop) by extension 'ignore_ament_install'
[0.431s] Level 1:colcon.colcon_core.package_identification:_identify(src/theimc/theimc_teleop) by extensions ['colcon_pkg']
[0.431s] Level 1:colcon.colcon_core.package_identification:_identify(src/theimc/theimc_teleop) by extension 'colcon_pkg'
[0.431s] Level 1:colcon.colcon_core.package_identification:_identify(src/theimc/theimc_teleop) by extensions ['colcon_meta']
[0.431s] Level 1:colcon.colcon_core.package_identification:_identify(src/theimc/theimc_teleop) by extension 'colcon_meta'
[0.431s] Level 1:colcon.colcon_core.package_identification:_identify(src/theimc/theimc_teleop) by extensions ['ros']
[0.431s] Level 1:colcon.colcon_core.package_identification:_identify(src/theimc/theimc_teleop) by extension 'ros'
[0.432s] DEBUG:colcon.colcon_core.package_identification:Package 'src/theimc/theimc_teleop' with type 'ros.ament_python' and name 'theimc_teleop'
[0.432s] Level 1:colcon.colcon_core.package_discovery:discover_packages(recursive) using defaults
[0.432s] Level 1:colcon.colcon_core.package_discovery:discover_packages(ignore) discover
[0.432s] Level 1:colcon.colcon_core.package_discovery:discover_packages(ignore) using defaults
[0.432s] Level 1:colcon.colcon_core.package_discovery:discover_packages(path) discover
[0.432s] Level 1:colcon.colcon_core.package_discovery:discover_packages(path) using defaults
[0.473s] Level 1:colcon.colcon_core.package_discovery:discover_packages(prefix_path) check parameters
[0.473s] Level 1:colcon.colcon_core.package_discovery:discover_packages(prefix_path) discover
[0.476s] DEBUG:colcon.colcon_installed_package_information.package_discovery:Found 3 installed packages in /home/jeff/theimc_ws/install
[0.478s] DEBUG:colcon.colcon_installed_package_information.package_discovery:Found 454 installed packages in /opt/ros/humble
[0.481s] Level 1:colcon.colcon_core.package_discovery:discover_packages(prefix_path) using defaults
[0.562s] Level 5:colcon.colcon_core.verb:set package 'theimc_description' build argument 'cmake_args' from command line to 'None'
[0.562s] Level 5:colcon.colcon_core.verb:set package 'theimc_description' build argument 'cmake_target' from command line to 'None'
[0.562s] Level 5:colcon.colcon_core.verb:set package 'theimc_description' build argument 'cmake_target_skip_unavailable' from command line to 'False'
[0.562s] Level 5:colcon.colcon_core.verb:set package 'theimc_description' build argument 'cmake_clean_cache' from command line to 'False'
[0.562s] Level 5:colcon.colcon_core.verb:set package 'theimc_description' build argument 'cmake_clean_first' from command line to 'False'
[0.562s] Level 5:colcon.colcon_core.verb:set package 'theimc_description' build argument 'cmake_force_configure' from command line to 'False'
[0.562s] Level 5:colcon.colcon_core.verb:set package 'theimc_description' build argument 'ament_cmake_args' from command line to 'None'
[0.562s] Level 5:colcon.colcon_core.verb:set package 'theimc_description' build argument 'catkin_cmake_args' from command line to 'None'
[0.562s] Level 5:colcon.colcon_core.verb:set package 'theimc_description' build argument 'catkin_skip_building_tests' from command line to 'False'
[0.562s] DEBUG:colcon.colcon_core.verb:Building package 'theimc_description' with the following arguments: {'ament_cmake_args': None, 'build_base': '/home/jeff/theimc_ws/build/theimc_description', 'catkin_cmake_args': None, 'catkin_skip_building_tests': False, 'cmake_args': None, 'cmake_clean_cache': False, 'cmake_clean_first': False, 'cmake_force_configure': False, 'cmake_target': None, 'cmake_target_skip_unavailable': False, 'install_base': '/home/jeff/theimc_ws/install/theimc_description', 'merge_install': False, 'path': '/home/jeff/theimc_ws/src/theimc/theimc_description', 'symlink_install': True, 'test_result_base': None}
[0.563s] Level 5:colcon.colcon_core.verb:set package 'theimc_teleop' build argument 'cmake_args' from command line to 'None'
[0.563s] Level 5:colcon.colcon_core.verb:set package 'theimc_teleop' build argument 'cmake_target' from command line to 'None'
[0.563s] Level 5:colcon.colcon_core.verb:set package 'theimc_teleop' build argument 'cmake_target_skip_unavailable' from command line to 'False'
[0.563s] Level 5:colcon.colcon_core.verb:set package 'theimc_teleop' build argument 'cmake_clean_cache' from command line to 'False'
[0.563s] Level 5:colcon.colcon_core.verb:set package 'theimc_teleop' build argument 'cmake_clean_first' from command line to 'False'
[0.563s] Level 5:colcon.colcon_core.verb:set package 'theimc_teleop' build argument 'cmake_force_configure' from command line to 'False'
[0.563s] Level 5:colcon.colcon_core.verb:set package 'theimc_teleop' build argument 'ament_cmake_args' from command line to 'None'
[0.563s] Level 5:colcon.colcon_core.verb:set package 'theimc_teleop' build argument 'catkin_cmake_args' from command line to 'None'
[0.563s] Level 5:colcon.colcon_core.verb:set package 'theimc_teleop' build argument 'catkin_skip_building_tests' from command line to 'False'
[0.563s] DEBUG:colcon.colcon_core.verb:Building package 'theimc_teleop' with the following arguments: {'ament_cmake_args': None, 'build_base': '/home/jeff/theimc_ws/build/theimc_teleop', 'catkin_cmake_args': None, 'catkin_skip_building_tests': False, 'cmake_args': None, 'cmake_clean_cache': False, 'cmake_clean_first': False, 'cmake_force_configure': False, 'cmake_target': None, 'cmake_target_skip_unavailable': False, 'install_base': '/home/jeff/theimc_ws/install/theimc_teleop', 'merge_install': False, 'path': '/home/jeff/theimc_ws/src/theimc/theimc_teleop', 'symlink_install': True, 'test_result_base': None}
[0.563s] Level 5:colcon.colcon_core.verb:set package 'theimc_bringup' build argument 'cmake_args' from command line to 'None'
[0.563s] Level 5:colcon.colcon_core.verb:set package 'theimc_bringup' build argument 'cmake_target' from command line to 'None'
[0.564s] Level 5:colcon.colcon_core.verb:set package 'theimc_bringup' build argument 'cmake_target_skip_unavailable' from command line to 'False'
[0.564s] Level 5:colcon.colcon_core.verb:set package 'theimc_bringup' build argument 'cmake_clean_cache' from command line to 'False'
[0.564s] Level 5:colcon.colcon_core.verb:set package 'theimc_bringup' build argument 'cmake_clean_first' from command line to 'False'
[0.564s] Level 5:colcon.colcon_core.verb:set package 'theimc_bringup' build argument 'cmake_force_configure' from command line to 'False'
[0.564s] Level 5:colcon.colcon_core.verb:set package 'theimc_bringup' build argument 'ament_cmake_args' from command line to 'None'
[0.564s] Level 5:colcon.colcon_core.verb:set package 'theimc_bringup' build argument 'catkin_cmake_args' from command line to 'None'
[0.564s] Level 5:colcon.colcon_core.verb:set package 'theimc_bringup' build argument 'catkin_skip_building_tests' from command line to 'False'
[0.564s] DEBUG:colcon.colcon_core.verb:Building package 'theimc_bringup' with the following arguments: {'ament_cmake_args': None, 'build_base': '/home/jeff/theimc_ws/build/theimc_bringup', 'catkin_cmake_args': None, 'catkin_skip_building_tests': False, 'cmake_args': None, 'cmake_clean_cache': False, 'cmake_clean_first': False, 'cmake_force_configure': False, 'cmake_target': None, 'cmake_target_skip_unavailable': False, 'install_base': '/home/jeff/theimc_ws/install/theimc_bringup', 'merge_install': False, 'path': '/home/jeff/theimc_ws/src/theimc/theimc_bringup', 'symlink_install': True, 'test_result_base': None}
[0.564s] INFO:colcon.colcon_core.executor:Executing jobs using 'parallel' executor
[0.565s] DEBUG:colcon.colcon_parallel_executor.executor.parallel:run_until_complete
[0.566s] INFO:colcon.colcon_ros.task.ament_cmake.build:Building ROS package in '/home/jeff/theimc_ws/src/theimc/theimc_description' with build type 'ament_cmake'
[0.566s] INFO:colcon.colcon_cmake.task.cmake.build:Building CMake package in '/home/jeff/theimc_ws/src/theimc/theimc_description'
[0.569s] INFO:colcon.colcon_core.plugin_system:Skipping extension 'colcon_core.shell.bat': Not used on non-Windows systems
[0.569s] INFO:colcon.colcon_core.shell:Skip shell extension 'powershell' for command environment: Not usable outside of PowerShell
[0.569s] DEBUG:colcon.colcon_core.shell:Skip shell extension 'dsv' for command environment
[0.575s] INFO:colcon.colcon_ros.task.ament_python.build:Building ROS package in '/home/jeff/theimc_ws/src/theimc/theimc_teleop' with build type 'ament_python'
[0.575s] Level 1:colcon.colcon_core.shell:create_environment_hook('theimc_teleop', 'ament_prefix_path')
[0.575s] INFO:colcon.colcon_core.shell:Creating environment hook '/home/jeff/theimc_ws/install/theimc_teleop/share/theimc_teleop/hook/ament_prefix_path.ps1'
[0.577s] INFO:colcon.colcon_core.shell:Creating environment descriptor '/home/jeff/theimc_ws/install/theimc_teleop/share/theimc_teleop/hook/ament_prefix_path.dsv'
[0.578s] INFO:colcon.colcon_core.shell:Creating environment hook '/home/jeff/theimc_ws/install/theimc_teleop/share/theimc_teleop/hook/ament_prefix_path.sh'
[0.580s] INFO:colcon.colcon_core.shell:Skip shell extension 'powershell' for command environment: Not usable outside of PowerShell
[0.580s] DEBUG:colcon.colcon_core.shell:Skip shell extension 'dsv' for command environment
[0.592s] DEBUG:colcon.colcon_core.event_handler.log_command:Invoking command in '/home/jeff/theimc_ws/build/theimc_description': CMAKE_PREFIX_PATH=${CMAKE_PREFIX_PATH}:/opt/ros/humble /usr/bin/cmake --build /home/jeff/theimc_ws/build/theimc_description -- -j4 -l4
[0.983s] WARNING:colcon.colcon_ros.task.ament_python.build:Package 'theimc_teleop' doesn't explicitly install a marker in the package index (colcon-ros currently does it implicitly but that fallback will be removed in the future)
[0.984s] INFO:colcon.colcon_core.task.python.build:Building Python package in '/home/jeff/theimc_ws/src/theimc/theimc_teleop'
[0.984s] INFO:colcon.colcon_core.shell:Skip shell extension 'powershell' for command environment: Not usable outside of PowerShell
[0.984s] DEBUG:colcon.colcon_core.shell:Skip shell extension 'dsv' for command environment
[0.991s] DEBUG:colcon.colcon_core.event_handler.log_command:Invoked command in '/home/jeff/theimc_ws/build/theimc_description' returned '0': CMAKE_PREFIX_PATH=${CMAKE_PREFIX_PATH}:/opt/ros/humble /usr/bin/cmake --build /home/jeff/theimc_ws/build/theimc_description -- -j4 -l4
[1.006s] DEBUG:colcon.colcon_core.event_handler.log_command:Invoking command in '/home/jeff/theimc_ws/build/theimc_description': CMAKE_PREFIX_PATH=${CMAKE_PREFIX_PATH}:/opt/ros/humble /usr/bin/cmake --install /home/jeff/theimc_ws/build/theimc_description
[1.033s] Level 1:colcon.colcon_core.environment:create_environment_scripts_only(theimc_description)
[1.035s] DEBUG:colcon.colcon_core.event_handler.log_command:Invoked command in '/home/jeff/theimc_ws/build/theimc_description' returned '0': CMAKE_PREFIX_PATH=${CMAKE_PREFIX_PATH}:/opt/ros/humble /usr/bin/cmake --install /home/jeff/theimc_ws/build/theimc_description
[1.039s] Level 1:colcon.colcon_core.environment:checking '/home/jeff/theimc_ws/install/theimc_description' for CMake module files
[1.040s] Level 1:colcon.colcon_core.environment:checking '/home/jeff/theimc_ws/install/theimc_description' for CMake config files
[1.041s] Level 1:colcon.colcon_core.shell:create_environment_hook('theimc_description', 'cmake_prefix_path')
[1.042s] INFO:colcon.colcon_core.shell:Creating environment hook '/home/jeff/theimc_ws/install/theimc_description/share/theimc_description/hook/cmake_prefix_path.ps1'
[1.042s] INFO:colcon.colcon_core.shell:Creating environment descriptor '/home/jeff/theimc_ws/install/theimc_description/share/theimc_description/hook/cmake_prefix_path.dsv'
[1.043s] INFO:colcon.colcon_core.shell:Creating environment hook '/home/jeff/theimc_ws/install/theimc_description/share/theimc_description/hook/cmake_prefix_path.sh'
[1.045s] Level 1:colcon.colcon_core.environment:checking '/home/jeff/theimc_ws/install/theimc_description/bin'
[1.045s] Level 1:colcon.colcon_core.environment:checking '/home/jeff/theimc_ws/install/theimc_description/lib/pkgconfig/theimc_description.pc'
[1.045s] Level 1:colcon.colcon_core.environment:checking '/home/jeff/theimc_ws/install/theimc_description/lib/python3.10/site-packages'
[1.046s] Level 1:colcon.colcon_core.environment:checking '/home/jeff/theimc_ws/install/theimc_description/bin'
[1.046s] INFO:colcon.colcon_core.shell:Creating package script '/home/jeff/theimc_ws/install/theimc_description/share/theimc_description/package.ps1'
[1.048s] INFO:colcon.colcon_core.shell:Creating package descriptor '/home/jeff/theimc_ws/install/theimc_description/share/theimc_description/package.dsv'
[1.049s] INFO:colcon.colcon_core.shell:Creating package script '/home/jeff/theimc_ws/install/theimc_description/share/theimc_description/package.sh'
[1.052s] INFO:colcon.colcon_core.shell:Creating package script '/home/jeff/theimc_ws/install/theimc_description/share/theimc_description/package.bash'
[1.053s] INFO:colcon.colcon_core.shell:Creating package script '/home/jeff/theimc_ws/install/theimc_description/share/theimc_description/package.zsh'
[1.055s] Level 1:colcon.colcon_core.environment:create_file_with_runtime_dependencies(/home/jeff/theimc_ws/install/theimc_description/share/colcon-core/packages/theimc_description)
[1.056s] Level 1:colcon.colcon_core.environment:create_environment_scripts_only(theimc_description)
[1.057s] Level 1:colcon.colcon_core.environment:checking '/home/jeff/theimc_ws/install/theimc_description' for CMake module files
[1.058s] Level 1:colcon.colcon_core.environment:checking '/home/jeff/theimc_ws/install/theimc_description' for CMake config files
[1.059s] Level 1:colcon.colcon_core.shell:create_environment_hook('theimc_description', 'cmake_prefix_path')
[1.059s] INFO:colcon.colcon_core.shell:Creating environment hook '/home/jeff/theimc_ws/install/theimc_description/share/theimc_description/hook/cmake_prefix_path.ps1'
[1.060s] INFO:colcon.colcon_core.shell:Creating environment descriptor '/home/jeff/theimc_ws/install/theimc_description/share/theimc_description/hook/cmake_prefix_path.dsv'
[1.061s] INFO:colcon.colcon_core.shell:Creating environment hook '/home/jeff/theimc_ws/install/theimc_description/share/theimc_description/hook/cmake_prefix_path.sh'
[1.062s] Level 1:colcon.colcon_core.environment:checking '/home/jeff/theimc_ws/install/theimc_description/bin'
[1.062s] Level 1:colcon.colcon_core.environment:checking '/home/jeff/theimc_ws/install/theimc_description/lib/pkgconfig/theimc_description.pc'
[1.062s] Level 1:colcon.colcon_core.environment:checking '/home/jeff/theimc_ws/install/theimc_description/lib/python3.10/site-packages'
[1.063s] Level 1:colcon.colcon_core.environment:checking '/home/jeff/theimc_ws/install/theimc_description/bin'
[1.064s] INFO:colcon.colcon_core.shell:Creating package script '/home/jeff/theimc_ws/install/theimc_description/share/theimc_description/package.ps1'
[1.065s] INFO:colcon.colcon_core.shell:Creating package descriptor '/home/jeff/theimc_ws/install/theimc_description/share/theimc_description/package.dsv'
[1.066s] INFO:colcon.colcon_core.shell:Creating package script '/home/jeff/theimc_ws/install/theimc_description/share/theimc_description/package.sh'
[1.067s] INFO:colcon.colcon_core.shell:Creating package script '/home/jeff/theimc_ws/install/theimc_description/share/theimc_description/package.bash'
[1.068s] INFO:colcon.colcon_core.shell:Creating package script '/home/jeff/theimc_ws/install/theimc_description/share/theimc_description/package.zsh'
[1.069s] Level 1:colcon.colcon_core.environment:create_file_with_runtime_dependencies(/home/jeff/theimc_ws/install/theimc_description/share/colcon-core/packages/theimc_description)
[1.070s] INFO:colcon.colcon_ros.task.ament_cmake.build:Building ROS package in '/home/jeff/theimc_ws/src/theimc/theimc_bringup' with build type 'ament_cmake'
[1.070s] INFO:colcon.colcon_cmake.task.cmake.build:Building CMake package in '/home/jeff/theimc_ws/src/theimc/theimc_bringup'
[1.071s] INFO:colcon.colcon_core.shell:Skip shell extension 'powershell' for command environment: Not usable outside of PowerShell
[1.071s] DEBUG:colcon.colcon_core.shell:Skip shell extension 'dsv' for command environment
[1.086s] DEBUG:colcon.colcon_core.event_handler.log_command:Invoking command in '/home/jeff/theimc_ws/build/theimc_bringup': CMAKE_PREFIX_PATH=/home/jeff/theimc_ws/install/theimc_description:/home/jeff/theimc_ws/install/theimc_bringup:/opt/ros/humble /usr/bin/cmake --build /home/jeff/theimc_ws/build/theimc_bringup -- -j4 -l4
[1.136s] DEBUG:colcon.colcon_core.event_handler.log_command:Invoked command in '/home/jeff/theimc_ws/build/theimc_bringup' returned '0': CMAKE_PREFIX_PATH=/home/jeff/theimc_ws/install/theimc_description:/home/jeff/theimc_ws/install/theimc_bringup:/opt/ros/humble /usr/bin/cmake --build /home/jeff/theimc_ws/build/theimc_bringup -- -j4 -l4
[1.138s] DEBUG:colcon.colcon_core.event_handler.log_command:Invoking command in '/home/jeff/theimc_ws/build/theimc_bringup': CMAKE_PREFIX_PATH=/home/jeff/theimc_ws/install/theimc_description:/home/jeff/theimc_ws/install/theimc_bringup:/opt/ros/humble /usr/bin/cmake --install /home/jeff/theimc_ws/build/theimc_bringup
[1.168s] Level 1:colcon.colcon_core.environment:create_environment_scripts_only(theimc_bringup)
[1.168s] Level 1:colcon.colcon_core.environment:checking '/home/jeff/theimc_ws/install/theimc_bringup' for CMake module files
[1.169s] DEBUG:colcon.colcon_core.event_handler.log_command:Invoked command in '/home/jeff/theimc_ws/build/theimc_bringup' returned '0': CMAKE_PREFIX_PATH=/home/jeff/theimc_ws/install/theimc_description:/home/jeff/theimc_ws/install/theimc_bringup:/opt/ros/humble /usr/bin/cmake --install /home/jeff/theimc_ws/build/theimc_bringup
[1.170s] Level 1:colcon.colcon_core.environment:checking '/home/jeff/theimc_ws/install/theimc_bringup' for CMake config files
[1.170s] Level 1:colcon.colcon_core.shell:create_environment_hook('theimc_bringup', 'cmake_prefix_path')
[1.170s] INFO:colcon.colcon_core.shell:Creating environment hook '/home/jeff/theimc_ws/install/theimc_bringup/share/theimc_bringup/hook/cmake_prefix_path.ps1'
[1.171s] INFO:colcon.colcon_core.shell:Creating environment descriptor '/home/jeff/theimc_ws/install/theimc_bringup/share/theimc_bringup/hook/cmake_prefix_path.dsv'
[1.172s] INFO:colcon.colcon_core.shell:Creating environment hook '/home/jeff/theimc_ws/install/theimc_bringup/share/theimc_bringup/hook/cmake_prefix_path.sh'
[1.172s] Level 1:colcon.colcon_core.environment:checking '/home/jeff/theimc_ws/install/theimc_bringup/bin'
[1.173s] Level 1:colcon.colcon_core.environment:checking '/home/jeff/theimc_ws/install/theimc_bringup/lib/pkgconfig/theimc_bringup.pc'
[1.173s] Level 1:colcon.colcon_core.environment:checking '/home/jeff/theimc_ws/install/theimc_bringup/lib/python3.10/site-packages'
[1.173s] Level 1:colcon.colcon_core.environment:checking '/home/jeff/theimc_ws/install/theimc_bringup/bin'
[1.174s] INFO:colcon.colcon_core.shell:Creating package script '/home/jeff/theimc_ws/install/theimc_bringup/share/theimc_bringup/package.ps1'
[1.174s] INFO:colcon.colcon_core.shell:Creating package descriptor '/home/jeff/theimc_ws/install/theimc_bringup/share/theimc_bringup/package.dsv'
[1.175s] INFO:colcon.colcon_core.shell:Creating package script '/home/jeff/theimc_ws/install/theimc_bringup/share/theimc_bringup/package.sh'
[1.176s] INFO:colcon.colcon_core.shell:Creating package script '/home/jeff/theimc_ws/install/theimc_bringup/share/theimc_bringup/package.bash'
[1.176s] INFO:colcon.colcon_core.shell:Creating package script '/home/jeff/theimc_ws/install/theimc_bringup/share/theimc_bringup/package.zsh'
[1.177s] Level 1:colcon.colcon_core.environment:create_file_with_runtime_dependencies(/home/jeff/theimc_ws/install/theimc_bringup/share/colcon-core/packages/theimc_bringup)
[1.178s] Level 1:colcon.colcon_core.environment:create_environment_scripts_only(theimc_bringup)
[1.179s] Level 1:colcon.colcon_core.environment:checking '/home/jeff/theimc_ws/install/theimc_bringup' for CMake module files
[1.180s] Level 1:colcon.colcon_core.environment:checking '/home/jeff/theimc_ws/install/theimc_bringup' for CMake config files
[1.181s] Level 1:colcon.colcon_core.shell:create_environment_hook('theimc_bringup', 'cmake_prefix_path')
[1.181s] INFO:colcon.colcon_core.shell:Creating environment hook '/home/jeff/theimc_ws/install/theimc_bringup/share/theimc_bringup/hook/cmake_prefix_path.ps1'
[1.182s] INFO:colcon.colcon_core.shell:Creating environment descriptor '/home/jeff/theimc_ws/install/theimc_bringup/share/theimc_bringup/hook/cmake_prefix_path.dsv'
[1.183s] INFO:colcon.colcon_core.shell:Creating environment hook '/home/jeff/theimc_ws/install/theimc_bringup/share/theimc_bringup/hook/cmake_prefix_path.sh'
[1.183s] Level 1:colcon.colcon_core.environment:checking '/home/jeff/theimc_ws/install/theimc_bringup/bin'
[1.184s] Level 1:colcon.colcon_core.environment:checking '/home/jeff/theimc_ws/install/theimc_bringup/lib/pkgconfig/theimc_bringup.pc'
[1.184s] Level 1:colcon.colcon_core.environment:checking '/home/jeff/theimc_ws/install/theimc_bringup/lib/python3.10/site-packages'
[1.184s] Level 1:colcon.colcon_core.environment:checking '/home/jeff/theimc_ws/install/theimc_bringup/bin'
[1.185s] INFO:colcon.colcon_core.shell:Creating package script '/home/jeff/theimc_ws/install/theimc_bringup/share/theimc_bringup/package.ps1'
[1.186s] INFO:colcon.colcon_core.shell:Creating package descriptor '/home/jeff/theimc_ws/install/theimc_bringup/share/theimc_bringup/package.dsv'
[1.186s] INFO:colcon.colcon_core.shell:Creating package script '/home/jeff/theimc_ws/install/theimc_bringup/share/theimc_bringup/package.sh'
[1.187s] INFO:colcon.colcon_core.shell:Creating package script '/home/jeff/theimc_ws/install/theimc_bringup/share/theimc_bringup/package.bash'
[1.188s] INFO:colcon.colcon_core.shell:Creating package script '/home/jeff/theimc_ws/install/theimc_bringup/share/theimc_bringup/package.zsh'
[1.188s] Level 1:colcon.colcon_core.environment:create_file_with_runtime_dependencies(/home/jeff/theimc_ws/install/theimc_bringup/share/colcon-core/packages/theimc_bringup)
[1.583s] DEBUG:colcon.colcon_core.event_handler.log_command:Invoking command in '/home/jeff/theimc_ws/build/theimc_teleop': PYTHONPATH=/home/jeff/theimc_ws/build/theimc_teleop/prefix_override:/usr/lib/python3/dist-packages/colcon_core/task/python/colcon_distutils_commands:/home/jeff/theimc_ws/install/theimc_teleop/lib/python3.10/site-packages:${PYTHONPATH} /usr/bin/python3 -W ignore:setup.py install is deprecated -W ignore:easy_install command is deprecated setup.py develop --editable --build-directory /home/jeff/theimc_ws/build/theimc_teleop/build --no-deps symlink_data
[2.297s] DEBUG:colcon.colcon_core.event_handler.log_command:Invoked command in '/home/jeff/theimc_ws/build/theimc_teleop' returned '1': PYTHONPATH=/home/jeff/theimc_ws/build/theimc_teleop/prefix_override:/usr/lib/python3/dist-packages/colcon_core/task/python/colcon_distutils_commands:/home/jeff/theimc_ws/install/theimc_teleop/lib/python3.10/site-packages:${PYTHONPATH} /usr/bin/python3 -W ignore:setup.py install is deprecated -W ignore:easy_install command is deprecated setup.py develop --editable --build-directory /home/jeff/theimc_ws/build/theimc_teleop/build --no-deps symlink_data
[2.306s] DEBUG:colcon.colcon_parallel_executor.executor.parallel:closing loop
[2.307s] DEBUG:colcon.colcon_parallel_executor.executor.parallel:loop closed
[2.307s] DEBUG:colcon.colcon_parallel_executor.executor.parallel:run_until_complete finished with '1'
[2.307s] DEBUG:colcon.colcon_core.event_reactor:joining thread
[2.316s] INFO:colcon.colcon_core.plugin_system:Skipping extension 'colcon_notification.desktop_notification.terminal_notifier': Not used on non-Darwin systems
[2.316s] INFO:colcon.colcon_core.plugin_system:Skipping extension 'colcon_notification.desktop_notification.win32': Not used on non-Windows systems
[2.316s] INFO:colcon.colcon_notification.desktop_notification:Sending desktop notification using 'notify2'
[2.478s] DEBUG:colcon.colcon_core.event_reactor:joined thread
[2.479s] INFO:colcon.colcon_core.shell:Creating prefix script '/home/jeff/theimc_ws/install/local_setup.ps1'
[2.482s] INFO:colcon.colcon_core.shell:Creating prefix util module '/home/jeff/theimc_ws/install/_local_setup_util_ps1.py'
[2.487s] INFO:colcon.colcon_core.shell:Creating prefix chain script '/home/jeff/theimc_ws/install/setup.ps1'
[2.491s] INFO:colcon.colcon_core.shell:Creating prefix script '/home/jeff/theimc_ws/install/local_setup.sh'
[2.493s] INFO:colcon.colcon_core.shell:Creating prefix util module '/home/jeff/theimc_ws/install/_local_setup_util_sh.py'
[2.494s] INFO:colcon.colcon_core.shell:Creating prefix chain script '/home/jeff/theimc_ws/install/setup.sh'
[2.495s] INFO:colcon.colcon_core.shell:Creating prefix script '/home/jeff/theimc_ws/install/local_setup.bash'
[2.496s] INFO:colcon.colcon_core.shell:Creating prefix chain script '/home/jeff/theimc_ws/install/setup.bash'
[2.497s] INFO:colcon.colcon_core.shell:Creating prefix script '/home/jeff/theimc_ws/install/local_setup.zsh'
[2.498s] INFO:colcon.colcon_core.shell:Creating prefix chain script '/home/jeff/theimc_ws/install/setup.zsh'
