[0.148s] DEBUG:colcon:Command line arguments: ['/usr/bin/colcon', 'build', '--symlink-install']
[0.148s] DEBUG:colcon:Parsed command line arguments: Namespace(log_base=None, log_level=None, verb_name='build', build_base='build', install_base='install', merge_install=False, symlink_install=True, test_result_base=None, continue_on_error=False, executor='parallel', parallel_workers=4, event_handlers=None, ignore_user_meta=False, metas=['./colcon.meta'], base_paths=['.'], packages_ignore=None, packages_ignore_regex=None, paths=None, packages_up_to=None, packages_up_to_regex=None, packages_above=None, packages_above_and_dependencies=None, packages_above_depth=None, packages_select_by_dep=None, packages_skip_by_dep=None, packages_skip_up_to=None, packages_select_build_failed=False, packages_skip_build_finished=False, packages_select_test_failures=False, packages_skip_test_passed=False, packages_select=None, packages_skip=None, packages_select_regex=None, packages_skip_regex=None, packages_start=None, packages_end=None, allow_overriding=[], cmake_args=None, cmake_target=None, cmake_target_skip_unavailable=False, cmake_clean_cache=False, cmake_clean_first=False, cmake_force_configure=False, ament_cmake_args=None, catkin_cmake_args=None, catkin_skip_building_tests=False, verb_parser=<colcon_defaults.argument_parser.defaults.DefaultArgumentsDecorator object at 0x73a746669bd0>, verb_extension=<colcon_core.verb.build.BuildVerb object at 0x73a7466696f0>, main=<bound method BuildVerb.main of <colcon_core.verb.build.BuildVerb object at 0x73a7466696f0>>)
[0.400s] Level 1:colcon.colcon_core.package_discovery:discover_packages(colcon_meta) check parameters
[0.400s] Level 1:colcon.colcon_core.package_discovery:discover_packages(recursive) check parameters
[0.400s] Level 1:colcon.colcon_core.package_discovery:discover_packages(ignore) check parameters
[0.400s] Level 1:colcon.colcon_core.package_discovery:discover_packages(path) check parameters
[0.400s] Level 1:colcon.colcon_core.package_discovery:discover_packages(colcon_meta) discover
[0.401s] Level 1:colcon.colcon_core.package_discovery:discover_packages(recursive) discover
[0.401s] INFO:colcon.colcon_core.package_discovery:Crawling recursively for packages in '/home/jeff/theimc_ws'
[0.401s] Level 1:colcon.colcon_core.package_identification:_identify(.) by extensions ['ignore', 'ignore_ament_install']
[0.401s] Level 1:colcon.colcon_core.package_identification:_identify(.) by extension 'ignore'
[0.401s] Level 1:colcon.colcon_core.package_identification:_identify(.) by extension 'ignore_ament_install'
[0.401s] Level 1:colcon.colcon_core.package_identification:_identify(.) by extensions ['colcon_pkg']
[0.401s] Level 1:colcon.colcon_core.package_identification:_identify(.) by extension 'colcon_pkg'
[0.401s] Level 1:colcon.colcon_core.package_identification:_identify(.) by extensions ['colcon_meta']
[0.401s] Level 1:colcon.colcon_core.package_identification:_identify(.) by extension 'colcon_meta'
[0.401s] Level 1:colcon.colcon_core.package_identification:_identify(.) by extensions ['ros']
[0.401s] Level 1:colcon.colcon_core.package_identification:_identify(.) by extension 'ros'
[0.415s] Level 1:colcon.colcon_core.package_identification:_identify(.) by extensions ['cmake', 'python']
[0.415s] Level 1:colcon.colcon_core.package_identification:_identify(.) by extension 'cmake'
[0.416s] Level 1:colcon.colcon_core.package_identification:_identify(.) by extension 'python'
[0.416s] Level 1:colcon.colcon_core.package_identification:_identify(.) by extensions ['python_setup_py']
[0.416s] Level 1:colcon.colcon_core.package_identification:_identify(.) by extension 'python_setup_py'
[0.416s] Level 1:colcon.colcon_core.package_identification:_identify(build) by extensions ['ignore', 'ignore_ament_install']
[0.416s] Level 1:colcon.colcon_core.package_identification:_identify(build) by extension 'ignore'
[0.416s] Level 1:colcon.colcon_core.package_identification:_identify(build) ignored
[0.416s] Level 1:colcon.colcon_core.package_identification:_identify(install) by extensions ['ignore', 'ignore_ament_install']
[0.416s] Level 1:colcon.colcon_core.package_identification:_identify(install) by extension 'ignore'
[0.416s] Level 1:colcon.colcon_core.package_identification:_identify(install) ignored
[0.417s] Level 1:colcon.colcon_core.package_identification:_identify(log) by extensions ['ignore', 'ignore_ament_install']
[0.417s] Level 1:colcon.colcon_core.package_identification:_identify(log) by extension 'ignore'
[0.417s] Level 1:colcon.colcon_core.package_identification:_identify(log) ignored
[0.417s] Level 1:colcon.colcon_core.package_identification:_identify(src) by extensions ['ignore', 'ignore_ament_install']
[0.417s] Level 1:colcon.colcon_core.package_identification:_identify(src) by extension 'ignore'
[0.417s] Level 1:colcon.colcon_core.package_identification:_identify(src) by extension 'ignore_ament_install'
[0.417s] Level 1:colcon.colcon_core.package_identification:_identify(src) by extensions ['colcon_pkg']
[0.417s] Level 1:colcon.colcon_core.package_identification:_identify(src) by extension 'colcon_pkg'
[0.417s] Level 1:colcon.colcon_core.package_identification:_identify(src) by extensions ['colcon_meta']
[0.417s] Level 1:colcon.colcon_core.package_identification:_identify(src) by extension 'colcon_meta'
[0.417s] Level 1:colcon.colcon_core.package_identification:_identify(src) by extensions ['ros']
[0.417s] Level 1:colcon.colcon_core.package_identification:_identify(src) by extension 'ros'
[0.417s] Level 1:colcon.colcon_core.package_identification:_identify(src) by extensions ['cmake', 'python']
[0.417s] Level 1:colcon.colcon_core.package_identification:_identify(src) by extension 'cmake'
[0.418s] Level 1:colcon.colcon_core.package_identification:_identify(src) by extension 'python'
[0.418s] Level 1:colcon.colcon_core.package_identification:_identify(src) by extensions ['python_setup_py']
[0.418s] Level 1:colcon.colcon_core.package_identification:_identify(src) by extension 'python_setup_py'
[0.418s] Level 1:colcon.colcon_core.package_identification:_identify(src/theimc) by extensions ['ignore', 'ignore_ament_install']
[0.418s] Level 1:colcon.colcon_core.package_identification:_identify(src/theimc) by extension 'ignore'
[0.418s] Level 1:colcon.colcon_core.package_identification:_identify(src/theimc) by extension 'ignore_ament_install'
[0.418s] Level 1:colcon.colcon_core.package_identification:_identify(src/theimc) by extensions ['colcon_pkg']
[0.418s] Level 1:colcon.colcon_core.package_identification:_identify(src/theimc) by extension 'colcon_pkg'
[0.418s] Level 1:colcon.colcon_core.package_identification:_identify(src/theimc) by extensions ['colcon_meta']
[0.418s] Level 1:colcon.colcon_core.package_identification:_identify(src/theimc) by extension 'colcon_meta'
[0.418s] Level 1:colcon.colcon_core.package_identification:_identify(src/theimc) by extensions ['ros']
[0.418s] Level 1:colcon.colcon_core.package_identification:_identify(src/theimc) by extension 'ros'
[0.418s] Level 1:colcon.colcon_core.package_identification:_identify(src/theimc) by extensions ['cmake', 'python']
[0.418s] Level 1:colcon.colcon_core.package_identification:_identify(src/theimc) by extension 'cmake'
[0.418s] Level 1:colcon.colcon_core.package_identification:_identify(src/theimc) by extension 'python'
[0.419s] Level 1:colcon.colcon_core.package_identification:_identify(src/theimc) by extensions ['python_setup_py']
[0.419s] Level 1:colcon.colcon_core.package_identification:_identify(src/theimc) by extension 'python_setup_py'
[0.419s] Level 1:colcon.colcon_core.package_identification:_identify(src/theimc/theimc_bringup) by extensions ['ignore', 'ignore_ament_install']
[0.419s] Level 1:colcon.colcon_core.package_identification:_identify(src/theimc/theimc_bringup) by extension 'ignore'
[0.419s] Level 1:colcon.colcon_core.package_identification:_identify(src/theimc/theimc_bringup) by extension 'ignore_ament_install'
[0.419s] Level 1:colcon.colcon_core.package_identification:_identify(src/theimc/theimc_bringup) by extensions ['colcon_pkg']
[0.419s] Level 1:colcon.colcon_core.package_identification:_identify(src/theimc/theimc_bringup) by extension 'colcon_pkg'
[0.419s] Level 1:colcon.colcon_core.package_identification:_identify(src/theimc/theimc_bringup) by extensions ['colcon_meta']
[0.419s] Level 1:colcon.colcon_core.package_identification:_identify(src/theimc/theimc_bringup) by extension 'colcon_meta'
[0.419s] Level 1:colcon.colcon_core.package_identification:_identify(src/theimc/theimc_bringup) by extensions ['ros']
[0.419s] Level 1:colcon.colcon_core.package_identification:_identify(src/theimc/theimc_bringup) by extension 'ros'
[0.423s] DEBUG:colcon.colcon_core.package_identification:Package 'src/theimc/theimc_bringup' with type 'ros.ament_python' and name 'theimc_bringup'
[0.423s] Level 1:colcon.colcon_core.package_identification:_identify(src/theimc/theimc_cartographer) by extensions ['ignore', 'ignore_ament_install']
[0.423s] Level 1:colcon.colcon_core.package_identification:_identify(src/theimc/theimc_cartographer) by extension 'ignore'
[0.423s] Level 1:colcon.colcon_core.package_identification:_identify(src/theimc/theimc_cartographer) by extension 'ignore_ament_install'
[0.423s] Level 1:colcon.colcon_core.package_identification:_identify(src/theimc/theimc_cartographer) by extensions ['colcon_pkg']
[0.423s] Level 1:colcon.colcon_core.package_identification:_identify(src/theimc/theimc_cartographer) by extension 'colcon_pkg'
[0.423s] Level 1:colcon.colcon_core.package_identification:_identify(src/theimc/theimc_cartographer) by extensions ['colcon_meta']
[0.423s] Level 1:colcon.colcon_core.package_identification:_identify(src/theimc/theimc_cartographer) by extension 'colcon_meta'
[0.423s] Level 1:colcon.colcon_core.package_identification:_identify(src/theimc/theimc_cartographer) by extensions ['ros']
[0.423s] Level 1:colcon.colcon_core.package_identification:_identify(src/theimc/theimc_cartographer) by extension 'ros'
[0.424s] DEBUG:colcon.colcon_core.package_identification:Package 'src/theimc/theimc_cartographer' with type 'ros.ament_cmake' and name 'slampibot_cartographer'
[0.424s] Level 1:colcon.colcon_core.package_identification:_identify(src/theimc/theimc_description) by extensions ['ignore', 'ignore_ament_install']
[0.425s] Level 1:colcon.colcon_core.package_identification:_identify(src/theimc/theimc_description) by extension 'ignore'
[0.425s] Level 1:colcon.colcon_core.package_identification:_identify(src/theimc/theimc_description) by extension 'ignore_ament_install'
[0.425s] Level 1:colcon.colcon_core.package_identification:_identify(src/theimc/theimc_description) by extensions ['colcon_pkg']
[0.425s] Level 1:colcon.colcon_core.package_identification:_identify(src/theimc/theimc_description) by extension 'colcon_pkg'
[0.425s] Level 1:colcon.colcon_core.package_identification:_identify(src/theimc/theimc_description) by extensions ['colcon_meta']
[0.425s] Level 1:colcon.colcon_core.package_identification:_identify(src/theimc/theimc_description) by extension 'colcon_meta'
[0.425s] Level 1:colcon.colcon_core.package_identification:_identify(src/theimc/theimc_description) by extensions ['ros']
[0.425s] Level 1:colcon.colcon_core.package_identification:_identify(src/theimc/theimc_description) by extension 'ros'
[0.426s] DEBUG:colcon.colcon_core.package_identification:Package 'src/theimc/theimc_description' with type 'ros.ament_cmake' and name 'theimc_description'
[0.426s] Level 1:colcon.colcon_core.package_identification:_identify(src/theimc/theimc_teleop) by extensions ['ignore', 'ignore_ament_install']
[0.426s] Level 1:colcon.colcon_core.package_identification:_identify(src/theimc/theimc_teleop) by extension 'ignore'
[0.426s] Level 1:colcon.colcon_core.package_identification:_identify(src/theimc/theimc_teleop) by extension 'ignore_ament_install'
[0.426s] Level 1:colcon.colcon_core.package_identification:_identify(src/theimc/theimc_teleop) by extensions ['colcon_pkg']
[0.426s] Level 1:colcon.colcon_core.package_identification:_identify(src/theimc/theimc_teleop) by extension 'colcon_pkg'
[0.426s] Level 1:colcon.colcon_core.package_identification:_identify(src/theimc/theimc_teleop) by extensions ['colcon_meta']
[0.426s] Level 1:colcon.colcon_core.package_identification:_identify(src/theimc/theimc_teleop) by extension 'colcon_meta'
[0.426s] Level 1:colcon.colcon_core.package_identification:_identify(src/theimc/theimc_teleop) by extensions ['ros']
[0.427s] Level 1:colcon.colcon_core.package_identification:_identify(src/theimc/theimc_teleop) by extension 'ros'
[0.429s] DEBUG:colcon.colcon_core.package_identification:Package 'src/theimc/theimc_teleop' with type 'ros.ament_python' and name 'theimc_teleop'
[0.429s] Level 1:colcon.colcon_core.package_discovery:discover_packages(recursive) using defaults
[0.429s] Level 1:colcon.colcon_core.package_discovery:discover_packages(ignore) discover
[0.429s] Level 1:colcon.colcon_core.package_discovery:discover_packages(ignore) using defaults
[0.429s] Level 1:colcon.colcon_core.package_discovery:discover_packages(path) discover
[0.429s] Level 1:colcon.colcon_core.package_discovery:discover_packages(path) using defaults
[0.468s] Level 1:colcon.colcon_core.package_discovery:discover_packages(prefix_path) check parameters
[0.468s] Level 1:colcon.colcon_core.package_discovery:discover_packages(prefix_path) discover
[0.470s] DEBUG:colcon.colcon_installed_package_information.package_discovery:Found 4 installed packages in /home/jeff/theimc_ws/install
[0.473s] DEBUG:colcon.colcon_installed_package_information.package_discovery:Found 454 installed packages in /opt/ros/humble
[0.476s] Level 1:colcon.colcon_core.package_discovery:discover_packages(prefix_path) using defaults
[0.554s] Level 5:colcon.colcon_core.verb:set package 'slampibot_cartographer' build argument 'cmake_args' from command line to 'None'
[0.554s] Level 5:colcon.colcon_core.verb:set package 'slampibot_cartographer' build argument 'cmake_target' from command line to 'None'
[0.554s] Level 5:colcon.colcon_core.verb:set package 'slampibot_cartographer' build argument 'cmake_target_skip_unavailable' from command line to 'False'
[0.555s] Level 5:colcon.colcon_core.verb:set package 'slampibot_cartographer' build argument 'cmake_clean_cache' from command line to 'False'
[0.555s] Level 5:colcon.colcon_core.verb:set package 'slampibot_cartographer' build argument 'cmake_clean_first' from command line to 'False'
[0.555s] Level 5:colcon.colcon_core.verb:set package 'slampibot_cartographer' build argument 'cmake_force_configure' from command line to 'False'
[0.555s] Level 5:colcon.colcon_core.verb:set package 'slampibot_cartographer' build argument 'ament_cmake_args' from command line to 'None'
[0.555s] Level 5:colcon.colcon_core.verb:set package 'slampibot_cartographer' build argument 'catkin_cmake_args' from command line to 'None'
[0.555s] Level 5:colcon.colcon_core.verb:set package 'slampibot_cartographer' build argument 'catkin_skip_building_tests' from command line to 'False'
[0.555s] DEBUG:colcon.colcon_core.verb:Building package 'slampibot_cartographer' with the following arguments: {'ament_cmake_args': None, 'build_base': '/home/jeff/theimc_ws/build/slampibot_cartographer', 'catkin_cmake_args': None, 'catkin_skip_building_tests': False, 'cmake_args': None, 'cmake_clean_cache': False, 'cmake_clean_first': False, 'cmake_force_configure': False, 'cmake_target': None, 'cmake_target_skip_unavailable': False, 'install_base': '/home/jeff/theimc_ws/install/slampibot_cartographer', 'merge_install': False, 'path': '/home/jeff/theimc_ws/src/theimc/theimc_cartographer', 'symlink_install': True, 'test_result_base': None}
[0.555s] Level 5:colcon.colcon_core.verb:set package 'theimc_bringup' build argument 'cmake_args' from command line to 'None'
[0.555s] Level 5:colcon.colcon_core.verb:set package 'theimc_bringup' build argument 'cmake_target' from command line to 'None'
[0.555s] Level 5:colcon.colcon_core.verb:set package 'theimc_bringup' build argument 'cmake_target_skip_unavailable' from command line to 'False'
[0.555s] Level 5:colcon.colcon_core.verb:set package 'theimc_bringup' build argument 'cmake_clean_cache' from command line to 'False'
[0.555s] Level 5:colcon.colcon_core.verb:set package 'theimc_bringup' build argument 'cmake_clean_first' from command line to 'False'
[0.555s] Level 5:colcon.colcon_core.verb:set package 'theimc_bringup' build argument 'cmake_force_configure' from command line to 'False'
[0.555s] Level 5:colcon.colcon_core.verb:set package 'theimc_bringup' build argument 'ament_cmake_args' from command line to 'None'
[0.556s] Level 5:colcon.colcon_core.verb:set package 'theimc_bringup' build argument 'catkin_cmake_args' from command line to 'None'
[0.556s] Level 5:colcon.colcon_core.verb:set package 'theimc_bringup' build argument 'catkin_skip_building_tests' from command line to 'False'
[0.556s] DEBUG:colcon.colcon_core.verb:Building package 'theimc_bringup' with the following arguments: {'ament_cmake_args': None, 'build_base': '/home/jeff/theimc_ws/build/theimc_bringup', 'catkin_cmake_args': None, 'catkin_skip_building_tests': False, 'cmake_args': None, 'cmake_clean_cache': False, 'cmake_clean_first': False, 'cmake_force_configure': False, 'cmake_target': None, 'cmake_target_skip_unavailable': False, 'install_base': '/home/jeff/theimc_ws/install/theimc_bringup', 'merge_install': False, 'path': '/home/jeff/theimc_ws/src/theimc/theimc_bringup', 'symlink_install': True, 'test_result_base': None}
[0.556s] Level 5:colcon.colcon_core.verb:set package 'theimc_description' build argument 'cmake_args' from command line to 'None'
[0.556s] Level 5:colcon.colcon_core.verb:set package 'theimc_description' build argument 'cmake_target' from command line to 'None'
[0.556s] Level 5:colcon.colcon_core.verb:set package 'theimc_description' build argument 'cmake_target_skip_unavailable' from command line to 'False'
[0.556s] Level 5:colcon.colcon_core.verb:set package 'theimc_description' build argument 'cmake_clean_cache' from command line to 'False'
[0.556s] Level 5:colcon.colcon_core.verb:set package 'theimc_description' build argument 'cmake_clean_first' from command line to 'False'
[0.556s] Level 5:colcon.colcon_core.verb:set package 'theimc_description' build argument 'cmake_force_configure' from command line to 'False'
[0.556s] Level 5:colcon.colcon_core.verb:set package 'theimc_description' build argument 'ament_cmake_args' from command line to 'None'
[0.556s] Level 5:colcon.colcon_core.verb:set package 'theimc_description' build argument 'catkin_cmake_args' from command line to 'None'
[0.556s] Level 5:colcon.colcon_core.verb:set package 'theimc_description' build argument 'catkin_skip_building_tests' from command line to 'False'
[0.556s] DEBUG:colcon.colcon_core.verb:Building package 'theimc_description' with the following arguments: {'ament_cmake_args': None, 'build_base': '/home/jeff/theimc_ws/build/theimc_description', 'catkin_cmake_args': None, 'catkin_skip_building_tests': False, 'cmake_args': None, 'cmake_clean_cache': False, 'cmake_clean_first': False, 'cmake_force_configure': False, 'cmake_target': None, 'cmake_target_skip_unavailable': False, 'install_base': '/home/jeff/theimc_ws/install/theimc_description', 'merge_install': False, 'path': '/home/jeff/theimc_ws/src/theimc/theimc_description', 'symlink_install': True, 'test_result_base': None}
[0.557s] Level 5:colcon.colcon_core.verb:set package 'theimc_teleop' build argument 'cmake_args' from command line to 'None'
[0.557s] Level 5:colcon.colcon_core.verb:set package 'theimc_teleop' build argument 'cmake_target' from command line to 'None'
[0.557s] Level 5:colcon.colcon_core.verb:set package 'theimc_teleop' build argument 'cmake_target_skip_unavailable' from command line to 'False'
[0.557s] Level 5:colcon.colcon_core.verb:set package 'theimc_teleop' build argument 'cmake_clean_cache' from command line to 'False'
[0.557s] Level 5:colcon.colcon_core.verb:set package 'theimc_teleop' build argument 'cmake_clean_first' from command line to 'False'
[0.557s] Level 5:colcon.colcon_core.verb:set package 'theimc_teleop' build argument 'cmake_force_configure' from command line to 'False'
[0.557s] Level 5:colcon.colcon_core.verb:set package 'theimc_teleop' build argument 'ament_cmake_args' from command line to 'None'
[0.557s] Level 5:colcon.colcon_core.verb:set package 'theimc_teleop' build argument 'catkin_cmake_args' from command line to 'None'
[0.557s] Level 5:colcon.colcon_core.verb:set package 'theimc_teleop' build argument 'catkin_skip_building_tests' from command line to 'False'
[0.557s] DEBUG:colcon.colcon_core.verb:Building package 'theimc_teleop' with the following arguments: {'ament_cmake_args': None, 'build_base': '/home/jeff/theimc_ws/build/theimc_teleop', 'catkin_cmake_args': None, 'catkin_skip_building_tests': False, 'cmake_args': None, 'cmake_clean_cache': False, 'cmake_clean_first': False, 'cmake_force_configure': False, 'cmake_target': None, 'cmake_target_skip_unavailable': False, 'install_base': '/home/jeff/theimc_ws/install/theimc_teleop', 'merge_install': False, 'path': '/home/jeff/theimc_ws/src/theimc/theimc_teleop', 'symlink_install': True, 'test_result_base': None}
[0.557s] INFO:colcon.colcon_core.executor:Executing jobs using 'parallel' executor
[0.559s] DEBUG:colcon.colcon_parallel_executor.executor.parallel:run_until_complete
[0.559s] INFO:colcon.colcon_ros.task.ament_cmake.build:Building ROS package in '/home/jeff/theimc_ws/src/theimc/theimc_cartographer' with build type 'ament_cmake'
[0.559s] INFO:colcon.colcon_cmake.task.cmake.build:Building CMake package in '/home/jeff/theimc_ws/src/theimc/theimc_cartographer'
[0.562s] INFO:colcon.colcon_core.plugin_system:Skipping extension 'colcon_core.shell.bat': Not used on non-Windows systems
[0.563s] INFO:colcon.colcon_core.shell:Skip shell extension 'powershell' for command environment: Not usable outside of PowerShell
[0.563s] DEBUG:colcon.colcon_core.shell:Skip shell extension 'dsv' for command environment
[0.568s] INFO:colcon.colcon_ros.task.ament_python.build:Building ROS package in '/home/jeff/theimc_ws/src/theimc/theimc_bringup' with build type 'ament_python'
[0.569s] Level 1:colcon.colcon_core.shell:create_environment_hook('theimc_bringup', 'ament_prefix_path')
[0.569s] INFO:colcon.colcon_core.shell:Creating environment hook '/home/jeff/theimc_ws/install/theimc_bringup/share/theimc_bringup/hook/ament_prefix_path.ps1'
[0.570s] INFO:colcon.colcon_core.shell:Creating environment descriptor '/home/jeff/theimc_ws/install/theimc_bringup/share/theimc_bringup/hook/ament_prefix_path.dsv'
[0.571s] INFO:colcon.colcon_core.shell:Creating environment hook '/home/jeff/theimc_ws/install/theimc_bringup/share/theimc_bringup/hook/ament_prefix_path.sh'
[0.573s] INFO:colcon.colcon_core.shell:Skip shell extension 'powershell' for command environment: Not usable outside of PowerShell
[0.573s] DEBUG:colcon.colcon_core.shell:Skip shell extension 'dsv' for command environment
[0.579s] INFO:colcon.colcon_ros.task.ament_cmake.build:Building ROS package in '/home/jeff/theimc_ws/src/theimc/theimc_description' with build type 'ament_cmake'
[0.579s] INFO:colcon.colcon_cmake.task.cmake.build:Building CMake package in '/home/jeff/theimc_ws/src/theimc/theimc_description'
[0.579s] INFO:colcon.colcon_core.shell:Skip shell extension 'powershell' for command environment: Not usable outside of PowerShell
[0.579s] DEBUG:colcon.colcon_core.shell:Skip shell extension 'dsv' for command environment
[0.585s] INFO:colcon.colcon_ros.task.ament_python.build:Building ROS package in '/home/jeff/theimc_ws/src/theimc/theimc_teleop' with build type 'ament_python'
[0.585s] Level 1:colcon.colcon_core.shell:create_environment_hook('theimc_teleop', 'ament_prefix_path')
[0.585s] INFO:colcon.colcon_core.shell:Creating environment hook '/home/jeff/theimc_ws/install/theimc_teleop/share/theimc_teleop/hook/ament_prefix_path.ps1'
[0.587s] INFO:colcon.colcon_core.shell:Creating environment descriptor '/home/jeff/theimc_ws/install/theimc_teleop/share/theimc_teleop/hook/ament_prefix_path.dsv'
[0.588s] INFO:colcon.colcon_core.shell:Creating environment hook '/home/jeff/theimc_ws/install/theimc_teleop/share/theimc_teleop/hook/ament_prefix_path.sh'
[0.590s] INFO:colcon.colcon_core.shell:Skip shell extension 'powershell' for command environment: Not usable outside of PowerShell
[0.590s] DEBUG:colcon.colcon_core.shell:Skip shell extension 'dsv' for command environment
[0.603s] DEBUG:colcon.colcon_core.event_handler.log_command:Invoking command in '/home/jeff/theimc_ws/build/slampibot_cartographer': CMAKE_PREFIX_PATH=${CMAKE_PREFIX_PATH}:/home/jeff/theimc_ws/install/theimc_teleop:/opt/ros/humble /usr/bin/cmake --build /home/jeff/theimc_ws/build/slampibot_cartographer -- -j4 -l4
[1.004s] INFO:colcon.colcon_core.task.python.build:Building Python package in '/home/jeff/theimc_ws/src/theimc/theimc_bringup'
[1.004s] INFO:colcon.colcon_core.shell:Skip shell extension 'powershell' for command environment: Not usable outside of PowerShell
[1.004s] DEBUG:colcon.colcon_core.shell:Skip shell extension 'dsv' for command environment
[1.015s] DEBUG:colcon.colcon_core.event_handler.log_command:Invoking command in '/home/jeff/theimc_ws/build/theimc_description': CMAKE_PREFIX_PATH=${CMAKE_PREFIX_PATH}:/home/jeff/theimc_ws/install/theimc_teleop:/opt/ros/humble /usr/bin/cmake --build /home/jeff/theimc_ws/build/theimc_description -- -j4 -l4
[1.413s] INFO:colcon.colcon_core.task.python.build:Building Python package in '/home/jeff/theimc_ws/src/theimc/theimc_teleop'
[1.413s] INFO:colcon.colcon_core.shell:Skip shell extension 'powershell' for command environment: Not usable outside of PowerShell
[1.413s] DEBUG:colcon.colcon_core.shell:Skip shell extension 'dsv' for command environment
[1.420s] DEBUG:colcon.colcon_core.event_handler.log_command:Invoked command in '/home/jeff/theimc_ws/build/slampibot_cartographer' returned '0': CMAKE_PREFIX_PATH=${CMAKE_PREFIX_PATH}:/home/jeff/theimc_ws/install/theimc_teleop:/opt/ros/humble /usr/bin/cmake --build /home/jeff/theimc_ws/build/slampibot_cartographer -- -j4 -l4
[1.434s] DEBUG:colcon.colcon_core.event_handler.log_command:Invoking command in '/home/jeff/theimc_ws/build/slampibot_cartographer': CMAKE_PREFIX_PATH=${CMAKE_PREFIX_PATH}:/home/jeff/theimc_ws/install/theimc_teleop:/opt/ros/humble /usr/bin/cmake --install /home/jeff/theimc_ws/build/slampibot_cartographer
[1.438s] DEBUG:colcon.colcon_core.event_handler.log_command:Invoked command in '/home/jeff/theimc_ws/build/theimc_description' returned '0': CMAKE_PREFIX_PATH=${CMAKE_PREFIX_PATH}:/home/jeff/theimc_ws/install/theimc_teleop:/opt/ros/humble /usr/bin/cmake --build /home/jeff/theimc_ws/build/theimc_description -- -j4 -l4
[1.442s] DEBUG:colcon.colcon_core.event_handler.log_command:Invoking command in '/home/jeff/theimc_ws/build/theimc_description': CMAKE_PREFIX_PATH=${CMAKE_PREFIX_PATH}:/home/jeff/theimc_ws/install/theimc_teleop:/opt/ros/humble /usr/bin/cmake --install /home/jeff/theimc_ws/build/theimc_description
[1.491s] Level 1:colcon.colcon_core.environment:create_environment_scripts_only(theimc_description)
[1.492s] DEBUG:colcon.colcon_core.event_handler.log_command:Invoked command in '/home/jeff/theimc_ws/build/theimc_description' returned '0': CMAKE_PREFIX_PATH=${CMAKE_PREFIX_PATH}:/home/jeff/theimc_ws/install/theimc_teleop:/opt/ros/humble /usr/bin/cmake --install /home/jeff/theimc_ws/build/theimc_description
[1.495s] Level 1:colcon.colcon_core.environment:checking '/home/jeff/theimc_ws/install/theimc_description' for CMake module files
[1.496s] Level 1:colcon.colcon_core.environment:checking '/home/jeff/theimc_ws/install/theimc_description' for CMake config files
[1.497s] Level 1:colcon.colcon_core.shell:create_environment_hook('theimc_description', 'cmake_prefix_path')
[1.497s] INFO:colcon.colcon_core.shell:Creating environment hook '/home/jeff/theimc_ws/install/theimc_description/share/theimc_description/hook/cmake_prefix_path.ps1'
[1.498s] INFO:colcon.colcon_core.shell:Creating environment descriptor '/home/jeff/theimc_ws/install/theimc_description/share/theimc_description/hook/cmake_prefix_path.dsv'
[1.498s] INFO:colcon.colcon_core.shell:Creating environment hook '/home/jeff/theimc_ws/install/theimc_description/share/theimc_description/hook/cmake_prefix_path.sh'
[1.499s] Level 1:colcon.colcon_core.environment:checking '/home/jeff/theimc_ws/install/theimc_description/bin'
[1.500s] Level 1:colcon.colcon_core.environment:checking '/home/jeff/theimc_ws/install/theimc_description/lib/pkgconfig/theimc_description.pc'
[1.500s] Level 1:colcon.colcon_core.environment:checking '/home/jeff/theimc_ws/install/theimc_description/lib/python3.10/site-packages'
[1.500s] Level 1:colcon.colcon_core.environment:checking '/home/jeff/theimc_ws/install/theimc_description/bin'
[1.501s] INFO:colcon.colcon_core.shell:Creating package script '/home/jeff/theimc_ws/install/theimc_description/share/theimc_description/package.ps1'
[1.502s] INFO:colcon.colcon_core.shell:Creating package descriptor '/home/jeff/theimc_ws/install/theimc_description/share/theimc_description/package.dsv'
[1.503s] INFO:colcon.colcon_core.shell:Creating package script '/home/jeff/theimc_ws/install/theimc_description/share/theimc_description/package.sh'
[1.504s] INFO:colcon.colcon_core.shell:Creating package script '/home/jeff/theimc_ws/install/theimc_description/share/theimc_description/package.bash'
[1.505s] INFO:colcon.colcon_core.shell:Creating package script '/home/jeff/theimc_ws/install/theimc_description/share/theimc_description/package.zsh'
[1.506s] Level 1:colcon.colcon_core.environment:create_file_with_runtime_dependencies(/home/jeff/theimc_ws/install/theimc_description/share/colcon-core/packages/theimc_description)
[1.507s] Level 1:colcon.colcon_core.environment:create_environment_scripts_only(theimc_description)
[1.508s] Level 1:colcon.colcon_core.environment:checking '/home/jeff/theimc_ws/install/theimc_description' for CMake module files
[1.508s] Level 1:colcon.colcon_core.environment:checking '/home/jeff/theimc_ws/install/theimc_description' for CMake config files
[1.509s] Level 1:colcon.colcon_core.shell:create_environment_hook('theimc_description', 'cmake_prefix_path')
[1.509s] INFO:colcon.colcon_core.shell:Creating environment hook '/home/jeff/theimc_ws/install/theimc_description/share/theimc_description/hook/cmake_prefix_path.ps1'
[1.510s] INFO:colcon.colcon_core.shell:Creating environment descriptor '/home/jeff/theimc_ws/install/theimc_description/share/theimc_description/hook/cmake_prefix_path.dsv'
[1.510s] INFO:colcon.colcon_core.shell:Creating environment hook '/home/jeff/theimc_ws/install/theimc_description/share/theimc_description/hook/cmake_prefix_path.sh'
[1.511s] Level 1:colcon.colcon_core.environment:checking '/home/jeff/theimc_ws/install/theimc_description/bin'
[1.511s] Level 1:colcon.colcon_core.environment:checking '/home/jeff/theimc_ws/install/theimc_description/lib/pkgconfig/theimc_description.pc'
[1.512s] Level 1:colcon.colcon_core.environment:checking '/home/jeff/theimc_ws/install/theimc_description/lib/python3.10/site-packages'
[1.512s] Level 1:colcon.colcon_core.environment:checking '/home/jeff/theimc_ws/install/theimc_description/bin'
[1.513s] INFO:colcon.colcon_core.shell:Creating package script '/home/jeff/theimc_ws/install/theimc_description/share/theimc_description/package.ps1'
[1.513s] INFO:colcon.colcon_core.shell:Creating package descriptor '/home/jeff/theimc_ws/install/theimc_description/share/theimc_description/package.dsv'
[1.514s] INFO:colcon.colcon_core.shell:Creating package script '/home/jeff/theimc_ws/install/theimc_description/share/theimc_description/package.sh'
[1.515s] INFO:colcon.colcon_core.shell:Creating package script '/home/jeff/theimc_ws/install/theimc_description/share/theimc_description/package.bash'
[1.516s] INFO:colcon.colcon_core.shell:Creating package script '/home/jeff/theimc_ws/install/theimc_description/share/theimc_description/package.zsh'
[1.516s] Level 1:colcon.colcon_core.environment:create_file_with_runtime_dependencies(/home/jeff/theimc_ws/install/theimc_description/share/colcon-core/packages/theimc_description)
[1.518s] Level 1:colcon.colcon_core.environment:create_environment_scripts_only(slampibot_cartographer)
[1.519s] Level 1:colcon.colcon_core.environment:checking '/home/jeff/theimc_ws/install/slampibot_cartographer' for CMake module files
[1.520s] Level 1:colcon.colcon_core.environment:checking '/home/jeff/theimc_ws/install/slampibot_cartographer' for CMake config files
[1.522s] DEBUG:colcon.colcon_core.event_handler.log_command:Invoked command in '/home/jeff/theimc_ws/build/slampibot_cartographer' returned '0': CMAKE_PREFIX_PATH=${CMAKE_PREFIX_PATH}:/home/jeff/theimc_ws/install/theimc_teleop:/opt/ros/humble /usr/bin/cmake --install /home/jeff/theimc_ws/build/slampibot_cartographer
[1.523s] Level 1:colcon.colcon_core.shell:create_environment_hook('slampibot_cartographer', 'cmake_prefix_path')
[1.523s] INFO:colcon.colcon_core.shell:Creating environment hook '/home/jeff/theimc_ws/install/slampibot_cartographer/share/slampibot_cartographer/hook/cmake_prefix_path.ps1'
[1.524s] INFO:colcon.colcon_core.shell:Creating environment descriptor '/home/jeff/theimc_ws/install/slampibot_cartographer/share/slampibot_cartographer/hook/cmake_prefix_path.dsv'
[1.524s] INFO:colcon.colcon_core.shell:Creating environment hook '/home/jeff/theimc_ws/install/slampibot_cartographer/share/slampibot_cartographer/hook/cmake_prefix_path.sh'
[1.525s] Level 1:colcon.colcon_core.environment:checking '/home/jeff/theimc_ws/install/slampibot_cartographer/bin'
[1.526s] Level 1:colcon.colcon_core.environment:checking '/home/jeff/theimc_ws/install/slampibot_cartographer/lib/pkgconfig/slampibot_cartographer.pc'
[1.526s] Level 1:colcon.colcon_core.environment:checking '/home/jeff/theimc_ws/install/slampibot_cartographer/lib/python3.10/site-packages'
[1.526s] Level 1:colcon.colcon_core.environment:checking '/home/jeff/theimc_ws/install/slampibot_cartographer/bin'
[1.527s] INFO:colcon.colcon_core.shell:Creating package script '/home/jeff/theimc_ws/install/slampibot_cartographer/share/slampibot_cartographer/package.ps1'
[1.528s] INFO:colcon.colcon_core.shell:Creating package descriptor '/home/jeff/theimc_ws/install/slampibot_cartographer/share/slampibot_cartographer/package.dsv'
[1.528s] INFO:colcon.colcon_core.shell:Creating package script '/home/jeff/theimc_ws/install/slampibot_cartographer/share/slampibot_cartographer/package.sh'
[1.529s] INFO:colcon.colcon_core.shell:Creating package script '/home/jeff/theimc_ws/install/slampibot_cartographer/share/slampibot_cartographer/package.bash'
[1.530s] INFO:colcon.colcon_core.shell:Creating package script '/home/jeff/theimc_ws/install/slampibot_cartographer/share/slampibot_cartographer/package.zsh'
[1.531s] Level 1:colcon.colcon_core.environment:create_file_with_runtime_dependencies(/home/jeff/theimc_ws/install/slampibot_cartographer/share/colcon-core/packages/slampibot_cartographer)
[1.531s] Level 1:colcon.colcon_core.environment:create_environment_scripts_only(slampibot_cartographer)
[1.532s] Level 1:colcon.colcon_core.environment:checking '/home/jeff/theimc_ws/install/slampibot_cartographer' for CMake module files
[1.532s] Level 1:colcon.colcon_core.environment:checking '/home/jeff/theimc_ws/install/slampibot_cartographer' for CMake config files
[1.533s] Level 1:colcon.colcon_core.shell:create_environment_hook('slampibot_cartographer', 'cmake_prefix_path')
[1.533s] INFO:colcon.colcon_core.shell:Creating environment hook '/home/jeff/theimc_ws/install/slampibot_cartographer/share/slampibot_cartographer/hook/cmake_prefix_path.ps1'
[1.534s] INFO:colcon.colcon_core.shell:Creating environment descriptor '/home/jeff/theimc_ws/install/slampibot_cartographer/share/slampibot_cartographer/hook/cmake_prefix_path.dsv'
[1.535s] INFO:colcon.colcon_core.shell:Creating environment hook '/home/jeff/theimc_ws/install/slampibot_cartographer/share/slampibot_cartographer/hook/cmake_prefix_path.sh'
[1.536s] Level 1:colcon.colcon_core.environment:checking '/home/jeff/theimc_ws/install/slampibot_cartographer/bin'
[1.536s] Level 1:colcon.colcon_core.environment:checking '/home/jeff/theimc_ws/install/slampibot_cartographer/lib/pkgconfig/slampibot_cartographer.pc'
[1.536s] Level 1:colcon.colcon_core.environment:checking '/home/jeff/theimc_ws/install/slampibot_cartographer/lib/python3.10/site-packages'
[1.537s] Level 1:colcon.colcon_core.environment:checking '/home/jeff/theimc_ws/install/slampibot_cartographer/bin'
[1.537s] INFO:colcon.colcon_core.shell:Creating package script '/home/jeff/theimc_ws/install/slampibot_cartographer/share/slampibot_cartographer/package.ps1'
[1.538s] INFO:colcon.colcon_core.shell:Creating package descriptor '/home/jeff/theimc_ws/install/slampibot_cartographer/share/slampibot_cartographer/package.dsv'
[1.539s] INFO:colcon.colcon_core.shell:Creating package script '/home/jeff/theimc_ws/install/slampibot_cartographer/share/slampibot_cartographer/package.sh'
[1.540s] INFO:colcon.colcon_core.shell:Creating package script '/home/jeff/theimc_ws/install/slampibot_cartographer/share/slampibot_cartographer/package.bash'
[1.541s] INFO:colcon.colcon_core.shell:Creating package script '/home/jeff/theimc_ws/install/slampibot_cartographer/share/slampibot_cartographer/package.zsh'
[1.541s] Level 1:colcon.colcon_core.environment:create_file_with_runtime_dependencies(/home/jeff/theimc_ws/install/slampibot_cartographer/share/colcon-core/packages/slampibot_cartographer)
[2.099s] DEBUG:colcon.colcon_core.event_handler.log_command:Invoking command in '/home/jeff/theimc_ws/build/theimc_bringup': PYTHONPATH=/home/jeff/theimc_ws/build/theimc_bringup/prefix_override:/usr/lib/python3/dist-packages/colcon_core/task/python/colcon_distutils_commands:/home/jeff/theimc_ws/install/theimc_bringup/lib/python3.10/site-packages:${PYTHONPATH} /usr/bin/python3 -W ignore:setup.py install is deprecated -W ignore:easy_install command is deprecated setup.py develop --editable --build-directory /home/jeff/theimc_ws/build/theimc_bringup/build --no-deps symlink_data
[2.115s] DEBUG:colcon.colcon_core.event_handler.log_command:Invoking command in '/home/jeff/theimc_ws/build/theimc_teleop': PYTHONPATH=/home/jeff/theimc_ws/build/theimc_teleop/prefix_override:/usr/lib/python3/dist-packages/colcon_core/task/python/colcon_distutils_commands:/home/jeff/theimc_ws/install/theimc_teleop/lib/python3.10/site-packages:${PYTHONPATH} /usr/bin/python3 -W ignore:setup.py install is deprecated -W ignore:easy_install command is deprecated setup.py develop --editable --build-directory /home/jeff/theimc_ws/build/theimc_teleop/build --no-deps symlink_data
[2.922s] Level 1:colcon.colcon_core.shell:create_environment_hook('theimc_teleop', 'pythonpath_develop')
[2.923s] INFO:colcon.colcon_core.shell:Creating environment hook '/home/jeff/theimc_ws/build/theimc_teleop/share/theimc_teleop/hook/pythonpath_develop.ps1'
[2.923s] DEBUG:colcon.colcon_core.event_handler.log_command:Invoked command in '/home/jeff/theimc_ws/build/theimc_teleop' returned '0': PYTHONPATH=/home/jeff/theimc_ws/build/theimc_teleop/prefix_override:/usr/lib/python3/dist-packages/colcon_core/task/python/colcon_distutils_commands:/home/jeff/theimc_ws/install/theimc_teleop/lib/python3.10/site-packages:${PYTHONPATH} /usr/bin/python3 -W ignore:setup.py install is deprecated -W ignore:easy_install command is deprecated setup.py develop --editable --build-directory /home/jeff/theimc_ws/build/theimc_teleop/build --no-deps symlink_data
[2.924s] INFO:colcon.colcon_core.shell:Creating environment descriptor '/home/jeff/theimc_ws/build/theimc_teleop/share/theimc_teleop/hook/pythonpath_develop.dsv'
[2.925s] INFO:colcon.colcon_core.shell:Creating environment hook '/home/jeff/theimc_ws/build/theimc_teleop/share/theimc_teleop/hook/pythonpath_develop.sh'
[2.926s] Level 1:colcon.colcon_core.environment:checking '/home/jeff/theimc_ws/install/theimc_teleop' for CMake module files
[2.927s] Level 1:colcon.colcon_core.environment:checking '/home/jeff/theimc_ws/install/theimc_teleop' for CMake config files
[2.928s] Level 1:colcon.colcon_core.environment:checking '/home/jeff/theimc_ws/install/theimc_teleop/lib'
[2.928s] Level 1:colcon.colcon_core.environment:checking '/home/jeff/theimc_ws/install/theimc_teleop/bin'
[2.928s] Level 1:colcon.colcon_core.environment:checking '/home/jeff/theimc_ws/install/theimc_teleop/lib/pkgconfig/theimc_teleop.pc'
[2.928s] Level 1:colcon.colcon_core.environment:checking '/home/jeff/theimc_ws/install/theimc_teleop/lib/python3.10/site-packages'
[2.928s] Level 1:colcon.colcon_core.shell:create_environment_hook('theimc_teleop', 'pythonpath')
[2.929s] INFO:colcon.colcon_core.shell:Creating environment hook '/home/jeff/theimc_ws/install/theimc_teleop/share/theimc_teleop/hook/pythonpath.ps1'
[2.929s] INFO:colcon.colcon_core.shell:Creating environment descriptor '/home/jeff/theimc_ws/install/theimc_teleop/share/theimc_teleop/hook/pythonpath.dsv'
[2.930s] INFO:colcon.colcon_core.shell:Creating environment hook '/home/jeff/theimc_ws/install/theimc_teleop/share/theimc_teleop/hook/pythonpath.sh'
[2.931s] Level 1:colcon.colcon_core.environment:checking '/home/jeff/theimc_ws/install/theimc_teleop/bin'
[2.931s] Level 1:colcon.colcon_core.environment:create_environment_scripts_only(theimc_teleop)
[2.931s] INFO:colcon.colcon_core.shell:Creating package script '/home/jeff/theimc_ws/install/theimc_teleop/share/theimc_teleop/package.ps1'
[2.932s] INFO:colcon.colcon_core.shell:Creating package descriptor '/home/jeff/theimc_ws/install/theimc_teleop/share/theimc_teleop/package.dsv'
[2.933s] INFO:colcon.colcon_core.shell:Creating package script '/home/jeff/theimc_ws/install/theimc_teleop/share/theimc_teleop/package.sh'
[2.933s] INFO:colcon.colcon_core.shell:Creating package script '/home/jeff/theimc_ws/install/theimc_teleop/share/theimc_teleop/package.bash'
[2.934s] INFO:colcon.colcon_core.shell:Creating package script '/home/jeff/theimc_ws/install/theimc_teleop/share/theimc_teleop/package.zsh'
[2.934s] Level 1:colcon.colcon_core.environment:create_file_with_runtime_dependencies(/home/jeff/theimc_ws/install/theimc_teleop/share/colcon-core/packages/theimc_teleop)
[2.935s] Level 1:colcon.colcon_core.shell:create_environment_hook('theimc_bringup', 'pythonpath_develop')
[2.935s] INFO:colcon.colcon_core.shell:Creating environment hook '/home/jeff/theimc_ws/build/theimc_bringup/share/theimc_bringup/hook/pythonpath_develop.ps1'
[2.936s] INFO:colcon.colcon_core.shell:Creating environment descriptor '/home/jeff/theimc_ws/build/theimc_bringup/share/theimc_bringup/hook/pythonpath_develop.dsv'
[2.937s] DEBUG:colcon.colcon_core.event_handler.log_command:Invoked command in '/home/jeff/theimc_ws/build/theimc_bringup' returned '0': PYTHONPATH=/home/jeff/theimc_ws/build/theimc_bringup/prefix_override:/usr/lib/python3/dist-packages/colcon_core/task/python/colcon_distutils_commands:/home/jeff/theimc_ws/install/theimc_bringup/lib/python3.10/site-packages:${PYTHONPATH} /usr/bin/python3 -W ignore:setup.py install is deprecated -W ignore:easy_install command is deprecated setup.py develop --editable --build-directory /home/jeff/theimc_ws/build/theimc_bringup/build --no-deps symlink_data
[2.937s] INFO:colcon.colcon_core.shell:Creating environment hook '/home/jeff/theimc_ws/build/theimc_bringup/share/theimc_bringup/hook/pythonpath_develop.sh'
[2.939s] Level 1:colcon.colcon_core.environment:checking '/home/jeff/theimc_ws/install/theimc_bringup' for CMake module files
[2.940s] Level 1:colcon.colcon_core.environment:checking '/home/jeff/theimc_ws/install/theimc_bringup' for CMake config files
[2.940s] Level 1:colcon.colcon_core.shell:create_environment_hook('theimc_bringup', 'cmake_prefix_path')
[2.941s] INFO:colcon.colcon_core.shell:Creating environment hook '/home/jeff/theimc_ws/install/theimc_bringup/share/theimc_bringup/hook/cmake_prefix_path.ps1'
[2.942s] INFO:colcon.colcon_core.shell:Creating environment descriptor '/home/jeff/theimc_ws/install/theimc_bringup/share/theimc_bringup/hook/cmake_prefix_path.dsv'
[2.942s] INFO:colcon.colcon_core.shell:Creating environment hook '/home/jeff/theimc_ws/install/theimc_bringup/share/theimc_bringup/hook/cmake_prefix_path.sh'
[2.943s] Level 1:colcon.colcon_core.environment:checking '/home/jeff/theimc_ws/install/theimc_bringup/lib'
[2.944s] Level 1:colcon.colcon_core.environment:checking '/home/jeff/theimc_ws/install/theimc_bringup/bin'
[2.944s] Level 1:colcon.colcon_core.shell:create_environment_hook('theimc_bringup', 'path')
[2.944s] INFO:colcon.colcon_core.shell:Creating environment hook '/home/jeff/theimc_ws/install/theimc_bringup/share/theimc_bringup/hook/path.ps1'
[2.945s] INFO:colcon.colcon_core.shell:Creating environment descriptor '/home/jeff/theimc_ws/install/theimc_bringup/share/theimc_bringup/hook/path.dsv'
[2.946s] INFO:colcon.colcon_core.shell:Creating environment hook '/home/jeff/theimc_ws/install/theimc_bringup/share/theimc_bringup/hook/path.sh'
[2.946s] Level 1:colcon.colcon_core.environment:checking '/home/jeff/theimc_ws/install/theimc_bringup/lib/pkgconfig/theimc_bringup.pc'
[2.947s] Level 1:colcon.colcon_core.environment:checking '/home/jeff/theimc_ws/install/theimc_bringup/lib/python3.10/site-packages'
[2.947s] Level 1:colcon.colcon_core.shell:create_environment_hook('theimc_bringup', 'pythonpath')
[2.948s] INFO:colcon.colcon_core.shell:Creating environment hook '/home/jeff/theimc_ws/install/theimc_bringup/share/theimc_bringup/hook/pythonpath.ps1'
[2.949s] INFO:colcon.colcon_core.shell:Creating environment descriptor '/home/jeff/theimc_ws/install/theimc_bringup/share/theimc_bringup/hook/pythonpath.dsv'
[2.950s] INFO:colcon.colcon_core.shell:Creating environment hook '/home/jeff/theimc_ws/install/theimc_bringup/share/theimc_bringup/hook/pythonpath.sh'
[2.952s] Level 1:colcon.colcon_core.environment:checking '/home/jeff/theimc_ws/install/theimc_bringup/bin'
[2.952s] Level 1:colcon.colcon_core.shell:create_environment_hook('theimc_bringup', 'pythonscriptspath')
[2.953s] INFO:colcon.colcon_core.shell:Creating environment hook '/home/jeff/theimc_ws/install/theimc_bringup/share/theimc_bringup/hook/pythonscriptspath.ps1'
[2.954s] INFO:colcon.colcon_core.shell:Creating environment descriptor '/home/jeff/theimc_ws/install/theimc_bringup/share/theimc_bringup/hook/pythonscriptspath.dsv'
[2.954s] INFO:colcon.colcon_core.shell:Creating environment hook '/home/jeff/theimc_ws/install/theimc_bringup/share/theimc_bringup/hook/pythonscriptspath.sh'
[2.956s] Level 1:colcon.colcon_core.environment:create_environment_scripts_only(theimc_bringup)
[2.957s] INFO:colcon.colcon_core.shell:Creating package script '/home/jeff/theimc_ws/install/theimc_bringup/share/theimc_bringup/package.ps1'
[2.959s] INFO:colcon.colcon_core.shell:Creating package descriptor '/home/jeff/theimc_ws/install/theimc_bringup/share/theimc_bringup/package.dsv'
[2.960s] INFO:colcon.colcon_core.shell:Creating package script '/home/jeff/theimc_ws/install/theimc_bringup/share/theimc_bringup/package.sh'
[2.962s] INFO:colcon.colcon_core.shell:Creating package script '/home/jeff/theimc_ws/install/theimc_bringup/share/theimc_bringup/package.bash'
[2.962s] INFO:colcon.colcon_core.shell:Creating package script '/home/jeff/theimc_ws/install/theimc_bringup/share/theimc_bringup/package.zsh'
[2.964s] Level 1:colcon.colcon_core.environment:create_file_with_runtime_dependencies(/home/jeff/theimc_ws/install/theimc_bringup/share/colcon-core/packages/theimc_bringup)
[2.965s] DEBUG:colcon.colcon_parallel_executor.executor.parallel:closing loop
[2.966s] DEBUG:colcon.colcon_parallel_executor.executor.parallel:loop closed
[2.966s] DEBUG:colcon.colcon_parallel_executor.executor.parallel:run_until_complete finished with '0'
[2.966s] DEBUG:colcon.colcon_core.event_reactor:joining thread
[2.977s] INFO:colcon.colcon_core.plugin_system:Skipping extension 'colcon_notification.desktop_notification.terminal_notifier': Not used on non-Darwin systems
[2.977s] INFO:colcon.colcon_core.plugin_system:Skipping extension 'colcon_notification.desktop_notification.win32': Not used on non-Windows systems
[2.977s] INFO:colcon.colcon_notification.desktop_notification:Sending desktop notification using 'notify2'
[3.142s] DEBUG:colcon.colcon_core.event_reactor:joined thread
[3.143s] INFO:colcon.colcon_core.shell:Creating prefix script '/home/jeff/theimc_ws/install/local_setup.ps1'
[3.145s] INFO:colcon.colcon_core.shell:Creating prefix util module '/home/jeff/theimc_ws/install/_local_setup_util_ps1.py'
[3.147s] INFO:colcon.colcon_core.shell:Creating prefix chain script '/home/jeff/theimc_ws/install/setup.ps1'
[3.148s] INFO:colcon.colcon_core.shell:Creating prefix script '/home/jeff/theimc_ws/install/local_setup.sh'
[3.149s] INFO:colcon.colcon_core.shell:Creating prefix util module '/home/jeff/theimc_ws/install/_local_setup_util_sh.py'
[3.150s] INFO:colcon.colcon_core.shell:Creating prefix chain script '/home/jeff/theimc_ws/install/setup.sh'
[3.152s] INFO:colcon.colcon_core.shell:Creating prefix script '/home/jeff/theimc_ws/install/local_setup.bash'
[3.152s] INFO:colcon.colcon_core.shell:Creating prefix chain script '/home/jeff/theimc_ws/install/setup.bash'
[3.154s] INFO:colcon.colcon_core.shell:Creating prefix script '/home/jeff/theimc_ws/install/local_setup.zsh'
[3.155s] INFO:colcon.colcon_core.shell:Creating prefix chain script '/home/jeff/theimc_ws/install/setup.zsh'
