[0.039s] Invoking command in '/home/jeff/theimc_ws/build/slampibot_cartographer': CMAKE_PREFIX_PATH=${CMAKE_PREFIX_PATH}:/home/jeff/theimc_ws/install/theimc_teleop:/opt/ros/humble /usr/bin/cmake /home/jeff/theimc_ws/src/theimc/theimc_cartographer -DAMENT_CMAKE_SYMLINK_INSTALL=1 -DCMAKE_INSTALL_PREFIX=/home/jeff/theimc_ws/install/slampibot_cartographer
[0.506s] -- The C compiler identification is GNU 11.4.0
[0.507s] -- The CXX compiler identification is GNU 11.4.0
[0.507s] -- Detecting C compiler ABI info
[0.507s] -- Detecting C compiler ABI info - done
[0.508s] -- Check for working C compiler: /usr/bin/cc - skipped
[0.508s] -- Detecting C compile features
[0.508s] -- Detecting C compile features - done
[0.516s] -- Detecting CXX compiler ABI info
[0.642s] -- Detecting CXX compiler ABI info - done
[0.656s] -- Check for working CXX compiler: /usr/bin/c++ - skipped
[0.656s] -- Detecting CXX compile features
[0.657s] -- Detecting CXX compile features - done
[0.675s] -- Found ament_cmake: 1.3.11 (/opt/ros/humble/share/ament_cmake/cmake)
[0.926s] -- Found Python3: /usr/bin/python3 (found version "3.10.12") found components: Interpreter 
[1.091s] -- Override CMake install command with custom implementation using symlinks instead of copying resources
[1.236s] -- Found cartographer_ros: 2.0.9002 (/opt/ros/humble/share/cartographer_ros/cmake)
[1.507s] -- Found rosidl_generator_c: 3.1.6 (/opt/ros/humble/share/rosidl_generator_c/cmake)
[1.541s] -- Found rosidl_adapter: 3.1.6 (/opt/ros/humble/share/rosidl_adapter/cmake)
[1.590s] -- Found rosidl_generator_cpp: 3.1.6 (/opt/ros/humble/share/rosidl_generator_cpp/cmake)
[1.675s] -- Using all available rosidl_typesupport_c: rosidl_typesupport_fastrtps_c;rosidl_typesupport_introspection_c
[1.778s] -- Using all available rosidl_typesupport_cpp: rosidl_typesupport_fastrtps_cpp;rosidl_typesupport_introspection_cpp
[2.390s] -- Found Boost: /usr/lib/x86_64-linux-gnu/cmake/Boost-1.74.0/BoostConfig.cmake (found version "1.74.0") found components: iostreams 
[3.378s] -- Found rmw_implementation_cmake: 6.1.2 (/opt/ros/humble/share/rmw_implementation_cmake/cmake)
[3.417s] -- Found rmw_fastrtps_cpp: 6.2.7 (/opt/ros/humble/share/rmw_fastrtps_cpp/cmake)
[3.850s] -- Found OpenSSL: /usr/lib/x86_64-linux-gnu/libcrypto.so (found version "3.0.2")  
[3.916s] -- Found FastRTPS: /opt/ros/humble/include  
[3.981s] -- Using RMW implementation 'rmw_fastrtps_cpp' as default
[4.017s] -- Found Threads: TRUE  
[4.665s] -- Checking for module 'eigen3'
[4.685s] --   Found eigen3, version 3.4.0
[4.736s] -- Found Eigen: /usr/include/eigen3 (Required is at least version "3.1") 
[4.736s] -- Eigen found (include: /usr/include/eigen3, version: 3.4.0)
[4.847s] -- Checking for module 'flann'
[4.871s] --   Found flann, version 1.9.1
[4.950s] -- Found FLANN: /usr/lib/x86_64-linux-gnu/libflann_cpp.so  
[4.951s] -- FLANN found (include: /usr/include, lib: /usr/lib/x86_64-linux-gnu/libflann_cpp.so)
[7.021s] -- Checking for module 'libusb-1.0'
[7.043s] --   Found libusb-1.0, version 1.0.25
[7.096s] -- Found libusb: /usr/lib/x86_64-linux-gnu/libusb-1.0.so  
[7.100s] -- OpenNI found (version: 1.5.4.0, include: /usr/include/ni, lib: /usr/lib/libOpenNI.so;libusb::libusb)
[7.192s] -- OpenNI2 found (version: 2.2.0.33, include: /usr/include/openni2, lib: /usr/lib/x86_64-linux-gnu/libOpenNI2.so;libusb::libusb)
[7.411s] -- Eigen found (include: /usr/include/eigen3, version: 3.4.0)
[7.421s] -- OpenNI found (version: 1.5.4.0, include: /usr/include/ni, lib: /usr/lib/libOpenNI.so;libusb::libusb)
[7.430s] -- OpenNI2 found (version: 2.2.0.33, include: /usr/include/openni2, lib: /usr/lib/x86_64-linux-gnu/libOpenNI2.so;libusb::libusb)
[7.637s] -- Found Qhull version 8.0.2
[7.843s] -- OpenNI found (version: 1.5.4.0, include: /usr/include/ni, lib: /usr/lib/libOpenNI.so;libusb::libusb)
[8.045s] -- Found PCL_COMMON: /usr/lib/x86_64-linux-gnu/libpcl_common.so  
[8.049s] -- Found PCL_KDTREE: /usr/lib/x86_64-linux-gnu/libpcl_kdtree.so  
[8.053s] -- Found PCL_OCTREE: /usr/lib/x86_64-linux-gnu/libpcl_octree.so  
[8.055s] -- Found PCL_SEARCH: /usr/lib/x86_64-linux-gnu/libpcl_search.so  
[8.056s] -- Found PCL_SAMPLE_CONSENSUS: /usr/lib/x86_64-linux-gnu/libpcl_sample_consensus.so  
[8.058s] -- Found PCL_FILTERS: /usr/lib/x86_64-linux-gnu/libpcl_filters.so  
[8.058s] -- Found PCL_2D: /usr/include/pcl-1.12  
[8.059s] -- Found PCL_GEOMETRY: /usr/include/pcl-1.12  
[8.060s] -- Found PCL_IO: /usr/lib/x86_64-linux-gnu/libpcl_io.so  
[8.062s] -- Found PCL_FEATURES: /usr/lib/x86_64-linux-gnu/libpcl_features.so  
[8.065s] -- Found PCL_ML: /usr/lib/x86_64-linux-gnu/libpcl_ml.so  
[8.067s] -- Found PCL_SEGMENTATION: /usr/lib/x86_64-linux-gnu/libpcl_segmentation.so  
[8.069s] -- Found PCL_VISUALIZATION: /usr/lib/x86_64-linux-gnu/libpcl_visualization.so  
[8.071s] -- Found PCL_SURFACE: /usr/lib/x86_64-linux-gnu/libpcl_surface.so  
[8.072s] -- Found PCL_REGISTRATION: /usr/lib/x86_64-linux-gnu/libpcl_registration.so  
[8.074s] -- Found PCL_KEYPOINTS: /usr/lib/x86_64-linux-gnu/libpcl_keypoints.so  
[8.076s] -- Found PCL_TRACKING: /usr/lib/x86_64-linux-gnu/libpcl_tracking.so  
[8.077s] -- Found PCL_RECOGNITION: /usr/lib/x86_64-linux-gnu/libpcl_recognition.so  
[8.079s] -- Found PCL_STEREO: /usr/lib/x86_64-linux-gnu/libpcl_stereo.so  
[8.081s] -- Found PCL_APPS: /usr/lib/x86_64-linux-gnu/libpcl_apps.so  
[8.082s] -- Found PCL_IN_HAND_SCANNER: /usr/include/pcl-1.12  
[8.083s] -- Found PCL_MODELER: /usr/include/pcl-1.12  
[8.086s] -- Found PCL_POINT_CLOUD_EDITOR: /usr/include/pcl-1.12  
[8.088s] -- Found PCL_OUTOFCORE: /usr/lib/x86_64-linux-gnu/libpcl_outofcore.so  
[8.089s] -- Found PCL_PEOPLE: /usr/lib/x86_64-linux-gnu/libpcl_people.so  
[9.462s] -- Found ament_lint_auto: 0.12.12 (/opt/ros/humble/share/ament_lint_auto/cmake)
[9.744s] -- Added test 'flake8' to check Python code syntax and style conventions
[9.749s] -- Added test 'lint_cmake' to check CMake code style
[9.753s] -- Added test 'pep257' to check Python code against some of the docstring style conventions in PEP 257
[9.762s] -- Added test 'xmllint' to check XML markup files
[9.775s] -- Configuring done
[9.805s] -- Generating done
[9.814s] -- Build files have been written to: /home/jeff/theimc_ws/build/slampibot_cartographer
[9.847s] Invoked command in '/home/jeff/theimc_ws/build/slampibot_cartographer' returned '0': CMAKE_PREFIX_PATH=${CMAKE_PREFIX_PATH}:/home/jeff/theimc_ws/install/theimc_teleop:/opt/ros/humble /usr/bin/cmake /home/jeff/theimc_ws/src/theimc/theimc_cartographer -DAMENT_CMAKE_SYMLINK_INSTALL=1 -DCMAKE_INSTALL_PREFIX=/home/jeff/theimc_ws/install/slampibot_cartographer
[9.850s] Invoking command in '/home/jeff/theimc_ws/build/slampibot_cartographer': CMAKE_PREFIX_PATH=${CMAKE_PREFIX_PATH}:/home/jeff/theimc_ws/install/theimc_teleop:/opt/ros/humble /usr/bin/cmake --build /home/jeff/theimc_ws/build/slampibot_cartographer -- -j4 -l4
[9.909s] Invoked command in '/home/jeff/theimc_ws/build/slampibot_cartographer' returned '0': CMAKE_PREFIX_PATH=${CMAKE_PREFIX_PATH}:/home/jeff/theimc_ws/install/theimc_teleop:/opt/ros/humble /usr/bin/cmake --build /home/jeff/theimc_ws/build/slampibot_cartographer -- -j4 -l4
[9.912s] Invoking command in '/home/jeff/theimc_ws/build/slampibot_cartographer': CMAKE_PREFIX_PATH=${CMAKE_PREFIX_PATH}:/home/jeff/theimc_ws/install/theimc_teleop:/opt/ros/humble /usr/bin/cmake --install /home/jeff/theimc_ws/build/slampibot_cartographer
[9.920s] -- Install configuration: ""
[9.921s] -- Execute custom install script
[9.922s] -- Symlinking: /home/jeff/theimc_ws/install/slampibot_cartographer/share/slampibot_cartographer/params/spb_cartographer.lua
[9.933s] -- Symlinking: /home/jeff/theimc_ws/install/slampibot_cartographer/share/slampibot_cartographer/launch/spb_cartographer.launch.py
[9.944s] -- Symlinking: /home/jeff/theimc_ws/install/slampibot_cartographer/share/slampibot_cartographer/rviz/theimc_cartographer.rviz
[9.955s] -- Symlinking: /home/jeff/theimc_ws/install/slampibot_cartographer/share/ament_index/resource_index/package_run_dependencies/slampibot_cartographer
[9.966s] -- Symlinking: /home/jeff/theimc_ws/install/slampibot_cartographer/share/ament_index/resource_index/parent_prefix_path/slampibot_cartographer
[9.978s] -- Symlinking: /home/jeff/theimc_ws/install/slampibot_cartographer/share/slampibot_cartographer/environment/ament_prefix_path.sh
[9.989s] -- Symlinking: /home/jeff/theimc_ws/install/slampibot_cartographer/share/slampibot_cartographer/environment/ament_prefix_path.dsv
[9.999s] -- Symlinking: /home/jeff/theimc_ws/install/slampibot_cartographer/share/slampibot_cartographer/environment/path.sh
[10.010s] -- Symlinking: /home/jeff/theimc_ws/install/slampibot_cartographer/share/slampibot_cartographer/environment/path.dsv
[10.021s] -- Symlinking: /home/jeff/theimc_ws/install/slampibot_cartographer/share/slampibot_cartographer/local_setup.bash
[10.031s] -- Symlinking: /home/jeff/theimc_ws/install/slampibot_cartographer/share/slampibot_cartographer/local_setup.sh
[10.042s] -- Symlinking: /home/jeff/theimc_ws/install/slampibot_cartographer/share/slampibot_cartographer/local_setup.zsh
[10.052s] -- Symlinking: /home/jeff/theimc_ws/install/slampibot_cartographer/share/slampibot_cartographer/local_setup.dsv
[10.064s] -- Symlinking: /home/jeff/theimc_ws/install/slampibot_cartographer/share/slampibot_cartographer/package.dsv
[10.075s] -- Symlinking: /home/jeff/theimc_ws/install/slampibot_cartographer/share/ament_index/resource_index/packages/slampibot_cartographer
[10.086s] -- Symlinking: /home/jeff/theimc_ws/install/slampibot_cartographer/share/slampibot_cartographer/cmake/slampibot_cartographerConfig.cmake
[10.098s] -- Symlinking: /home/jeff/theimc_ws/install/slampibot_cartographer/share/slampibot_cartographer/cmake/slampibot_cartographerConfig-version.cmake
[10.108s] -- Symlinking: /home/jeff/theimc_ws/install/slampibot_cartographer/share/slampibot_cartographer/package.xml
[10.123s] Invoked command in '/home/jeff/theimc_ws/build/slampibot_cartographer' returned '0': CMAKE_PREFIX_PATH=${CMAKE_PREFIX_PATH}:/home/jeff/theimc_ws/install/theimc_teleop:/opt/ros/humble /usr/bin/cmake --install /home/jeff/theimc_ws/build/slampibot_cartographer
