[0.421s] Invoking command in '/home/jeff/theimc_ws/build/theimc_cartographer': CMAKE_PREFIX_PATH=${CMAKE_PREFIX_PATH}:/home/jeff/theimc_ws/install/theimc_teleop:/opt/ros/humble /usr/bin/cmake /home/jeff/theimc_ws/src/theimc/theimc_cartographer -DAMENT_CMAKE_SYMLINK_INSTALL=1 -DCMAKE_INSTALL_PREFIX=/home/jeff/theimc_ws/install/theimc_cartographer
[0.519s] -- The C compiler identification is GNU 11.4.0
[0.598s] -- The CXX compiler identification is GNU 11.4.0
[0.609s] -- Detecting C compiler ABI info
[0.703s] -- Detecting C compiler ABI info - done
[0.714s] -- Check for working C compiler: /usr/bin/cc - skipped
[0.715s] -- Detecting C compile features
[0.715s] -- Detecting C compile features - done
[0.720s] -- Detecting CXX compiler ABI info
[0.833s] -- Detecting CXX compiler ABI info - done
[0.844s] -- Check for working CXX compiler: /usr/bin/c++ - skipped
[0.844s] -- Detecting CXX compile features
[0.845s] -- Detecting CXX compile features - done
[0.849s] -- Found ament_cmake: 1.3.11 (/opt/ros/humble/share/ament_cmake/cmake)
[1.194s] -- Found Python3: /usr/bin/python3 (found version "3.10.12") found components: Interpreter 
[1.354s] -- Override CMake install command with custom implementation using symlinks instead of copying resources
[1.434s] -- Found cartographer_ros: 2.0.9002 (/opt/ros/humble/share/cartographer_ros/cmake)
[1.532s] -- Found rosidl_generator_c: 3.1.6 (/opt/ros/humble/share/rosidl_generator_c/cmake)
[1.547s] -- Found rosidl_adapter: 3.1.6 (/opt/ros/humble/share/rosidl_adapter/cmake)
[1.571s] -- Found rosidl_generator_cpp: 3.1.6 (/opt/ros/humble/share/rosidl_generator_cpp/cmake)
[1.606s] -- Using all available rosidl_typesupport_c: rosidl_typesupport_fastrtps_c;rosidl_typesupport_introspection_c
[1.656s] -- Using all available rosidl_typesupport_cpp: rosidl_typesupport_fastrtps_cpp;rosidl_typesupport_introspection_cpp
[2.098s] -- Found Boost: /usr/lib/x86_64-linux-gnu/cmake/Boost-1.74.0/BoostConfig.cmake (found version "1.74.0") found components: iostreams 
[2.427s] -- Found rmw_implementation_cmake: 6.1.2 (/opt/ros/humble/share/rmw_implementation_cmake/cmake)
[2.435s] -- Found rmw_fastrtps_cpp: 6.2.7 (/opt/ros/humble/share/rmw_fastrtps_cpp/cmake)
[2.646s] -- Found OpenSSL: /usr/lib/x86_64-linux-gnu/libcrypto.so (found version "3.0.2")  
[2.699s] -- Found FastRTPS: /opt/ros/humble/include  
[2.765s] -- Using RMW implementation 'rmw_fastrtps_cpp' as default
[2.780s] -- Found Threads: TRUE  
[2.934s] -- Checking for module 'eigen3'
[2.954s] --   Found eigen3, version 3.4.0
[2.999s] -- Found Eigen: /usr/include/eigen3 (Required is at least version "3.1") 
[2.999s] -- Eigen found (include: /usr/include/eigen3, version: 3.4.0)
[3.041s] -- Checking for module 'flann'
[3.060s] --   Found flann, version 1.9.1
[3.114s] -- Found FLANN: /usr/lib/x86_64-linux-gnu/libflann_cpp.so  
[3.114s] -- FLANN found (include: /usr/include, lib: /usr/lib/x86_64-linux-gnu/libflann_cpp.so)
[4.364s] -- Checking for module 'libusb-1.0'
[4.386s] --   Found libusb-1.0, version 1.0.25
[4.444s] -- Found libusb: /usr/lib/x86_64-linux-gnu/libusb-1.0.so  
[4.446s] -- OpenNI found (version: 1.5.4.0, include: /usr/include/ni, lib: /usr/lib/libOpenNI.so;libusb::libusb)
[4.535s] -- OpenNI2 found (version: 2.2.0.33, include: /usr/include/openni2, lib: /usr/lib/x86_64-linux-gnu/libOpenNI2.so;libusb::libusb)
[4.754s] -- Eigen found (include: /usr/include/eigen3, version: 3.4.0)
[4.764s] -- OpenNI found (version: 1.5.4.0, include: /usr/include/ni, lib: /usr/lib/libOpenNI.so;libusb::libusb)
[4.774s] -- OpenNI2 found (version: 2.2.0.33, include: /usr/include/openni2, lib: /usr/lib/x86_64-linux-gnu/libOpenNI2.so;libusb::libusb)
[4.969s] -- Found Qhull version 8.0.2
[5.175s] -- OpenNI found (version: 1.5.4.0, include: /usr/include/ni, lib: /usr/lib/libOpenNI.so;libusb::libusb)
[5.378s] -- Found PCL_COMMON: /usr/lib/x86_64-linux-gnu/libpcl_common.so  
[5.379s] -- Found PCL_KDTREE: /usr/lib/x86_64-linux-gnu/libpcl_kdtree.so  
[5.381s] -- Found PCL_OCTREE: /usr/lib/x86_64-linux-gnu/libpcl_octree.so  
[5.382s] -- Found PCL_SEARCH: /usr/lib/x86_64-linux-gnu/libpcl_search.so  
[5.384s] -- Found PCL_SAMPLE_CONSENSUS: /usr/lib/x86_64-linux-gnu/libpcl_sample_consensus.so  
[5.385s] -- Found PCL_FILTERS: /usr/lib/x86_64-linux-gnu/libpcl_filters.so  
[5.386s] -- Found PCL_2D: /usr/include/pcl-1.12  
[5.386s] -- Found PCL_GEOMETRY: /usr/include/pcl-1.12  
[5.388s] -- Found PCL_IO: /usr/lib/x86_64-linux-gnu/libpcl_io.so  
[5.390s] -- Found PCL_FEATURES: /usr/lib/x86_64-linux-gnu/libpcl_features.so  
[5.391s] -- Found PCL_ML: /usr/lib/x86_64-linux-gnu/libpcl_ml.so  
[5.393s] -- Found PCL_SEGMENTATION: /usr/lib/x86_64-linux-gnu/libpcl_segmentation.so  
[5.394s] -- Found PCL_VISUALIZATION: /usr/lib/x86_64-linux-gnu/libpcl_visualization.so  
[5.396s] -- Found PCL_SURFACE: /usr/lib/x86_64-linux-gnu/libpcl_surface.so  
[5.398s] -- Found PCL_REGISTRATION: /usr/lib/x86_64-linux-gnu/libpcl_registration.so  
[5.399s] -- Found PCL_KEYPOINTS: /usr/lib/x86_64-linux-gnu/libpcl_keypoints.so  
[5.401s] -- Found PCL_TRACKING: /usr/lib/x86_64-linux-gnu/libpcl_tracking.so  
[5.402s] -- Found PCL_RECOGNITION: /usr/lib/x86_64-linux-gnu/libpcl_recognition.so  
[5.404s] -- Found PCL_STEREO: /usr/lib/x86_64-linux-gnu/libpcl_stereo.so  
[5.406s] -- Found PCL_APPS: /usr/lib/x86_64-linux-gnu/libpcl_apps.so  
[5.407s] -- Found PCL_IN_HAND_SCANNER: /usr/include/pcl-1.12  
[5.408s] -- Found PCL_MODELER: /usr/include/pcl-1.12  
[5.408s] -- Found PCL_POINT_CLOUD_EDITOR: /usr/include/pcl-1.12  
[5.410s] -- Found PCL_OUTOFCORE: /usr/lib/x86_64-linux-gnu/libpcl_outofcore.so  
[5.412s] -- Found PCL_PEOPLE: /usr/lib/x86_64-linux-gnu/libpcl_people.so  
[5.672s] -- Found ament_lint_auto: 0.12.12 (/opt/ros/humble/share/ament_lint_auto/cmake)
[5.790s] -- Added test 'flake8' to check Python code syntax and style conventions
[5.791s] -- Added test 'lint_cmake' to check CMake code style
[5.791s] -- Added test 'pep257' to check Python code against some of the docstring style conventions in PEP 257
[5.793s] -- Added test 'xmllint' to check XML markup files
[5.795s] -- Configuring done
[5.807s] -- Generating done
[5.812s] -- Build files have been written to: /home/jeff/theimc_ws/build/theimc_cartographer
[5.839s] Invoked command in '/home/jeff/theimc_ws/build/theimc_cartographer' returned '0': CMAKE_PREFIX_PATH=${CMAKE_PREFIX_PATH}:/home/jeff/theimc_ws/install/theimc_teleop:/opt/ros/humble /usr/bin/cmake /home/jeff/theimc_ws/src/theimc/theimc_cartographer -DAMENT_CMAKE_SYMLINK_INSTALL=1 -DCMAKE_INSTALL_PREFIX=/home/jeff/theimc_ws/install/theimc_cartographer
[5.842s] Invoking command in '/home/jeff/theimc_ws/build/theimc_cartographer': CMAKE_PREFIX_PATH=${CMAKE_PREFIX_PATH}:/home/jeff/theimc_ws/install/theimc_teleop:/opt/ros/humble /usr/bin/cmake --build /home/jeff/theimc_ws/build/theimc_cartographer -- -j4 -l4
[5.895s] Invoked command in '/home/jeff/theimc_ws/build/theimc_cartographer' returned '0': CMAKE_PREFIX_PATH=${CMAKE_PREFIX_PATH}:/home/jeff/theimc_ws/install/theimc_teleop:/opt/ros/humble /usr/bin/cmake --build /home/jeff/theimc_ws/build/theimc_cartographer -- -j4 -l4
[5.898s] Invoking command in '/home/jeff/theimc_ws/build/theimc_cartographer': CMAKE_PREFIX_PATH=${CMAKE_PREFIX_PATH}:/home/jeff/theimc_ws/install/theimc_teleop:/opt/ros/humble /usr/bin/cmake --install /home/jeff/theimc_ws/build/theimc_cartographer
[5.910s] -- Install configuration: ""
[5.911s] -- Execute custom install script
[5.912s] -- Symlinking: /home/jeff/theimc_ws/install/theimc_cartographer/share/theimc_cartographer/params/spb_cartographer.lua
[5.925s] -- Symlinking: /home/jeff/theimc_ws/install/theimc_cartographer/share/theimc_cartographer/launch/theimc_cartographer.launch.py
[5.938s] -- Symlinking: /home/jeff/theimc_ws/install/theimc_cartographer/share/theimc_cartographer/rviz/theimc_cartographer.rviz
[5.951s] -- Symlinking: /home/jeff/theimc_ws/install/theimc_cartographer/share/ament_index/resource_index/package_run_dependencies/theimc_cartographer
[5.964s] -- Symlinking: /home/jeff/theimc_ws/install/theimc_cartographer/share/ament_index/resource_index/parent_prefix_path/theimc_cartographer
[5.976s] -- Symlinking: /home/jeff/theimc_ws/install/theimc_cartographer/share/theimc_cartographer/environment/ament_prefix_path.sh
[5.989s] -- Symlinking: /home/jeff/theimc_ws/install/theimc_cartographer/share/theimc_cartographer/environment/ament_prefix_path.dsv
[6.002s] -- Symlinking: /home/jeff/theimc_ws/install/theimc_cartographer/share/theimc_cartographer/environment/path.sh
[6.014s] -- Symlinking: /home/jeff/theimc_ws/install/theimc_cartographer/share/theimc_cartographer/environment/path.dsv
[6.027s] -- Symlinking: /home/jeff/theimc_ws/install/theimc_cartographer/share/theimc_cartographer/local_setup.bash
[6.040s] -- Symlinking: /home/jeff/theimc_ws/install/theimc_cartographer/share/theimc_cartographer/local_setup.sh
[6.052s] -- Symlinking: /home/jeff/theimc_ws/install/theimc_cartographer/share/theimc_cartographer/local_setup.zsh
[6.064s] -- Symlinking: /home/jeff/theimc_ws/install/theimc_cartographer/share/theimc_cartographer/local_setup.dsv
[6.076s] -- Symlinking: /home/jeff/theimc_ws/install/theimc_cartographer/share/theimc_cartographer/package.dsv
[6.089s] -- Symlinking: /home/jeff/theimc_ws/install/theimc_cartographer/share/ament_index/resource_index/packages/theimc_cartographer
[6.103s] -- Symlinking: /home/jeff/theimc_ws/install/theimc_cartographer/share/theimc_cartographer/cmake/theimc_cartographerConfig.cmake
[6.115s] -- Symlinking: /home/jeff/theimc_ws/install/theimc_cartographer/share/theimc_cartographer/cmake/theimc_cartographerConfig-version.cmake
[6.127s] -- Symlinking: /home/jeff/theimc_ws/install/theimc_cartographer/share/theimc_cartographer/package.xml
[6.144s] Invoked command in '/home/jeff/theimc_ws/build/theimc_cartographer' returned '0': CMAKE_PREFIX_PATH=${CMAKE_PREFIX_PATH}:/home/jeff/theimc_ws/install/theimc_teleop:/opt/ros/humble /usr/bin/cmake --install /home/jeff/theimc_ws/build/theimc_cartographer
